<?xml version="1.0" encoding="utf-8"?>
<TestRun id="98139088-43cc-4488-83eb-201dc7b8fcba" name="nasoni@NASONI-Z422 2019-11-20 16:36:52" runUser="REDMOND\nasoni" xmlns="http://microsoft.com/schemas/VisualStudio/TeamTest/2010">
  <Times creation="2019-11-20T16:36:52.1831781-08:00" queuing="2019-11-20T16:36:52.1831798-08:00" start="2019-11-20T16:36:47.0013907-08:00" finish="2019-11-20T16:36:56.1995980-08:00" />
  <TestSettings name="default" id="70f5a5cb-ff1c-41ad-941e-302161c028ea">
    <Deployment runDeploymentRoot="nasoni_NASONI-Z422_2019-11-20_16_36_52" />
  </TestSettings>
  <Results>
    <UnitTestResult executionId="f96f20d0-ab08-4861-98ac-399fec8b99ae" testId="d29c38c5-cda9-71df-9512-4f03f668c2b1" testName="Azure.Functions.Cli.Tests.E2E.SettingsTests.add_setting_plain_text" computerName="NASONI-Z422" duration="00:00:00.0040000" startTime="2019-11-20T16:36:55.9810492-08:00" endTime="2019-11-20T16:36:55.9810545-08:00" testType="13cdc9d9-ddb5-4fa4-a97d-d965ccfc6d4b" outcome="Failed" testListId="8c84fa94-04c1-424b-9868-57a2d4851a1d" relativeResultsDirectory="f96f20d0-ab08-4861-98ac-399fec8b99ae">
      <Output>
        <StdOut>stdout: Running: &gt;  init . --worker-runtime node</StdOut>
        <ErrorInfo>
          <Message>System.InvalidOperationException : Cannot start process because a file name has not been provided.</Message>
          <StackTrace>   at System.Diagnostics.Process.Start()&#xD;
   at Azure.Functions.Cli.Common.Executable.RunAsync(Action`1 outputCallback, Action`1 errorCallback, Nullable`1 timeout, String stdIn) in D:\azureFun\azure-functions-core-tools\src\Azure.Functions.Cli\Common\Executable.cs:line 80&#xD;
   at Azure.Functions.Cli.Tests.E2E.Helpers.CliTester.InternalRun(String workingDir, RunConfiguration[] runConfigurations, ITestOutputHelper output, Boolean startHost) in d:\azureFun\azure-functions-core-tools\test\Azure.Functions.Cli.Tests\E2E\Helpers\CliTester.cs:line 85&#xD;
   at Azure.Functions.Cli.Tests.E2E.Helpers.CliTester.Run(RunConfiguration[] runConfigurations, ITestOutputHelper output, String workingDir, Boolean startHost) in d:\azureFun\azure-functions-core-tools\test\Azure.Functions.Cli.Tests\E2E\Helpers\CliTester.cs:line 35&#xD;
   at Azure.Functions.Cli.Tests.E2E.SettingsTests.add_setting_plain_text() in d:\azureFun\azure-functions-core-tools\test\Azure.Functions.Cli.Tests\E2E\SettingsTests.cs:line 17&#xD;
--- End of stack trace from previous location where exception was thrown ---</StackTrace>
        </ErrorInfo>
      </Output>
    </UnitTestResult>
    <UnitTestResult executionId="6658cf9e-9326-4041-b1e7-3bdf15b75e4b" testId="5480cfa5-672c-afd5-9827-476a9f08cb3b" testName="Azure.Functions.Cli.Tests.ActionsTests.ResolveActionTests.ResolveCommandLineCorrectly(args: &quot;durable start-new --function-name functostart --co&quot;..., returnType: typeof(Azure.Functions.Cli.Actions.DurableActions.DurableStartNew))" computerName="NASONI-Z422" duration="00:00:00.0030000" startTime="2019-11-20T16:36:52.1498473-08:00" endTime="2019-11-20T16:36:52.1498479-08:00" testType="13cdc9d9-ddb5-4fa4-a97d-d965ccfc6d4b" outcome="Passed" testListId="8c84fa94-04c1-424b-9868-57a2d4851a1d" relativeResultsDirectory="6658cf9e-9326-4041-b1e7-3bdf15b75e4b" />
    <UnitTestResult executionId="5fa78591-aea1-48cf-995e-dc6d50ce5557" testId="6a345911-baa6-bb56-bc12-24864aefd6f7" testName="Azure.Functions.Cli.Tests.KubernetesHelperUnitTests.PopulateMetadataDictionary_CorrectlyPopulatesRabbitMQMetadata" computerName="NASONI-Z422" duration="00:00:00.0160000" startTime="2019-11-20T16:36:52.9113665-08:00" endTime="2019-11-20T16:36:52.9113700-08:00" testType="13cdc9d9-ddb5-4fa4-a97d-d965ccfc6d4b" outcome="Passed" testListId="8c84fa94-04c1-424b-9868-57a2d4851a1d" relativeResultsDirectory="5fa78591-aea1-48cf-995e-dc6d50ce5557" />
    <UnitTestResult executionId="2f3e45da-a65f-4e90-b1d9-d342a88b82a6" testId="4439d28f-70dc-fe99-d774-89dccfddc844" testName="Azure.Functions.Cli.Tests.ActionsTests.ResolveActionTests.ResolveCommandLineCorrectly(args: &quot;durable raise-event --id ab1b5de4c5a9450eafa5a4cf2&quot;..., returnType: typeof(Azure.Functions.Cli.Actions.DurableActions.DurableRaiseEvent))" computerName="NASONI-Z422" duration="00:00:00.0030000" startTime="2019-11-20T16:36:52.1496127-08:00" endTime="2019-11-20T16:36:52.1496135-08:00" testType="13cdc9d9-ddb5-4fa4-a97d-d965ccfc6d4b" outcome="Passed" testListId="8c84fa94-04c1-424b-9868-57a2d4851a1d" relativeResultsDirectory="2f3e45da-a65f-4e90-b1d9-d342a88b82a6" />
    <UnitTestResult executionId="eae2d659-78c5-44b4-bd43-c5d0530ab40c" testId="5ec44c78-1dd9-61eb-ff84-a8ba6e3dfc0d" testName="Azure.Functions.Cli.Tests.E2E.CreateFunctionTests.create_typescript_template_blob" computerName="NASONI-Z422" duration="00:00:00.0030000" startTime="2019-11-20T16:36:55.8859700-08:00" endTime="2019-11-20T16:36:55.8859735-08:00" testType="13cdc9d9-ddb5-4fa4-a97d-d965ccfc6d4b" outcome="Failed" testListId="8c84fa94-04c1-424b-9868-57a2d4851a1d" relativeResultsDirectory="eae2d659-78c5-44b4-bd43-c5d0530ab40c">
      <Output>
        <StdOut>stdout: Running: &gt;  init . --worker-runtime node --language typescript</StdOut>
        <ErrorInfo>
          <Message>System.InvalidOperationException : Cannot start process because a file name has not been provided.</Message>
          <StackTrace>   at System.Diagnostics.Process.Start()&#xD;
   at Azure.Functions.Cli.Common.Executable.RunAsync(Action`1 outputCallback, Action`1 errorCallback, Nullable`1 timeout, String stdIn) in D:\azureFun\azure-functions-core-tools\src\Azure.Functions.Cli\Common\Executable.cs:line 80&#xD;
   at Azure.Functions.Cli.Tests.E2E.Helpers.CliTester.InternalRun(String workingDir, RunConfiguration[] runConfigurations, ITestOutputHelper output, Boolean startHost) in d:\azureFun\azure-functions-core-tools\test\Azure.Functions.Cli.Tests\E2E\Helpers\CliTester.cs:line 85&#xD;
   at Azure.Functions.Cli.Tests.E2E.Helpers.CliTester.Run(RunConfiguration[] runConfigurations, ITestOutputHelper output, String workingDir, Boolean startHost) in d:\azureFun\azure-functions-core-tools\test\Azure.Functions.Cli.Tests\E2E\Helpers\CliTester.cs:line 35&#xD;
   at Azure.Functions.Cli.Tests.E2E.CreateFunctionTests.create_typescript_template_blob() in d:\azureFun\azure-functions-core-tools\test\Azure.Functions.Cli.Tests\E2E\CreateFunctionTests.cs:line 142&#xD;
--- End of stack trace from previous location where exception was thrown ---</StackTrace>
        </ErrorInfo>
      </Output>
    </UnitTestResult>
    <UnitTestResult executionId="7af3cfce-68f3-4141-8d65-f5e012145a12" testId="3e1eb9e1-0a7c-22e4-6b5b-723382f1a0b6" testName="Azure.Functions.Cli.Tests.ExtensionsTests.TaskExtensionsTests.IgnoreFailuteOfTTest" computerName="NASONI-Z422" duration="00:00:00.0020000" startTime="2019-11-20T16:36:56.0310462-08:00" endTime="2019-11-20T16:36:56.0310488-08:00" testType="13cdc9d9-ddb5-4fa4-a97d-d965ccfc6d4b" outcome="Passed" testListId="8c84fa94-04c1-424b-9868-57a2d4851a1d" relativeResultsDirectory="7af3cfce-68f3-4141-8d65-f5e012145a12" />
    <UnitTestResult executionId="d3b6e0c3-6605-4f76-8e60-deffe5cbc257" testId="243afa11-a217-684f-45f4-4db9da54a65f" testName="Azure.Functions.Cli.Tests.E2E.DurableTests.DurablePurgeHistoryTest" computerName="NASONI-Z422" duration="00:00:00.0010000" startTime="2019-11-20T16:36:53.2473424-08:00" endTime="2019-11-20T16:36:53.2473446-08:00" testType="13cdc9d9-ddb5-4fa4-a97d-d965ccfc6d4b" outcome="NotExecuted" testListId="8c84fa94-04c1-424b-9868-57a2d4851a1d" relativeResultsDirectory="d3b6e0c3-6605-4f76-8e60-deffe5cbc257">
      <Output>
        <StdOut>Durable E2E tests need a storage account connection</StdOut>
      </Output>
    </UnitTestResult>
    <UnitTestResult executionId="c19bb434-aa6d-42c3-b0c0-ca3c46a06fe0" testId="b18fbdec-013f-79ea-88e2-b50f8c06118d" testName="Azure.Functions.Cli.Tests.ExtensionsTests.StringExtensionsTests.TestSanitizeImageNameWithBadFormatSanitizeOutput(input: &quot;#So-Pretty !/^Good|'Name{}&quot;, expected: &quot;soprettygoodname&quot;)" computerName="NASONI-Z422" duration="00:00:00.0010000" startTime="2019-11-20T16:36:55.8746147-08:00" endTime="2019-11-20T16:36:55.8746153-08:00" testType="13cdc9d9-ddb5-4fa4-a97d-d965ccfc6d4b" outcome="Passed" testListId="8c84fa94-04c1-424b-9868-57a2d4851a1d" relativeResultsDirectory="c19bb434-aa6d-42c3-b0c0-ca3c46a06fe0" />
    <UnitTestResult executionId="e600212c-09fb-4bdc-9229-9a7dc02154ce" testId="c387f225-0790-f7e1-1cd0-6c7ac67b2543" testName="Azure.Functions.Cli.Tests.E2E.InitTests.init_python_app_twice" computerName="NASONI-Z422" duration="00:00:00.0030000" startTime="2019-11-20T16:36:55.7609068-08:00" endTime="2019-11-20T16:36:55.7609108-08:00" testType="13cdc9d9-ddb5-4fa4-a97d-d965ccfc6d4b" outcome="Failed" testListId="8c84fa94-04c1-424b-9868-57a2d4851a1d" relativeResultsDirectory="e600212c-09fb-4bdc-9229-9a7dc02154ce">
      <Output>
        <StdOut>stdout: Running: &gt;  init "anapp" --worker-runtime python</StdOut>
        <ErrorInfo>
          <Message>System.InvalidOperationException : Cannot start process because a file name has not been provided.</Message>
          <StackTrace>   at System.Diagnostics.Process.Start()&#xD;
   at Azure.Functions.Cli.Common.Executable.RunAsync(Action`1 outputCallback, Action`1 errorCallback, Nullable`1 timeout, String stdIn) in D:\azureFun\azure-functions-core-tools\src\Azure.Functions.Cli\Common\Executable.cs:line 80&#xD;
   at Azure.Functions.Cli.Tests.E2E.Helpers.CliTester.InternalRun(String workingDir, RunConfiguration[] runConfigurations, ITestOutputHelper output, Boolean startHost) in d:\azureFun\azure-functions-core-tools\test\Azure.Functions.Cli.Tests\E2E\Helpers\CliTester.cs:line 85&#xD;
   at Azure.Functions.Cli.Tests.E2E.Helpers.CliTester.Run(RunConfiguration[] runConfigurations, ITestOutputHelper output, String workingDir, Boolean startHost) in d:\azureFun\azure-functions-core-tools\test\Azure.Functions.Cli.Tests\E2E\Helpers\CliTester.cs:line 35&#xD;
--- End of stack trace from previous location where exception was thrown ---</StackTrace>
        </ErrorInfo>
      </Output>
    </UnitTestResult>
    <UnitTestResult executionId="02a44922-39f3-4fe7-850b-1e3b9873dcf5" testId="32fd11f1-90f8-e21b-1f8a-ed7125fc0efb" testName="Azure.Functions.Cli.Tests.E2E.InitTests.init_docker_only_for_existing_project(workerRuntime: &quot;node&quot;)" computerName="NASONI-Z422" duration="00:00:00.0020000" startTime="2019-11-20T16:36:55.7858010-08:00" endTime="2019-11-20T16:36:55.7858048-08:00" testType="13cdc9d9-ddb5-4fa4-a97d-d965ccfc6d4b" outcome="Failed" testListId="8c84fa94-04c1-424b-9868-57a2d4851a1d" relativeResultsDirectory="02a44922-39f3-4fe7-850b-1e3b9873dcf5">
      <Output>
        <StdOut>stdout: Running: &gt;  init . --worker-runtime node</StdOut>
        <ErrorInfo>
          <Message>System.InvalidOperationException : Cannot start process because a file name has not been provided.</Message>
          <StackTrace>   at System.Diagnostics.Process.Start()&#xD;
   at Azure.Functions.Cli.Common.Executable.RunAsync(Action`1 outputCallback, Action`1 errorCallback, Nullable`1 timeout, String stdIn) in D:\azureFun\azure-functions-core-tools\src\Azure.Functions.Cli\Common\Executable.cs:line 80&#xD;
   at Azure.Functions.Cli.Tests.E2E.Helpers.CliTester.InternalRun(String workingDir, RunConfiguration[] runConfigurations, ITestOutputHelper output, Boolean startHost) in d:\azureFun\azure-functions-core-tools\test\Azure.Functions.Cli.Tests\E2E\Helpers\CliTester.cs:line 85&#xD;
   at Azure.Functions.Cli.Tests.E2E.Helpers.CliTester.Run(RunConfiguration[] runConfigurations, ITestOutputHelper output, String workingDir, Boolean startHost) in d:\azureFun\azure-functions-core-tools\test\Azure.Functions.Cli.Tests\E2E\Helpers\CliTester.cs:line 35&#xD;
--- End of stack trace from previous location where exception was thrown ---</StackTrace>
        </ErrorInfo>
      </Output>
    </UnitTestResult>
    <UnitTestResult executionId="4fb82e70-0994-442b-8e63-74887d235489" testId="aa1df594-40d4-e137-cd98-d22b8508a548" testName="Azure.Functions.Cli.Tests.E2E.StartTests.start_nodejs" computerName="NASONI-Z422" duration="00:00:00.0030000" startTime="2019-11-20T16:36:55.9977177-08:00" endTime="2019-11-20T16:36:55.9977215-08:00" testType="13cdc9d9-ddb5-4fa4-a97d-d965ccfc6d4b" outcome="Failed" testListId="8c84fa94-04c1-424b-9868-57a2d4851a1d" relativeResultsDirectory="4fb82e70-0994-442b-8e63-74887d235489">
      <Output>
        <StdOut>stdout: Running: &gt;  init . --worker-runtime node</StdOut>
        <ErrorInfo>
          <Message>System.InvalidOperationException : Cannot start process because a file name has not been provided.</Message>
          <StackTrace>   at System.Diagnostics.Process.Start()&#xD;
   at Azure.Functions.Cli.Common.Executable.RunAsync(Action`1 outputCallback, Action`1 errorCallback, Nullable`1 timeout, String stdIn) in D:\azureFun\azure-functions-core-tools\src\Azure.Functions.Cli\Common\Executable.cs:line 80&#xD;
   at Azure.Functions.Cli.Tests.E2E.Helpers.CliTester.InternalRun(String workingDir, RunConfiguration[] runConfigurations, ITestOutputHelper output, Boolean startHost) in d:\azureFun\azure-functions-core-tools\test\Azure.Functions.Cli.Tests\E2E\Helpers\CliTester.cs:line 85&#xD;
   at Azure.Functions.Cli.Tests.E2E.Helpers.CliTester.Run(RunConfiguration[] runConfigurations, ITestOutputHelper output, String workingDir, Boolean startHost) in d:\azureFun\azure-functions-core-tools\test\Azure.Functions.Cli.Tests\E2E\Helpers\CliTester.cs:line 35&#xD;
   at Azure.Functions.Cli.Tests.E2E.StartTests.start_nodejs() in d:\azureFun\azure-functions-core-tools\test\Azure.Functions.Cli.Tests\E2E\StartTests.cs:line 25&#xD;
--- End of stack trace from previous location where exception was thrown ---</StackTrace>
        </ErrorInfo>
      </Output>
    </UnitTestResult>
    <UnitTestResult executionId="dc43b1ad-efb1-45f7-b9ed-12a4e95cac29" testId="1f139edb-3deb-53fc-282b-42dee878aa2d" testName="Azure.Functions.Cli.Tests.ActionsTests.ResolveActionTests.ResolveCommandLineCorrectly(args: &quot;azure login&quot;, returnType: typeof(Azure.Functions.Cli.Actions.AzureActions.DeprecatedAzureActions))" computerName="NASONI-Z422" duration="00:00:00.0010000" startTime="2019-11-20T16:36:52.1054779-08:00" endTime="2019-11-20T16:36:52.1054808-08:00" testType="13cdc9d9-ddb5-4fa4-a97d-d965ccfc6d4b" outcome="Passed" testListId="8c84fa94-04c1-424b-9868-57a2d4851a1d" relativeResultsDirectory="dc43b1ad-efb1-45f7-b9ed-12a4e95cac29" />
    <UnitTestResult executionId="ae4390ae-9a62-4eb1-93ea-6e236f413dac" testId="e542b29f-26d5-de41-c655-0b8a6a89cc04" testName="Azure.Functions.Cli.Tests.ExtensionsTests.StringExtensionsTests.TestSanitizeImageNameWithBadInputValueThrowArgumentException(input: &quot;&quot;)" computerName="NASONI-Z422" duration="00:00:00.0020000" startTime="2019-11-20T16:36:55.8731226-08:00" endTime="2019-11-20T16:36:55.8731255-08:00" testType="13cdc9d9-ddb5-4fa4-a97d-d965ccfc6d4b" outcome="Passed" testListId="8c84fa94-04c1-424b-9868-57a2d4851a1d" relativeResultsDirectory="ae4390ae-9a62-4eb1-93ea-6e236f413dac" />
    <UnitTestResult executionId="88bddec9-a145-4bdb-b35d-0017a513ad16" testId="ea6f65dc-9275-f99e-62e6-abbb3e61cb1a" testName="Azure.Functions.Cli.Tests.ExtensionsTests.InstallExtensionsTests.bundlesconfiguredbydefault_no_action" computerName="NASONI-Z422" duration="00:00:00.0020000" startTime="2019-11-20T16:36:55.8214193-08:00" endTime="2019-11-20T16:36:55.8214224-08:00" testType="13cdc9d9-ddb5-4fa4-a97d-d965ccfc6d4b" outcome="Failed" testListId="8c84fa94-04c1-424b-9868-57a2d4851a1d" relativeResultsDirectory="88bddec9-a145-4bdb-b35d-0017a513ad16">
      <Output>
        <StdOut>stdout: Running: &gt;  init . --worker-runtime node</StdOut>
        <ErrorInfo>
          <Message>System.InvalidOperationException : Cannot start process because a file name has not been provided.</Message>
          <StackTrace>   at System.Diagnostics.Process.Start()&#xD;
   at Azure.Functions.Cli.Common.Executable.RunAsync(Action`1 outputCallback, Action`1 errorCallback, Nullable`1 timeout, String stdIn) in D:\azureFun\azure-functions-core-tools\src\Azure.Functions.Cli\Common\Executable.cs:line 80&#xD;
   at Azure.Functions.Cli.Tests.E2E.Helpers.CliTester.InternalRun(String workingDir, RunConfiguration[] runConfigurations, ITestOutputHelper output, Boolean startHost) in d:\azureFun\azure-functions-core-tools\test\Azure.Functions.Cli.Tests\E2E\Helpers\CliTester.cs:line 85&#xD;
   at Azure.Functions.Cli.Tests.E2E.Helpers.CliTester.Run(RunConfiguration[] runConfigurations, ITestOutputHelper output, String workingDir, Boolean startHost) in d:\azureFun\azure-functions-core-tools\test\Azure.Functions.Cli.Tests\E2E\Helpers\CliTester.cs:line 35&#xD;
--- End of stack trace from previous location where exception was thrown ---</StackTrace>
        </ErrorInfo>
      </Output>
    </UnitTestResult>
    <UnitTestResult executionId="5786093b-904f-4203-8280-07a9bbf44df2" testId="d3e2b2b4-a0da-2c83-b0d5-a550b30023fe" testName="Azure.Functions.Cli.Tests.E2E.InitTests.init_csx_app" computerName="NASONI-Z422" duration="00:00:00.0020000" startTime="2019-11-20T16:36:55.8019344-08:00" endTime="2019-11-20T16:36:55.8019389-08:00" testType="13cdc9d9-ddb5-4fa4-a97d-d965ccfc6d4b" outcome="Failed" testListId="8c84fa94-04c1-424b-9868-57a2d4851a1d" relativeResultsDirectory="5786093b-904f-4203-8280-07a9bbf44df2">
      <Output>
        <StdOut>stdout: Running: &gt;  init . --worker-runtime dotnet --csx</StdOut>
        <ErrorInfo>
          <Message>System.InvalidOperationException : Cannot start process because a file name has not been provided.</Message>
          <StackTrace>   at System.Diagnostics.Process.Start()&#xD;
   at Azure.Functions.Cli.Common.Executable.RunAsync(Action`1 outputCallback, Action`1 errorCallback, Nullable`1 timeout, String stdIn) in D:\azureFun\azure-functions-core-tools\src\Azure.Functions.Cli\Common\Executable.cs:line 80&#xD;
   at Azure.Functions.Cli.Tests.E2E.Helpers.CliTester.InternalRun(String workingDir, RunConfiguration[] runConfigurations, ITestOutputHelper output, Boolean startHost) in d:\azureFun\azure-functions-core-tools\test\Azure.Functions.Cli.Tests\E2E\Helpers\CliTester.cs:line 85&#xD;
   at Azure.Functions.Cli.Tests.E2E.Helpers.CliTester.Run(RunConfiguration[] runConfigurations, ITestOutputHelper output, String workingDir, Boolean startHost) in d:\azureFun\azure-functions-core-tools\test\Azure.Functions.Cli.Tests\E2E\Helpers\CliTester.cs:line 35&#xD;
--- End of stack trace from previous location where exception was thrown ---</StackTrace>
        </ErrorInfo>
      </Output>
    </UnitTestResult>
    <UnitTestResult executionId="9592301f-55c6-4310-a6b0-5973e4bcdbe0" testId="d3efb588-decb-06e0-f771-066ffc0bd47f" testName="Azure.Functions.Cli.Helpers.Tests.AzureHelperTests.GetFunctionKeyTest(key: &quot;another-key&quot;, value: &quot;another-value&quot;)" computerName="NASONI-Z422" duration="00:00:00.0010000" startTime="2019-11-20T16:36:55.9715541-08:00" endTime="2019-11-20T16:36:55.9715571-08:00" testType="13cdc9d9-ddb5-4fa4-a97d-d965ccfc6d4b" outcome="Passed" testListId="8c84fa94-04c1-424b-9868-57a2d4851a1d" relativeResultsDirectory="9592301f-55c6-4310-a6b0-5973e4bcdbe0" />
    <UnitTestResult executionId="759ad54a-934e-48df-b314-52a86f8ef610" testId="b0a4c0b0-a820-e1ec-cdfe-6a7b63dcbff5" testName="Azure.Functions.Cli.Tests.GitIgnoreParserTests.AcceptShouldAcceptNestedUnignoredFilesInIgnoredDirectories" computerName="NASONI-Z422" duration="00:00:00.0010000" startTime="2019-11-20T16:36:53.2329843-08:00" endTime="2019-11-20T16:36:53.2329857-08:00" testType="13cdc9d9-ddb5-4fa4-a97d-d965ccfc6d4b" outcome="Passed" testListId="8c84fa94-04c1-424b-9868-57a2d4851a1d" relativeResultsDirectory="759ad54a-934e-48df-b314-52a86f8ef610" />
    <UnitTestResult executionId="85fffa5b-090b-462c-8cc7-9e85fe8d9842" testId="64553088-4447-d029-5ddd-71bd5cd0aa46" testName="Azure.Functions.Cli.Helpers.Tests.AzureHelperTests.GetFunctionKeyTest(key: &quot;default&quot;, value: &quot;default-value&quot;)" computerName="NASONI-Z422" duration="00:00:00.0680000" startTime="2019-11-20T16:36:55.9709472-08:00" endTime="2019-11-20T16:36:55.9709540-08:00" testType="13cdc9d9-ddb5-4fa4-a97d-d965ccfc6d4b" outcome="Passed" testListId="8c84fa94-04c1-424b-9868-57a2d4851a1d" relativeResultsDirectory="85fffa5b-090b-462c-8cc7-9e85fe8d9842" />
    <UnitTestResult executionId="7c44c3db-39e0-41b3-afe5-40c9e30b26ec" testId="9089a251-6020-8d31-3d3f-1e5408cf5fa2" testName="Azure.Functions.Cli.Tests.ActionsTests.ResolveActionTests.ResolveCommandLineCorrectly(args: &quot;azure account set accountName&quot;, returnType: typeof(Azure.Functions.Cli.Actions.AzureActions.DeprecatedAzureActions))" computerName="NASONI-Z422" duration="00:00:00.0030000" startTime="2019-11-20T16:36:52.1638066-08:00" endTime="2019-11-20T16:36:52.1638096-08:00" testType="13cdc9d9-ddb5-4fa4-a97d-d965ccfc6d4b" outcome="Passed" testListId="8c84fa94-04c1-424b-9868-57a2d4851a1d" relativeResultsDirectory="7c44c3db-39e0-41b3-afe5-40c9e30b26ec" />
    <UnitTestResult executionId="e471a7e0-9b0b-4338-a83a-5da51202328d" testId="ebf99807-6835-8622-f4cc-14a2fe7f032c" testName="Azure.Functions.Cli.Tests.ActionsTests.ResolveActionTests.ResolveCommandLineCorrectly(args: &quot;azure functionapp logstream appName&quot;, returnType: typeof(Azure.Functions.Cli.Actions.AzureActions.LogStreamAction))" computerName="NASONI-Z422" duration="00:00:00.0060000" startTime="2019-11-20T16:36:52.1009108-08:00" endTime="2019-11-20T16:36:52.1009133-08:00" testType="13cdc9d9-ddb5-4fa4-a97d-d965ccfc6d4b" outcome="Passed" testListId="8c84fa94-04c1-424b-9868-57a2d4851a1d" relativeResultsDirectory="e471a7e0-9b0b-4338-a83a-5da51202328d" />
    <UnitTestResult executionId="346f22d7-7a7b-4d7a-b00d-b842a199c6f9" testId="2eff687e-3e02-145a-61e4-bda0ef838985" testName="Azure.Functions.Cli.Tests.ActionsTests.ResolveActionTests.ResolveCommandLineCorrectly(args: &quot;--help&quot;, returnType: typeof(Azure.Functions.Cli.Actions.HelpAction))" computerName="NASONI-Z422" duration="00:00:00.0010000" startTime="2019-11-20T16:36:52.2296496-08:00" endTime="2019-11-20T16:36:52.2296511-08:00" testType="13cdc9d9-ddb5-4fa4-a97d-d965ccfc6d4b" outcome="Passed" testListId="8c84fa94-04c1-424b-9868-57a2d4851a1d" relativeResultsDirectory="346f22d7-7a7b-4d7a-b00d-b842a199c6f9" />
    <UnitTestResult executionId="4f0d81de-6095-497d-96f0-316dfc521bbb" testId="dbcfb085-f35e-3e6c-7da7-020156e9943f" testName="Azure.Functions.Cli.Tests.E2E.DurableTests.DurableRaiseEventTest_FileInput" computerName="NASONI-Z422" duration="00:00:00.0010000" startTime="2019-11-20T16:36:53.2396244-08:00" endTime="2019-11-20T16:36:53.2396268-08:00" testType="13cdc9d9-ddb5-4fa4-a97d-d965ccfc6d4b" outcome="NotExecuted" testListId="8c84fa94-04c1-424b-9868-57a2d4851a1d" relativeResultsDirectory="4f0d81de-6095-497d-96f0-316dfc521bbb">
      <Output>
        <StdOut>Durable E2E tests need a storage account connection</StdOut>
      </Output>
    </UnitTestResult>
    <UnitTestResult executionId="07e990d1-d588-454f-9d92-4fb3bb1e9f11" testId="64decc6b-b7fe-160f-2c00-b9a1ba342d5c" testName="Azure.Functions.Cli.Tests.ActionsTests.ResolveActionTests.ResolveCommandLineCorrectly(args: &quot;azure functionapp --help&quot;, returnType: typeof(Azure.Functions.Cli.Actions.HelpAction))" computerName="NASONI-Z422" duration="00:00:00.0010000" startTime="2019-11-20T16:36:52.1654910-08:00" endTime="2019-11-20T16:36:52.1654927-08:00" testType="13cdc9d9-ddb5-4fa4-a97d-d965ccfc6d4b" outcome="Passed" testListId="8c84fa94-04c1-424b-9868-57a2d4851a1d" relativeResultsDirectory="07e990d1-d588-454f-9d92-4fb3bb1e9f11" />
    <UnitTestResult executionId="b839e865-c02c-4344-88a4-f3281b8bdd4a" testId="9d8b1930-fa6e-f013-0673-eadb1590517a" testName="Azure.Functions.Cli.Tests.E2E.DurableTests.DurableStartNewTest_FileInput" computerName="NASONI-Z422" duration="00:00:00.0010000" startTime="2019-11-20T16:36:53.2381469-08:00" endTime="2019-11-20T16:36:53.2381506-08:00" testType="13cdc9d9-ddb5-4fa4-a97d-d965ccfc6d4b" outcome="NotExecuted" testListId="8c84fa94-04c1-424b-9868-57a2d4851a1d" relativeResultsDirectory="b839e865-c02c-4344-88a4-f3281b8bdd4a">
      <Output>
        <StdOut>Durable E2E tests need a storage account connection</StdOut>
      </Output>
    </UnitTestResult>
    <UnitTestResult executionId="1f4fa8f0-63c7-4787-bd4d-d5306266fc82" testId="e8c5388d-21e7-6efa-364d-9dd6641627ac" testName="Azure.Functions.Cli.Tests.ActionsTests.ResolveActionTests.ResolveCommandLineCorrectly(args: &quot;azure account list&quot;, returnType: typeof(Azure.Functions.Cli.Actions.AzureActions.DeprecatedAzureActions))" computerName="NASONI-Z422" duration="00:00:00.0010000" startTime="2019-11-20T16:36:52.1562961-08:00" endTime="2019-11-20T16:36:52.1562995-08:00" testType="13cdc9d9-ddb5-4fa4-a97d-d965ccfc6d4b" outcome="Passed" testListId="8c84fa94-04c1-424b-9868-57a2d4851a1d" relativeResultsDirectory="1f4fa8f0-63c7-4787-bd4d-d5306266fc82" />
    <UnitTestResult executionId="66b7b136-6ee0-4bfd-8d72-56363bba7cfe" testId="6dae2e53-06b5-d87a-bd2f-628c0e1a23e8" testName="Azure.Functions.Cli.Tests.ActionsTests.ResolveActionTests.ResolveCommandLineCorrectly(args: &quot;azure storage list&quot;, returnType: typeof(Azure.Functions.Cli.Actions.AzureActions.DeprecatedAzureActions))" computerName="NASONI-Z422" duration="00:00:00.0010000" startTime="2019-11-20T16:36:52.1648306-08:00" endTime="2019-11-20T16:36:52.1648324-08:00" testType="13cdc9d9-ddb5-4fa4-a97d-d965ccfc6d4b" outcome="Passed" testListId="8c84fa94-04c1-424b-9868-57a2d4851a1d" relativeResultsDirectory="66b7b136-6ee0-4bfd-8d72-56363bba7cfe" />
    <UnitTestResult executionId="74abd77b-9193-425c-8898-ef3bcd9d66db" testId="77fb56d2-1911-d26c-ecbb-f18f47add1be" testName="Azure.Functions.Cli.Tests.ActionsTests.StartHostActionTests.CheckNonOptionalSettingsPrintsWarningForMissingSettings" computerName="NASONI-Z422" duration="00:00:00.0110000" startTime="2019-11-20T16:36:55.8691992-08:00" endTime="2019-11-20T16:36:55.8692053-08:00" testType="13cdc9d9-ddb5-4fa4-a97d-d965ccfc6d4b" outcome="Passed" testListId="8c84fa94-04c1-424b-9868-57a2d4851a1d" relativeResultsDirectory="74abd77b-9193-425c-8898-ef3bcd9d66db" />
    <UnitTestResult executionId="2c2f4470-5ef5-4100-978d-792e4356392b" testId="42204d7b-dea8-ac96-e080-6b7a82a5585a" testName="Azure.Functions.Cli.Tests.ActionsTests.ResolveActionTests.ResolveCommandLineCorrectly(args: &quot;settings add settingName&quot;, returnType: typeof(Azure.Functions.Cli.Actions.LocalActions.AddSettingAction))" computerName="NASONI-Z422" duration="00:00:00.0020000" startTime="2019-11-20T16:36:52.2199452-08:00" endTime="2019-11-20T16:36:52.2199474-08:00" testType="13cdc9d9-ddb5-4fa4-a97d-d965ccfc6d4b" outcome="Passed" testListId="8c84fa94-04c1-424b-9868-57a2d4851a1d" relativeResultsDirectory="2c2f4470-5ef5-4100-978d-792e4356392b" />
    <UnitTestResult executionId="3678debd-084d-4a08-98f2-dbc02bad2083" testId="cb297182-8b61-50c8-d2e2-3cfe085c978e" testName="Azure.Functions.Cli.Tests.GitIgnoreParserTests.DeniesShouldDenyTheGivenFilenames" computerName="NASONI-Z422" duration="00:00:00.0010000" startTime="2019-11-20T16:36:53.2354089-08:00" endTime="2019-11-20T16:36:53.2354112-08:00" testType="13cdc9d9-ddb5-4fa4-a97d-d965ccfc6d4b" outcome="Passed" testListId="8c84fa94-04c1-424b-9868-57a2d4851a1d" relativeResultsDirectory="3678debd-084d-4a08-98f2-dbc02bad2083" />
    <UnitTestResult executionId="1c0c2891-39a4-4917-ba79-9934830f459e" testId="f70ac6cd-8de9-88a7-33a1-1b7730f15db8" testName="Azure.Functions.Cli.Tests.E2E.InitTests.init_with_worker_runtime(workerRuntime: &quot;java&quot;)" computerName="NASONI-Z422" duration="00:00:00.0030000" startTime="2019-11-20T16:36:55.7721966-08:00" endTime="2019-11-20T16:36:55.7722025-08:00" testType="13cdc9d9-ddb5-4fa4-a97d-d965ccfc6d4b" outcome="Failed" testListId="8c84fa94-04c1-424b-9868-57a2d4851a1d" relativeResultsDirectory="1c0c2891-39a4-4917-ba79-9934830f459e">
      <Output>
        <StdOut>stdout: Running: &gt;  init . --worker-runtime java</StdOut>
        <ErrorInfo>
          <Message>System.InvalidOperationException : Cannot start process because a file name has not been provided.</Message>
          <StackTrace>   at System.Diagnostics.Process.Start()&#xD;
   at Azure.Functions.Cli.Common.Executable.RunAsync(Action`1 outputCallback, Action`1 errorCallback, Nullable`1 timeout, String stdIn) in D:\azureFun\azure-functions-core-tools\src\Azure.Functions.Cli\Common\Executable.cs:line 80&#xD;
   at Azure.Functions.Cli.Tests.E2E.Helpers.CliTester.InternalRun(String workingDir, RunConfiguration[] runConfigurations, ITestOutputHelper output, Boolean startHost) in d:\azureFun\azure-functions-core-tools\test\Azure.Functions.Cli.Tests\E2E\Helpers\CliTester.cs:line 85&#xD;
   at Azure.Functions.Cli.Tests.E2E.Helpers.CliTester.Run(RunConfiguration[] runConfigurations, ITestOutputHelper output, String workingDir, Boolean startHost) in d:\azureFun\azure-functions-core-tools\test\Azure.Functions.Cli.Tests\E2E\Helpers\CliTester.cs:line 35&#xD;
--- End of stack trace from previous location where exception was thrown ---</StackTrace>
        </ErrorInfo>
      </Output>
    </UnitTestResult>
    <UnitTestResult executionId="a22147b6-2403-4aec-8bcc-d3752087db50" testId="955249c5-d309-3548-5b00-36c27c9623c3" testName="Azure.Functions.Cli.Tests.E2E.StartTests.start_dotnet_csharp" computerName="NASONI-Z422" duration="00:00:00.0040000" startTime="2019-11-20T16:36:56.0061476-08:00" endTime="2019-11-20T16:36:56.0061545-08:00" testType="13cdc9d9-ddb5-4fa4-a97d-d965ccfc6d4b" outcome="Failed" testListId="8c84fa94-04c1-424b-9868-57a2d4851a1d" relativeResultsDirectory="a22147b6-2403-4aec-8bcc-d3752087db50">
      <Output>
        <StdOut>stdout: Running: &gt;  init . --worker-runtime dotnet</StdOut>
        <ErrorInfo>
          <Message>System.InvalidOperationException : Cannot start process because a file name has not been provided.</Message>
          <StackTrace>   at System.Diagnostics.Process.Start()&#xD;
   at Azure.Functions.Cli.Common.Executable.RunAsync(Action`1 outputCallback, Action`1 errorCallback, Nullable`1 timeout, String stdIn) in D:\azureFun\azure-functions-core-tools\src\Azure.Functions.Cli\Common\Executable.cs:line 80&#xD;
   at Azure.Functions.Cli.Tests.E2E.Helpers.CliTester.InternalRun(String workingDir, RunConfiguration[] runConfigurations, ITestOutputHelper output, Boolean startHost) in d:\azureFun\azure-functions-core-tools\test\Azure.Functions.Cli.Tests\E2E\Helpers\CliTester.cs:line 85&#xD;
   at Azure.Functions.Cli.Tests.E2E.Helpers.CliTester.Run(RunConfiguration[] runConfigurations, ITestOutputHelper output, String workingDir, Boolean startHost) in d:\azureFun\azure-functions-core-tools\test\Azure.Functions.Cli.Tests\E2E\Helpers\CliTester.cs:line 35&#xD;
   at Azure.Functions.Cli.Tests.E2E.StartTests.start_dotnet_csharp() in d:\azureFun\azure-functions-core-tools\test\Azure.Functions.Cli.Tests\E2E\StartTests.cs:line 81&#xD;
--- End of stack trace from previous location where exception was thrown ---</StackTrace>
        </ErrorInfo>
      </Output>
    </UnitTestResult>
    <UnitTestResult executionId="b9c5a12f-5619-4dc0-bf43-6a9e99a4c6fe" testId="2171c70e-0095-5e1e-14ba-ab56bb1825b8" testName="Azure.Functions.Cli.Tests.E2E.DurableTests.DurableGetInstancesTest" computerName="NASONI-Z422" duration="00:00:00.0010000" startTime="2019-11-20T16:36:53.2489128-08:00" endTime="2019-11-20T16:36:53.2489150-08:00" testType="13cdc9d9-ddb5-4fa4-a97d-d965ccfc6d4b" outcome="NotExecuted" testListId="8c84fa94-04c1-424b-9868-57a2d4851a1d" relativeResultsDirectory="b9c5a12f-5619-4dc0-bf43-6a9e99a4c6fe">
      <Output>
        <StdOut>Durable E2E tests need a storage account connection</StdOut>
      </Output>
    </UnitTestResult>
    <UnitTestResult executionId="cdd9f6d1-4d1e-46e0-8e75-1ee3902d212d" testId="466aaf20-b831-75c4-9896-16bee603351c" testName="Azure.Functions.Cli.Tests.E2E.CreateFunctionTests.create_template_function_dotnet_space_name" computerName="NASONI-Z422" duration="00:00:00.0030000" startTime="2019-11-20T16:36:55.8898142-08:00" endTime="2019-11-20T16:36:55.8898183-08:00" testType="13cdc9d9-ddb5-4fa4-a97d-d965ccfc6d4b" outcome="Failed" testListId="8c84fa94-04c1-424b-9868-57a2d4851a1d" relativeResultsDirectory="cdd9f6d1-4d1e-46e0-8e75-1ee3902d212d">
      <Output>
        <StdOut>stdout: Running: &gt;  init . --worker-runtime dotnet</StdOut>
        <ErrorInfo>
          <Message>System.InvalidOperationException : Cannot start process because a file name has not been provided.</Message>
          <StackTrace>   at System.Diagnostics.Process.Start()&#xD;
   at Azure.Functions.Cli.Common.Executable.RunAsync(Action`1 outputCallback, Action`1 errorCallback, Nullable`1 timeout, String stdIn) in D:\azureFun\azure-functions-core-tools\src\Azure.Functions.Cli\Common\Executable.cs:line 80&#xD;
   at Azure.Functions.Cli.Tests.E2E.Helpers.CliTester.InternalRun(String workingDir, RunConfiguration[] runConfigurations, ITestOutputHelper output, Boolean startHost) in d:\azureFun\azure-functions-core-tools\test\Azure.Functions.Cli.Tests\E2E\Helpers\CliTester.cs:line 85&#xD;
   at Azure.Functions.Cli.Tests.E2E.Helpers.CliTester.Run(RunConfiguration[] runConfigurations, ITestOutputHelper output, String workingDir, Boolean startHost) in d:\azureFun\azure-functions-core-tools\test\Azure.Functions.Cli.Tests\E2E\Helpers\CliTester.cs:line 35&#xD;
   at Azure.Functions.Cli.Tests.E2E.CreateFunctionTests.create_template_function_dotnet_space_name() in d:\azureFun\azure-functions-core-tools\test\Azure.Functions.Cli.Tests\E2E\CreateFunctionTests.cs:line 94&#xD;
--- End of stack trace from previous location where exception was thrown ---</StackTrace>
        </ErrorInfo>
      </Output>
    </UnitTestResult>
    <UnitTestResult executionId="3359afbb-036b-4865-a5d6-e91580a3f9df" testId="7b9a8ca7-25e9-5b23-182e-50be49b6bb85" testName="Azure.Functions.Cli.Tests.ExtensionsTests.InstallExtensionsTests.try_install_with_no_valid_trigger" computerName="NASONI-Z422" duration="00:00:00.0020000" startTime="2019-11-20T16:36:55.8149907-08:00" endTime="2019-11-20T16:36:55.8149942-08:00" testType="13cdc9d9-ddb5-4fa4-a97d-d965ccfc6d4b" outcome="Failed" testListId="8c84fa94-04c1-424b-9868-57a2d4851a1d" relativeResultsDirectory="3359afbb-036b-4865-a5d6-e91580a3f9df">
      <Output>
        <StdOut>stdout: Running: &gt;  init . --worker-runtime node</StdOut>
        <ErrorInfo>
          <Message>System.InvalidOperationException : Cannot start process because a file name has not been provided.</Message>
          <StackTrace>   at System.Diagnostics.Process.Start()&#xD;
   at Azure.Functions.Cli.Common.Executable.RunAsync(Action`1 outputCallback, Action`1 errorCallback, Nullable`1 timeout, String stdIn) in D:\azureFun\azure-functions-core-tools\src\Azure.Functions.Cli\Common\Executable.cs:line 80&#xD;
   at Azure.Functions.Cli.Tests.E2E.Helpers.CliTester.InternalRun(String workingDir, RunConfiguration[] runConfigurations, ITestOutputHelper output, Boolean startHost) in d:\azureFun\azure-functions-core-tools\test\Azure.Functions.Cli.Tests\E2E\Helpers\CliTester.cs:line 85&#xD;
   at Azure.Functions.Cli.Tests.E2E.Helpers.CliTester.Run(RunConfiguration[] runConfigurations, ITestOutputHelper output, String workingDir, Boolean startHost) in d:\azureFun\azure-functions-core-tools\test\Azure.Functions.Cli.Tests\E2E\Helpers\CliTester.cs:line 35&#xD;
--- End of stack trace from previous location where exception was thrown ---</StackTrace>
        </ErrorInfo>
      </Output>
    </UnitTestResult>
    <UnitTestResult executionId="f835d343-86f1-46d0-ad4a-08413c3dbdc1" testId="b4698d67-1dc5-64f6-ac27-695bf6732c1c" testName="Azure.Functions.Cli.Tests.PythonHelperTests.InterpreterShouldHaveMajorVersion" computerName="NASONI-Z422" duration="00:00:00.0010000" startTime="2019-11-20T16:36:53.2326318-08:00" endTime="2019-11-20T16:36:53.2326344-08:00" testType="13cdc9d9-ddb5-4fa4-a97d-d965ccfc6d4b" outcome="Failed" testListId="8c84fa94-04c1-424b-9868-57a2d4851a1d" relativeResultsDirectory="f835d343-86f1-46d0-ad4a-08413c3dbdc1">
      <Output>
        <ErrorInfo>
          <Message>System.Exception : Python major version should be 2 or 3</Message>
          <StackTrace>   at Azure.Functions.Cli.Tests.PythonHelperTests.InterpreterShouldHaveMajorVersion() in d:\azureFun\azure-functions-core-tools\test\Azure.Functions.Cli.Tests\PythonHelperTests.cs:line 34</StackTrace>
        </ErrorInfo>
      </Output>
    </UnitTestResult>
    <UnitTestResult executionId="9ff2865f-08b5-4495-bc34-3dc0e337ca05" testId="3e96f61f-98f4-cb84-d85b-5356dd246044" testName="Azure.Functions.Cli.Tests.ActionsTests.ResolveActionTests.ResolveCommandLineCorrectly(args: &quot;azure functionapp fetch-app-settings appName&quot;, returnType: typeof(Azure.Functions.Cli.Actions.AzureActions.FetchAppSettingsAction))" computerName="NASONI-Z422" duration="00:00:00.0010000" startTime="2019-11-20T16:36:52.1502764-08:00" endTime="2019-11-20T16:36:52.1502790-08:00" testType="13cdc9d9-ddb5-4fa4-a97d-d965ccfc6d4b" outcome="Passed" testListId="8c84fa94-04c1-424b-9868-57a2d4851a1d" relativeResultsDirectory="9ff2865f-08b5-4495-bc34-3dc0e337ca05" />
    <UnitTestResult executionId="be2679d3-3f07-4c15-ab66-3e35f00f4130" testId="251a8b14-d748-20b6-c258-9f54a47d59dd" testName="Azure.Functions.Cli.Tests.ExtensionsTests.StringExtensionsTests.TestSanitizeImageNameWithBadFormatSanitizeOutput(input: &quot;GetMessages&quot;, expected: &quot;getmessages&quot;)" computerName="NASONI-Z422" duration="00:00:00.0010000" startTime="2019-11-20T16:36:55.8746916-08:00" endTime="2019-11-20T16:36:55.8746922-08:00" testType="13cdc9d9-ddb5-4fa4-a97d-d965ccfc6d4b" outcome="Passed" testListId="8c84fa94-04c1-424b-9868-57a2d4851a1d" relativeResultsDirectory="be2679d3-3f07-4c15-ab66-3e35f00f4130" />
    <UnitTestResult executionId="e95de48b-8e4b-41b3-aece-562825fab9c9" testId="0f458aa1-b2a7-ec6b-ca73-2245e2295c8d" testName="Azure.Functions.Cli.Tests.ActionsTests.ResolveActionTests.ResolveCommandLineCorrectly(args: &quot;-v&quot;, returnType: null)" computerName="NASONI-Z422" duration="00:00:00.0010000" startTime="2019-11-20T16:36:52.1551345-08:00" endTime="2019-11-20T16:36:52.1551371-08:00" testType="13cdc9d9-ddb5-4fa4-a97d-d965ccfc6d4b" outcome="Passed" testListId="8c84fa94-04c1-424b-9868-57a2d4851a1d" relativeResultsDirectory="e95de48b-8e4b-41b3-aece-562825fab9c9" />
    <UnitTestResult executionId="d267785b-05e8-476e-abfa-964ea10f3803" testId="edbad474-5a85-0780-7ef4-8ccfb334ea3c" testName="Azure.Functions.Cli.Tests.E2E.InitTests.init_with_Dockerfile_for_csx" computerName="NASONI-Z422" duration="00:00:00.0020000" startTime="2019-11-20T16:36:55.8045213-08:00" endTime="2019-11-20T16:36:55.8045248-08:00" testType="13cdc9d9-ddb5-4fa4-a97d-d965ccfc6d4b" outcome="Failed" testListId="8c84fa94-04c1-424b-9868-57a2d4851a1d" relativeResultsDirectory="d267785b-05e8-476e-abfa-964ea10f3803">
      <Output>
        <StdOut>stdout: Running: &gt;  init . --worker-runtime dotnet --docker --csx</StdOut>
        <ErrorInfo>
          <Message>System.InvalidOperationException : Cannot start process because a file name has not been provided.</Message>
          <StackTrace>   at System.Diagnostics.Process.Start()&#xD;
   at Azure.Functions.Cli.Common.Executable.RunAsync(Action`1 outputCallback, Action`1 errorCallback, Nullable`1 timeout, String stdIn) in D:\azureFun\azure-functions-core-tools\src\Azure.Functions.Cli\Common\Executable.cs:line 80&#xD;
   at Azure.Functions.Cli.Tests.E2E.Helpers.CliTester.InternalRun(String workingDir, RunConfiguration[] runConfigurations, ITestOutputHelper output, Boolean startHost) in d:\azureFun\azure-functions-core-tools\test\Azure.Functions.Cli.Tests\E2E\Helpers\CliTester.cs:line 85&#xD;
   at Azure.Functions.Cli.Tests.E2E.Helpers.CliTester.Run(RunConfiguration[] runConfigurations, ITestOutputHelper output, String workingDir, Boolean startHost) in d:\azureFun\azure-functions-core-tools\test\Azure.Functions.Cli.Tests\E2E\Helpers\CliTester.cs:line 35&#xD;
--- End of stack trace from previous location where exception was thrown ---</StackTrace>
        </ErrorInfo>
      </Output>
    </UnitTestResult>
    <UnitTestResult executionId="8c0bfe58-034c-41f4-8e52-d661561278fd" testId="ed6e5de5-ad08-412a-5534-fb44a44b7095" testName="Azure.Functions.Cli.Tests.E2E.DurableTests.DurableStartNewTest" computerName="NASONI-Z422" duration="00:00:00.0010000" startTime="2019-11-20T16:36:53.2428938-08:00" endTime="2019-11-20T16:36:53.2428959-08:00" testType="13cdc9d9-ddb5-4fa4-a97d-d965ccfc6d4b" outcome="NotExecuted" testListId="8c84fa94-04c1-424b-9868-57a2d4851a1d" relativeResultsDirectory="8c0bfe58-034c-41f4-8e52-d661561278fd">
      <Output>
        <StdOut>Durable E2E tests need a storage account connection</StdOut>
      </Output>
    </UnitTestResult>
    <UnitTestResult executionId="cc194590-9b73-4770-8d1b-6f12e0552958" testId="7328c548-3649-08f6-12ce-d4ccaf4dcbb1" testName="Azure.Functions.Cli.Tests.E2E.DurableTests.DurableGetRuntimeStatusTest" computerName="NASONI-Z422" duration="00:00:00.0010000" startTime="2019-11-20T16:36:53.2548036-08:00" endTime="2019-11-20T16:36:53.2548057-08:00" testType="13cdc9d9-ddb5-4fa4-a97d-d965ccfc6d4b" outcome="NotExecuted" testListId="8c84fa94-04c1-424b-9868-57a2d4851a1d" relativeResultsDirectory="cc194590-9b73-4770-8d1b-6f12e0552958">
      <Output>
        <StdOut>Durable E2E tests need a storage account connection</StdOut>
      </Output>
    </UnitTestResult>
    <UnitTestResult executionId="e36feb98-2eed-4587-a18c-a11873441972" testId="a724e0a0-4f3b-f44e-88bb-08d6494ab74a" testName="Azure.Functions.Cli.Tests.ActionsTests.ResolveActionTests.ResolveCommandLineCorrectly(args: &quot;durable get-history --id ab1b5de4c5a9450eafa5a4cf2&quot;..., returnType: typeof(Azure.Functions.Cli.Actions.DurableActions.DurableGetHistory))" computerName="NASONI-Z422" duration="00:00:00.0020000" startTime="2019-11-20T16:36:52.1496890-08:00" endTime="2019-11-20T16:36:52.1496896-08:00" testType="13cdc9d9-ddb5-4fa4-a97d-d965ccfc6d4b" outcome="Passed" testListId="8c84fa94-04c1-424b-9868-57a2d4851a1d" relativeResultsDirectory="e36feb98-2eed-4587-a18c-a11873441972" />
    <UnitTestResult executionId="200ef558-b037-4521-8544-625b29def87e" testId="26de893a-e2e9-33d7-8410-c3d93b4decf3" testName="Azure.Functions.Cli.Tests.ActionsTests.StartHostActionTests.CheckNonOptionalSettingsThrowsOnMissingAzureWebJobsStorage" computerName="NASONI-Z422" duration="00:00:00.0370000" startTime="2019-11-20T16:36:55.8585738-08:00" endTime="2019-11-20T16:36:55.8585808-08:00" testType="13cdc9d9-ddb5-4fa4-a97d-d965ccfc6d4b" outcome="Passed" testListId="8c84fa94-04c1-424b-9868-57a2d4851a1d" relativeResultsDirectory="200ef558-b037-4521-8544-625b29def87e" />
    <UnitTestResult executionId="63561150-190f-4747-8385-5d4ccc5a8ac0" testId="a2d484e5-4918-7da9-1f89-adae87529a89" testName="Azure.Functions.Cli.Tests.ExtensionsTests.InstallExtensionsTests.try_install_with_a_valid_trigger" computerName="NASONI-Z422" duration="00:00:00.0030000" startTime="2019-11-20T16:36:55.8189073-08:00" endTime="2019-11-20T16:36:55.8189116-08:00" testType="13cdc9d9-ddb5-4fa4-a97d-d965ccfc6d4b" outcome="Failed" testListId="8c84fa94-04c1-424b-9868-57a2d4851a1d" relativeResultsDirectory="63561150-190f-4747-8385-5d4ccc5a8ac0">
      <Output>
        <StdOut>Creating host json without bundles C:\Users\nasoni\AppData\Local\Temp\hbmiiizp.c40\host.json&#xD;
stdout: Running: &gt;  init . --worker-runtime node</StdOut>
        <ErrorInfo>
          <Message>System.InvalidOperationException : Cannot start process because a file name has not been provided.</Message>
          <StackTrace>   at System.Diagnostics.Process.Start()&#xD;
   at Azure.Functions.Cli.Common.Executable.RunAsync(Action`1 outputCallback, Action`1 errorCallback, Nullable`1 timeout, String stdIn) in D:\azureFun\azure-functions-core-tools\src\Azure.Functions.Cli\Common\Executable.cs:line 80&#xD;
   at Azure.Functions.Cli.Tests.E2E.Helpers.CliTester.InternalRun(String workingDir, RunConfiguration[] runConfigurations, ITestOutputHelper output, Boolean startHost) in d:\azureFun\azure-functions-core-tools\test\Azure.Functions.Cli.Tests\E2E\Helpers\CliTester.cs:line 85&#xD;
   at Azure.Functions.Cli.Tests.E2E.Helpers.CliTester.Run(RunConfiguration[] runConfigurations, ITestOutputHelper output, String workingDir, Boolean startHost) in d:\azureFun\azure-functions-core-tools\test\Azure.Functions.Cli.Tests\E2E\Helpers\CliTester.cs:line 35&#xD;
--- End of stack trace from previous location where exception was thrown ---</StackTrace>
        </ErrorInfo>
      </Output>
    </UnitTestResult>
    <UnitTestResult executionId="37d463e4-9d06-49be-adac-c302331308a3" testId="9f3a2bf4-d34a-7d0f-b6e4-9ff26c380ab7" testName="Azure.Functions.Cli.Tests.UriExtensionsTests.IsServerRunningPositiveTest" computerName="NASONI-Z422" duration="00:00:02.4240000" startTime="2019-11-20T16:36:55.6864903-08:00" endTime="2019-11-20T16:36:55.6864982-08:00" testType="13cdc9d9-ddb5-4fa4-a97d-d965ccfc6d4b" outcome="Passed" testListId="8c84fa94-04c1-424b-9868-57a2d4851a1d" relativeResultsDirectory="37d463e4-9d06-49be-adac-c302331308a3" />
    <UnitTestResult executionId="9116c448-caac-4883-875d-4a38d6114688" testId="2e97a520-f469-1426-76d3-49996cac8357" testName="Azure.Functions.Cli.Tests.ExtensionsTests.TaskExtensionsTests.IgnoreFailureTest" computerName="NASONI-Z422" duration="00:00:00.0010000" startTime="2019-11-20T16:36:56.0285869-08:00" endTime="2019-11-20T16:36:56.0285889-08:00" testType="13cdc9d9-ddb5-4fa4-a97d-d965ccfc6d4b" outcome="Passed" testListId="8c84fa94-04c1-424b-9868-57a2d4851a1d" relativeResultsDirectory="9116c448-caac-4883-875d-4a38d6114688" />
    <UnitTestResult executionId="d73fa7ab-e460-407a-b7ae-380dd884d3a0" testId="457c4f00-2dd8-d508-c1d2-c12724633f05" testName="Azure.Functions.Cli.Tests.E2E.DurableTests.DurableTerminateTest" computerName="NASONI-Z422" duration="00:00:00.0010000" startTime="2019-11-20T16:36:53.2414406-08:00" endTime="2019-11-20T16:36:53.2414427-08:00" testType="13cdc9d9-ddb5-4fa4-a97d-d965ccfc6d4b" outcome="NotExecuted" testListId="8c84fa94-04c1-424b-9868-57a2d4851a1d" relativeResultsDirectory="d73fa7ab-e460-407a-b7ae-380dd884d3a0">
      <Output>
        <StdOut>Durable E2E tests need a storage account connection</StdOut>
      </Output>
    </UnitTestResult>
    <UnitTestResult executionId="18b91b61-537b-4961-8ba4-81fc246d1b6b" testId="1933ec56-27e4-c95b-c87a-ed7e486a9d13" testName="Azure.Functions.Cli.Tests.GitIgnoreParserTests.DeniesShouldNotDenyUnignoredFilesInIgnoredDirectories" computerName="NASONI-Z422" duration="00:00:00.0090000" startTime="2019-11-20T16:36:53.2327900-08:00" endTime="2019-11-20T16:36:53.2327919-08:00" testType="13cdc9d9-ddb5-4fa4-a97d-d965ccfc6d4b" outcome="Passed" testListId="8c84fa94-04c1-424b-9868-57a2d4851a1d" relativeResultsDirectory="18b91b61-537b-4961-8ba4-81fc246d1b6b" />
    <UnitTestResult executionId="8f43dc5f-b0f3-4d7f-a0ff-811f4a3c0431" testId="f28fdcdf-a34d-d676-c42f-da87b3f4a8b1" testName="Azure.Functions.Cli.Tests.E2E.StartTests.start_powershell" computerName="NASONI-Z422" duration="00:00:00.0030000" startTime="2019-11-20T16:36:55.9895648-08:00" endTime="2019-11-20T16:36:55.9895694-08:00" testType="13cdc9d9-ddb5-4fa4-a97d-d965ccfc6d4b" outcome="Failed" testListId="8c84fa94-04c1-424b-9868-57a2d4851a1d" relativeResultsDirectory="8f43dc5f-b0f3-4d7f-a0ff-811f4a3c0431">
      <Output>
        <StdOut>stdout: Running: &gt;  init . --worker-runtime powershell</StdOut>
        <ErrorInfo>
          <Message>System.InvalidOperationException : Cannot start process because a file name has not been provided.</Message>
          <StackTrace>   at System.Diagnostics.Process.Start()&#xD;
   at Azure.Functions.Cli.Common.Executable.RunAsync(Action`1 outputCallback, Action`1 errorCallback, Nullable`1 timeout, String stdIn) in D:\azureFun\azure-functions-core-tools\src\Azure.Functions.Cli\Common\Executable.cs:line 80&#xD;
   at Azure.Functions.Cli.Tests.E2E.Helpers.CliTester.InternalRun(String workingDir, RunConfiguration[] runConfigurations, ITestOutputHelper output, Boolean startHost) in d:\azureFun\azure-functions-core-tools\test\Azure.Functions.Cli.Tests\E2E\Helpers\CliTester.cs:line 85&#xD;
   at Azure.Functions.Cli.Tests.E2E.Helpers.CliTester.Run(RunConfiguration[] runConfigurations, ITestOutputHelper output, String workingDir, Boolean startHost) in d:\azureFun\azure-functions-core-tools\test\Azure.Functions.Cli.Tests\E2E\Helpers\CliTester.cs:line 35&#xD;
   at Azure.Functions.Cli.Tests.E2E.StartTests.start_powershell() in d:\azureFun\azure-functions-core-tools\test\Azure.Functions.Cli.Tests\E2E\StartTests.cs:line 235&#xD;
--- End of stack trace from previous location where exception was thrown ---</StackTrace>
        </ErrorInfo>
      </Output>
    </UnitTestResult>
    <UnitTestResult executionId="d9dd88db-014c-4717-8270-a8806d71e464" testId="54d83d66-97ca-4e37-322f-fea37d237ffe" testName="Azure.Functions.Cli.Tests.ActionsTests.ResolveActionTests.ResolveCommandLineCorrectly(args: &quot;-version&quot;, returnType: null)" computerName="NASONI-Z422" duration="00:00:00.0240000" startTime="2019-11-20T16:36:52.0384249-08:00" endTime="2019-11-20T16:36:52.0384314-08:00" testType="13cdc9d9-ddb5-4fa4-a97d-d965ccfc6d4b" outcome="Passed" testListId="8c84fa94-04c1-424b-9868-57a2d4851a1d" relativeResultsDirectory="d9dd88db-014c-4717-8270-a8806d71e464" />
    <UnitTestResult executionId="8e624035-706a-4432-8233-bfe92650d0d2" testId="c226dbe1-d186-ab67-74ad-e414345f8981" testName="Azure.Functions.Cli.Tests.ExtensionsTests.StringExtensionsTests.TestSanitizeImageNameWithBadInputValueThrowArgumentException(input: null)" computerName="NASONI-Z422" duration="00:00:00.0010000" startTime="2019-11-20T16:36:55.8733293-08:00" endTime="2019-11-20T16:36:55.8733309-08:00" testType="13cdc9d9-ddb5-4fa4-a97d-d965ccfc6d4b" outcome="Passed" testListId="8c84fa94-04c1-424b-9868-57a2d4851a1d" relativeResultsDirectory="8e624035-706a-4432-8233-bfe92650d0d2" />
    <UnitTestResult executionId="bd46e428-9d03-4f64-8d10-866a1d305634" testId="fed4cb35-1ff8-2661-9595-14ef0f48ca52" testName="Azure.Functions.Cli.Tests.E2E.InitTests.init_with_worker_runtime(workerRuntime: &quot;node&quot;)" computerName="NASONI-Z422" duration="00:00:00.0040000" startTime="2019-11-20T16:36:55.7758850-08:00" endTime="2019-11-20T16:36:55.7758909-08:00" testType="13cdc9d9-ddb5-4fa4-a97d-d965ccfc6d4b" outcome="Failed" testListId="8c84fa94-04c1-424b-9868-57a2d4851a1d" relativeResultsDirectory="bd46e428-9d03-4f64-8d10-866a1d305634">
      <Output>
        <StdOut>stdout: Running: &gt;  init . --worker-runtime node</StdOut>
        <ErrorInfo>
          <Message>System.InvalidOperationException : Cannot start process because a file name has not been provided.</Message>
          <StackTrace>   at System.Diagnostics.Process.Start()&#xD;
   at Azure.Functions.Cli.Common.Executable.RunAsync(Action`1 outputCallback, Action`1 errorCallback, Nullable`1 timeout, String stdIn) in D:\azureFun\azure-functions-core-tools\src\Azure.Functions.Cli\Common\Executable.cs:line 80&#xD;
   at Azure.Functions.Cli.Tests.E2E.Helpers.CliTester.InternalRun(String workingDir, RunConfiguration[] runConfigurations, ITestOutputHelper output, Boolean startHost) in d:\azureFun\azure-functions-core-tools\test\Azure.Functions.Cli.Tests\E2E\Helpers\CliTester.cs:line 85&#xD;
   at Azure.Functions.Cli.Tests.E2E.Helpers.CliTester.Run(RunConfiguration[] runConfigurations, ITestOutputHelper output, String workingDir, Boolean startHost) in d:\azureFun\azure-functions-core-tools\test\Azure.Functions.Cli.Tests\E2E\Helpers\CliTester.cs:line 35&#xD;
--- End of stack trace from previous location where exception was thrown ---</StackTrace>
        </ErrorInfo>
      </Output>
    </UnitTestResult>
    <UnitTestResult executionId="1a789b58-882c-49f1-954a-8814cba42a3b" testId="3d9afed2-66bd-dc4f-d141-be86f2474bf2" testName="Azure.Functions.Cli.Tests.ExtensionsTests.ProcessExtensionsTests.WaitForExitTest" computerName="NASONI-Z422" duration="00:00:00.2290000" startTime="2019-11-20T16:36:52.8792577-08:00" endTime="2019-11-20T16:36:52.8792645-08:00" testType="13cdc9d9-ddb5-4fa4-a97d-d965ccfc6d4b" outcome="Passed" testListId="8c84fa94-04c1-424b-9868-57a2d4851a1d" relativeResultsDirectory="1a789b58-882c-49f1-954a-8814cba42a3b" />
    <UnitTestResult executionId="6dc2553a-5d3b-4bb2-96d1-fae7509995d9" testId="2e1fd91c-ffee-826e-57bf-a608e053492a" testName="Azure.Functions.Cli.Tests.ActionsTests.ResolveActionTests.ResolveCommandLineCorrectly(args: &quot;settings decrypt&quot;, returnType: typeof(Azure.Functions.Cli.Actions.LocalActions.DecryptSettingAction))" computerName="NASONI-Z422" duration="00:00:00.0010000" startTime="2019-11-20T16:36:52.2327975-08:00" endTime="2019-11-20T16:36:52.2327994-08:00" testType="13cdc9d9-ddb5-4fa4-a97d-d965ccfc6d4b" outcome="Passed" testListId="8c84fa94-04c1-424b-9868-57a2d4851a1d" relativeResultsDirectory="6dc2553a-5d3b-4bb2-96d1-fae7509995d9" />
    <UnitTestResult executionId="ddc52e8f-6c81-40f7-a820-4dfcf3117fb9" testId="7d741dfd-96b6-3ec8-237a-4816ed351140" testName="Azure.Functions.Cli.Tests.KubernetesHelperUnitTests.ValidateKubernetesNames(name: &quot;name-with-dashes&quot;, isValid: True)" computerName="NASONI-Z422" duration="00:00:00.0040000" startTime="2019-11-20T16:36:52.8945394-08:00" endTime="2019-11-20T16:36:52.8945423-08:00" testType="13cdc9d9-ddb5-4fa4-a97d-d965ccfc6d4b" outcome="Passed" testListId="8c84fa94-04c1-424b-9868-57a2d4851a1d" relativeResultsDirectory="ddc52e8f-6c81-40f7-a820-4dfcf3117fb9" />
    <UnitTestResult executionId="6d449546-9a6c-487d-9fd3-ad584122f22e" testId="b1a2a948-2250-d694-4142-c54c04de5db6" testName="Azure.Functions.Cli.Tests.ActionsTests.ResolveActionTests.ResolveCommandLineCorrectly(args: &quot;settings encrypt&quot;, returnType: typeof(Azure.Functions.Cli.Actions.LocalActions.EncryptSettingsAction))" computerName="NASONI-Z422" duration="00:00:00.0010000" startTime="2019-11-20T16:36:52.1497716-08:00" endTime="2019-11-20T16:36:52.1497722-08:00" testType="13cdc9d9-ddb5-4fa4-a97d-d965ccfc6d4b" outcome="Passed" testListId="8c84fa94-04c1-424b-9868-57a2d4851a1d" relativeResultsDirectory="6d449546-9a6c-487d-9fd3-ad584122f22e" />
    <UnitTestResult executionId="a7d880cd-827d-419b-a24c-726fff3166c5" testId="b19ee685-964c-10d4-832c-25b1de9041e5" testName="Azure.Functions.Cli.Tests.E2E.InitTests.init_managed_dependencies_is_only_supported_in_powershell" computerName="NASONI-Z422" duration="00:00:00.0020000" startTime="2019-11-20T16:36:55.8075225-08:00" endTime="2019-11-20T16:36:55.8075284-08:00" testType="13cdc9d9-ddb5-4fa4-a97d-d965ccfc6d4b" outcome="Failed" testListId="8c84fa94-04c1-424b-9868-57a2d4851a1d" relativeResultsDirectory="a7d880cd-827d-419b-a24c-726fff3166c5">
      <Output>
        <StdOut>stdout: Running: &gt;  init . --worker-runtime python --managed-dependencies</StdOut>
        <ErrorInfo>
          <Message>System.InvalidOperationException : Cannot start process because a file name has not been provided.</Message>
          <StackTrace>   at System.Diagnostics.Process.Start()&#xD;
   at Azure.Functions.Cli.Common.Executable.RunAsync(Action`1 outputCallback, Action`1 errorCallback, Nullable`1 timeout, String stdIn) in D:\azureFun\azure-functions-core-tools\src\Azure.Functions.Cli\Common\Executable.cs:line 80&#xD;
   at Azure.Functions.Cli.Tests.E2E.Helpers.CliTester.InternalRun(String workingDir, RunConfiguration[] runConfigurations, ITestOutputHelper output, Boolean startHost) in d:\azureFun\azure-functions-core-tools\test\Azure.Functions.Cli.Tests\E2E\Helpers\CliTester.cs:line 85&#xD;
   at Azure.Functions.Cli.Tests.E2E.Helpers.CliTester.Run(RunConfiguration[] runConfigurations, ITestOutputHelper output, String workingDir, Boolean startHost) in d:\azureFun\azure-functions-core-tools\test\Azure.Functions.Cli.Tests\E2E\Helpers\CliTester.cs:line 35&#xD;
--- End of stack trace from previous location where exception was thrown ---</StackTrace>
        </ErrorInfo>
      </Output>
    </UnitTestResult>
    <UnitTestResult executionId="2155d946-92ba-4af7-8aea-f4224ac1a909" testId="93cf339f-1563-8cec-19f1-a415a1ca088a" testName="Azure.Functions.Cli.Tests.E2E.InitTests.init_ts_app_using_lang" computerName="NASONI-Z422" duration="00:00:00.0030000" startTime="2019-11-20T16:36:55.7937371-08:00" endTime="2019-11-20T16:36:55.7937413-08:00" testType="13cdc9d9-ddb5-4fa4-a97d-d965ccfc6d4b" outcome="Failed" testListId="8c84fa94-04c1-424b-9868-57a2d4851a1d" relativeResultsDirectory="2155d946-92ba-4af7-8aea-f4224ac1a909">
      <Output>
        <StdOut>stdout: Running: &gt;  init . --worker-runtime node --language typescript</StdOut>
        <ErrorInfo>
          <Message>System.InvalidOperationException : Cannot start process because a file name has not been provided.</Message>
          <StackTrace>   at System.Diagnostics.Process.Start()&#xD;
   at Azure.Functions.Cli.Common.Executable.RunAsync(Action`1 outputCallback, Action`1 errorCallback, Nullable`1 timeout, String stdIn) in D:\azureFun\azure-functions-core-tools\src\Azure.Functions.Cli\Common\Executable.cs:line 80&#xD;
   at Azure.Functions.Cli.Tests.E2E.Helpers.CliTester.InternalRun(String workingDir, RunConfiguration[] runConfigurations, ITestOutputHelper output, Boolean startHost) in d:\azureFun\azure-functions-core-tools\test\Azure.Functions.Cli.Tests\E2E\Helpers\CliTester.cs:line 85&#xD;
   at Azure.Functions.Cli.Tests.E2E.Helpers.CliTester.Run(RunConfiguration[] runConfigurations, ITestOutputHelper output, String workingDir, Boolean startHost) in d:\azureFun\azure-functions-core-tools\test\Azure.Functions.Cli.Tests\E2E\Helpers\CliTester.cs:line 35&#xD;
--- End of stack trace from previous location where exception was thrown ---</StackTrace>
        </ErrorInfo>
      </Output>
    </UnitTestResult>
    <UnitTestResult executionId="7508ba35-21e0-4d4d-82ee-1ca709e16598" testId="eec1ee9a-2aa1-4c45-b795-9d460b4f28b4" testName="Azure.Functions.Cli.Tests.E2E.InitTests.init_with_Dockerfile(workerRuntime: &quot;dotnet&quot;)" computerName="NASONI-Z422" duration="00:00:00.0030000" startTime="2019-11-20T16:36:55.7578237-08:00" endTime="2019-11-20T16:36:55.7578278-08:00" testType="13cdc9d9-ddb5-4fa4-a97d-d965ccfc6d4b" outcome="Failed" testListId="8c84fa94-04c1-424b-9868-57a2d4851a1d" relativeResultsDirectory="7508ba35-21e0-4d4d-82ee-1ca709e16598">
      <Output>
        <StdOut>stdout: Running: &gt;  init . --worker-runtime dotnet --docker</StdOut>
        <ErrorInfo>
          <Message>System.InvalidOperationException : Cannot start process because a file name has not been provided.</Message>
          <StackTrace>   at System.Diagnostics.Process.Start()&#xD;
   at Azure.Functions.Cli.Common.Executable.RunAsync(Action`1 outputCallback, Action`1 errorCallback, Nullable`1 timeout, String stdIn) in D:\azureFun\azure-functions-core-tools\src\Azure.Functions.Cli\Common\Executable.cs:line 80&#xD;
   at Azure.Functions.Cli.Tests.E2E.Helpers.CliTester.InternalRun(String workingDir, RunConfiguration[] runConfigurations, ITestOutputHelper output, Boolean startHost) in d:\azureFun\azure-functions-core-tools\test\Azure.Functions.Cli.Tests\E2E\Helpers\CliTester.cs:line 85&#xD;
   at Azure.Functions.Cli.Tests.E2E.Helpers.CliTester.Run(RunConfiguration[] runConfigurations, ITestOutputHelper output, String workingDir, Boolean startHost) in d:\azureFun\azure-functions-core-tools\test\Azure.Functions.Cli.Tests\E2E\Helpers\CliTester.cs:line 35&#xD;
--- End of stack trace from previous location where exception was thrown ---</StackTrace>
        </ErrorInfo>
      </Output>
    </UnitTestResult>
    <UnitTestResult executionId="822a31a1-08c8-41a0-908c-c3caccf02a82" testId="dea3461a-6816-c1e3-9b2d-cf4d0771d692" testName="Azure.Functions.Cli.Tests.E2E.StartTests.start_handles_empty_envvars_correctly" computerName="NASONI-Z422" duration="00:00:00.0040000" startTime="2019-11-20T16:36:56.0107066-08:00" endTime="2019-11-20T16:36:56.0107123-08:00" testType="13cdc9d9-ddb5-4fa4-a97d-d965ccfc6d4b" outcome="Failed" testListId="8c84fa94-04c1-424b-9868-57a2d4851a1d" relativeResultsDirectory="822a31a1-08c8-41a0-908c-c3caccf02a82">
      <Output>
        <StdOut>stdout: Running: &gt;  init . --worker-runtime node</StdOut>
        <ErrorInfo>
          <Message>System.InvalidOperationException : Cannot start process because a file name has not been provided.</Message>
          <StackTrace>   at System.Diagnostics.Process.Start()&#xD;
   at Azure.Functions.Cli.Common.Executable.RunAsync(Action`1 outputCallback, Action`1 errorCallback, Nullable`1 timeout, String stdIn) in D:\azureFun\azure-functions-core-tools\src\Azure.Functions.Cli\Common\Executable.cs:line 80&#xD;
   at Azure.Functions.Cli.Tests.E2E.Helpers.CliTester.InternalRun(String workingDir, RunConfiguration[] runConfigurations, ITestOutputHelper output, Boolean startHost) in d:\azureFun\azure-functions-core-tools\test\Azure.Functions.Cli.Tests\E2E\Helpers\CliTester.cs:line 85&#xD;
   at Azure.Functions.Cli.Tests.E2E.Helpers.CliTester.Run(RunConfiguration[] runConfigurations, ITestOutputHelper output, String workingDir, Boolean startHost) in d:\azureFun\azure-functions-core-tools\test\Azure.Functions.Cli.Tests\E2E\Helpers\CliTester.cs:line 35&#xD;
   at Azure.Functions.Cli.Tests.E2E.StartTests.start_handles_empty_envvars_correctly() in d:\azureFun\azure-functions-core-tools\test\Azure.Functions.Cli.Tests\E2E\StartTests.cs:line 178&#xD;
--- End of stack trace from previous location where exception was thrown ---</StackTrace>
        </ErrorInfo>
      </Output>
    </UnitTestResult>
    <UnitTestResult executionId="d93b6768-7295-438e-8df4-1526f652505f" testId="0b3dd3f8-b7f5-9046-8c8b-7e8ae6185a15" testName="Azure.Functions.Cli.Tests.GitIgnoreParserTests.DeniesShouldNotDenyTheGivenFilenames" computerName="NASONI-Z422" duration="00:00:00.0010000" startTime="2019-11-20T16:36:53.2333277-08:00" endTime="2019-11-20T16:36:53.2333302-08:00" testType="13cdc9d9-ddb5-4fa4-a97d-d965ccfc6d4b" outcome="Passed" testListId="8c84fa94-04c1-424b-9868-57a2d4851a1d" relativeResultsDirectory="d93b6768-7295-438e-8df4-1526f652505f" />
    <UnitTestResult executionId="ff037efe-cb35-42c9-b4f5-d6e55ebae0e1" testId="09a24798-7d10-8250-f686-8d60e9ff7701" testName="Azure.Functions.Cli.Tests.ActionsTests.ResolveActionTests.ResolveCommandLineCorrectly(args: &quot;function create&quot;, returnType: typeof(Azure.Functions.Cli.Actions.LocalActions.CreateFunctionAction))" computerName="NASONI-Z422" duration="00:00:00.0020000" startTime="2019-11-20T16:36:52.1033216-08:00" endTime="2019-11-20T16:36:52.1033249-08:00" testType="13cdc9d9-ddb5-4fa4-a97d-d965ccfc6d4b" outcome="Passed" testListId="8c84fa94-04c1-424b-9868-57a2d4851a1d" relativeResultsDirectory="ff037efe-cb35-42c9-b4f5-d6e55ebae0e1" />
    <UnitTestResult executionId="edcddd66-f0d2-42a5-b93e-b373807ced17" testId="fbcb31e4-45ed-0d03-0559-73dcb287008b" testName="Azure.Functions.Cli.Tests.GitIgnoreParserTests.DeniesShouldNotDenyNestedUnignoredFilesInIgnoredDirectories" computerName="NASONI-Z422" duration="00:00:00.0010000" startTime="2019-11-20T16:36:53.2348189-08:00" endTime="2019-11-20T16:36:53.2348206-08:00" testType="13cdc9d9-ddb5-4fa4-a97d-d965ccfc6d4b" outcome="Passed" testListId="8c84fa94-04c1-424b-9868-57a2d4851a1d" relativeResultsDirectory="edcddd66-f0d2-42a5-b93e-b373807ced17" />
    <UnitTestResult executionId="6e802ede-9fd9-45ee-aa82-230141e69142" testId="2ff45c5f-7276-d3d7-5177-676fe5992614" testName="Azure.Functions.Cli.Tests.ActionsTests.ResolveActionTests.ResolveCommandLineCorrectly(args: &quot;durable rewind --id ab1b5de4c5a9450eafa5a4cf249b31&quot;..., returnType: typeof(Azure.Functions.Cli.Actions.DurableActions.DurableRewind))" computerName="NASONI-Z422" duration="00:00:00.0020000" startTime="2019-11-20T16:36:52.1497346-08:00" endTime="2019-11-20T16:36:52.1497353-08:00" testType="13cdc9d9-ddb5-4fa4-a97d-d965ccfc6d4b" outcome="Passed" testListId="8c84fa94-04c1-424b-9868-57a2d4851a1d" relativeResultsDirectory="6e802ede-9fd9-45ee-aa82-230141e69142" />
    <UnitTestResult executionId="42808b14-0284-4a15-a134-887685575fa1" testId="b3200108-16ce-1a20-4c5e-ce4b037f63ed" testName="Azure.Functions.Cli.Tests.KubernetesHelperUnitTests.ValidateKubernetesNames(name: &quot;name with spaces&quot;, isValid: False)" computerName="NASONI-Z422" duration="00:00:00.0010000" startTime="2019-11-20T16:36:52.8948937-08:00" endTime="2019-11-20T16:36:52.8948953-08:00" testType="13cdc9d9-ddb5-4fa4-a97d-d965ccfc6d4b" outcome="Passed" testListId="8c84fa94-04c1-424b-9868-57a2d4851a1d" relativeResultsDirectory="42808b14-0284-4a15-a134-887685575fa1" />
    <UnitTestResult executionId="4bf3ed50-ffe7-4dcf-9b2a-1b1e5014e856" testId="be93d512-0232-5d00-fb64-530a7ac3622a" testName="Azure.Functions.Cli.Tests.ActionsTests.ResolveActionTests.ResolveCommandLineCorrectly(args: &quot;azure --help&quot;, returnType: typeof(Azure.Functions.Cli.Actions.HelpAction))" computerName="NASONI-Z422" duration="00:00:00.0010000" startTime="2019-11-20T16:36:52.2370698-08:00" endTime="2019-11-20T16:36:52.2370715-08:00" testType="13cdc9d9-ddb5-4fa4-a97d-d965ccfc6d4b" outcome="Passed" testListId="8c84fa94-04c1-424b-9868-57a2d4851a1d" relativeResultsDirectory="4bf3ed50-ffe7-4dcf-9b2a-1b1e5014e856" />
    <UnitTestResult executionId="09d61bd9-4a11-4a62-830a-007478671ba0" testId="e61aa2ef-51fe-ce9d-f444-c94be9a0a585" testName="Azure.Functions.Cli.Tests.ActionsTests.ResolveActionTests.ResolveCommandLineCorrectly(args: &quot;settings delete settingName&quot;, returnType: typeof(Azure.Functions.Cli.Actions.LocalActions.DeleteSettingAction))" computerName="NASONI-Z422" duration="00:00:00.0020000" startTime="2019-11-20T16:36:52.1498115-08:00" endTime="2019-11-20T16:36:52.1498122-08:00" testType="13cdc9d9-ddb5-4fa4-a97d-d965ccfc6d4b" outcome="Passed" testListId="8c84fa94-04c1-424b-9868-57a2d4851a1d" relativeResultsDirectory="09d61bd9-4a11-4a62-830a-007478671ba0" />
    <UnitTestResult executionId="c6f543b5-927e-4c2d-b82a-a7e85f088ea8" testId="a2fc6bf4-45cb-b71d-9969-54743329e6ec" testName="Azure.Functions.Cli.Tests.E2E.CreateFunctionTests.create_typescript_template" computerName="NASONI-Z422" duration="00:00:00.0030000" startTime="2019-11-20T16:36:55.8791103-08:00" endTime="2019-11-20T16:36:55.8791145-08:00" testType="13cdc9d9-ddb5-4fa4-a97d-d965ccfc6d4b" outcome="Failed" testListId="8c84fa94-04c1-424b-9868-57a2d4851a1d" relativeResultsDirectory="c6f543b5-927e-4c2d-b82a-a7e85f088ea8">
      <Output>
        <StdOut>stdout: Running: &gt;  init . --worker-runtime node --language typescript</StdOut>
        <ErrorInfo>
          <Message>System.InvalidOperationException : Cannot start process because a file name has not been provided.</Message>
          <StackTrace>   at System.Diagnostics.Process.Start()&#xD;
   at Azure.Functions.Cli.Common.Executable.RunAsync(Action`1 outputCallback, Action`1 errorCallback, Nullable`1 timeout, String stdIn) in D:\azureFun\azure-functions-core-tools\src\Azure.Functions.Cli\Common\Executable.cs:line 80&#xD;
   at Azure.Functions.Cli.Tests.E2E.Helpers.CliTester.InternalRun(String workingDir, RunConfiguration[] runConfigurations, ITestOutputHelper output, Boolean startHost) in d:\azureFun\azure-functions-core-tools\test\Azure.Functions.Cli.Tests\E2E\Helpers\CliTester.cs:line 85&#xD;
   at Azure.Functions.Cli.Tests.E2E.Helpers.CliTester.Run(RunConfiguration[] runConfigurations, ITestOutputHelper output, String workingDir, Boolean startHost) in d:\azureFun\azure-functions-core-tools\test\Azure.Functions.Cli.Tests\E2E\Helpers\CliTester.cs:line 35&#xD;
   at Azure.Functions.Cli.Tests.E2E.CreateFunctionTests.create_typescript_template() in d:\azureFun\azure-functions-core-tools\test\Azure.Functions.Cli.Tests\E2E\CreateFunctionTests.cs:line 111&#xD;
--- End of stack trace from previous location where exception was thrown ---</StackTrace>
        </ErrorInfo>
      </Output>
    </UnitTestResult>
    <UnitTestResult executionId="ea97891b-edf2-426a-b41d-d9361aa26dd5" testId="09e2de0c-a28a-298a-253c-0e48337e3673" testName="Azure.Functions.Cli.Tests.E2E.InitTests.init_dotnet_app" computerName="NASONI-Z422" duration="00:00:00.0310000" startTime="2019-11-20T16:36:55.7299982-08:00" endTime="2019-11-20T16:36:55.7300056-08:00" testType="13cdc9d9-ddb5-4fa4-a97d-d965ccfc6d4b" outcome="Failed" testListId="8c84fa94-04c1-424b-9868-57a2d4851a1d" relativeResultsDirectory="ea97891b-edf2-426a-b41d-d9361aa26dd5">
      <Output>
        <StdOut>stdout: Running: &gt;  init dotnet-funcs --worker-runtime dotnet</StdOut>
        <ErrorInfo>
          <Message>System.InvalidOperationException : Cannot start process because a file name has not been provided.</Message>
          <StackTrace>   at System.Diagnostics.Process.Start()&#xD;
   at Azure.Functions.Cli.Common.Executable.RunAsync(Action`1 outputCallback, Action`1 errorCallback, Nullable`1 timeout, String stdIn) in D:\azureFun\azure-functions-core-tools\src\Azure.Functions.Cli\Common\Executable.cs:line 80&#xD;
   at Azure.Functions.Cli.Tests.E2E.Helpers.CliTester.InternalRun(String workingDir, RunConfiguration[] runConfigurations, ITestOutputHelper output, Boolean startHost) in d:\azureFun\azure-functions-core-tools\test\Azure.Functions.Cli.Tests\E2E\Helpers\CliTester.cs:line 85&#xD;
   at Azure.Functions.Cli.Tests.E2E.Helpers.CliTester.Run(RunConfiguration[] runConfigurations, ITestOutputHelper output, String workingDir, Boolean startHost) in d:\azureFun\azure-functions-core-tools\test\Azure.Functions.Cli.Tests\E2E\Helpers\CliTester.cs:line 35&#xD;
--- End of stack trace from previous location where exception was thrown ---</StackTrace>
        </ErrorInfo>
      </Output>
    </UnitTestResult>
    <UnitTestResult executionId="a1765f8e-1d22-48b2-b751-8bed41919448" testId="9dbb5f07-9422-6d35-4546-edac74e177fc" testName="Azure.Functions.Cli.Tests.GitIgnoreParserTests.AcceptShouldAcceptUnignoredFilesInIgnoredDirectories" computerName="NASONI-Z422" duration="00:00:00.0010000" startTime="2019-11-20T16:36:53.2330780-08:00" endTime="2019-11-20T16:36:53.2330794-08:00" testType="13cdc9d9-ddb5-4fa4-a97d-d965ccfc6d4b" outcome="Passed" testListId="8c84fa94-04c1-424b-9868-57a2d4851a1d" relativeResultsDirectory="a1765f8e-1d22-48b2-b751-8bed41919448" />
    <UnitTestResult executionId="e94e5355-2180-4a12-b23d-113aef3e3cf0" testId="8384cb22-dc4e-52e8-ba1b-1a3a991e8794" testName="Azure.Functions.Cli.Tests.E2E.InitTests.init_with_unknown_worker_runtime" computerName="NASONI-Z422" duration="00:00:00.0030000" startTime="2019-11-20T16:36:55.7642542-08:00" endTime="2019-11-20T16:36:55.7642639-08:00" testType="13cdc9d9-ddb5-4fa4-a97d-d965ccfc6d4b" outcome="Failed" testListId="8c84fa94-04c1-424b-9868-57a2d4851a1d" relativeResultsDirectory="e94e5355-2180-4a12-b23d-113aef3e3cf0">
      <Output>
        <StdOut>stdout: Running: &gt;  init . --worker-runtime foo</StdOut>
        <ErrorInfo>
          <Message>System.InvalidOperationException : Cannot start process because a file name has not been provided.</Message>
          <StackTrace>   at System.Diagnostics.Process.Start()&#xD;
   at Azure.Functions.Cli.Common.Executable.RunAsync(Action`1 outputCallback, Action`1 errorCallback, Nullable`1 timeout, String stdIn) in D:\azureFun\azure-functions-core-tools\src\Azure.Functions.Cli\Common\Executable.cs:line 80&#xD;
   at Azure.Functions.Cli.Tests.E2E.Helpers.CliTester.InternalRun(String workingDir, RunConfiguration[] runConfigurations, ITestOutputHelper output, Boolean startHost) in d:\azureFun\azure-functions-core-tools\test\Azure.Functions.Cli.Tests\E2E\Helpers\CliTester.cs:line 85&#xD;
   at Azure.Functions.Cli.Tests.E2E.Helpers.CliTester.Run(RunConfiguration[] runConfigurations, ITestOutputHelper output, String workingDir, Boolean startHost) in d:\azureFun\azure-functions-core-tools\test\Azure.Functions.Cli.Tests\E2E\Helpers\CliTester.cs:line 35&#xD;
--- End of stack trace from previous location where exception was thrown ---</StackTrace>
        </ErrorInfo>
      </Output>
    </UnitTestResult>
    <UnitTestResult executionId="b0d641c8-7397-47be-9993-d4b201c21d58" testId="a105b8a7-3d94-be93-e9c3-561cbf250f62" testName="Azure.Functions.Cli.Tests.E2E.InitTests.init_with_no_source_control" computerName="NASONI-Z422" duration="00:00:00.0030000" startTime="2019-11-20T16:36:55.7337767-08:00" endTime="2019-11-20T16:36:55.7337821-08:00" testType="13cdc9d9-ddb5-4fa4-a97d-d965ccfc6d4b" outcome="Failed" testListId="8c84fa94-04c1-424b-9868-57a2d4851a1d" relativeResultsDirectory="b0d641c8-7397-47be-9993-d4b201c21d58">
      <Output>
        <StdOut>stdout: Running: &gt;  init . --worker-runtime node</StdOut>
        <ErrorInfo>
          <Message>System.InvalidOperationException : Cannot start process because a file name has not been provided.</Message>
          <StackTrace>   at System.Diagnostics.Process.Start()&#xD;
   at Azure.Functions.Cli.Common.Executable.RunAsync(Action`1 outputCallback, Action`1 errorCallback, Nullable`1 timeout, String stdIn) in D:\azureFun\azure-functions-core-tools\src\Azure.Functions.Cli\Common\Executable.cs:line 80&#xD;
   at Azure.Functions.Cli.Tests.E2E.Helpers.CliTester.InternalRun(String workingDir, RunConfiguration[] runConfigurations, ITestOutputHelper output, Boolean startHost) in d:\azureFun\azure-functions-core-tools\test\Azure.Functions.Cli.Tests\E2E\Helpers\CliTester.cs:line 85&#xD;
   at Azure.Functions.Cli.Tests.E2E.Helpers.CliTester.Run(RunConfiguration[] runConfigurations, ITestOutputHelper output, String workingDir, Boolean startHost) in d:\azureFun\azure-functions-core-tools\test\Azure.Functions.Cli.Tests\E2E\Helpers\CliTester.cs:line 35&#xD;
--- End of stack trace from previous location where exception was thrown ---</StackTrace>
        </ErrorInfo>
      </Output>
    </UnitTestResult>
    <UnitTestResult executionId="8e3d5c02-005a-4cbf-9e21-935353908403" testId="4fe61fb2-add7-9b86-7ac9-963c2c517c14" testName="Azure.Functions.Cli.Tests.UriExtensionsTests.IsServerRunningNegativeTest(Url: &quot;invalid://example.com&quot;, expected: False)" computerName="NASONI-Z422" duration="00:00:00.0030000" startTime="2019-11-20T16:36:55.6899235-08:00" endTime="2019-11-20T16:36:55.6899274-08:00" testType="13cdc9d9-ddb5-4fa4-a97d-d965ccfc6d4b" outcome="Passed" testListId="8c84fa94-04c1-424b-9868-57a2d4851a1d" relativeResultsDirectory="8e3d5c02-005a-4cbf-9e21-935353908403" />
    <UnitTestResult executionId="4ae0d554-86c1-400d-8746-38ce63c09665" testId="fdc61361-aca6-49a9-194e-62ff1feb1a48" testName="Azure.Functions.Cli.Tests.ActionsTests.ResolveActionTests.ResolveCommandLineCorrectly(args: &quot;azure set-publish-username userName&quot;, returnType: typeof(Azure.Functions.Cli.Actions.AzureActions.DeprecatedAzureActions))" computerName="NASONI-Z422" duration="00:00:00.0010000" startTime="2019-11-20T16:36:52.2365503-08:00" endTime="2019-11-20T16:36:52.2365521-08:00" testType="13cdc9d9-ddb5-4fa4-a97d-d965ccfc6d4b" outcome="Passed" testListId="8c84fa94-04c1-424b-9868-57a2d4851a1d" relativeResultsDirectory="4ae0d554-86c1-400d-8746-38ce63c09665" />
    <UnitTestResult executionId="55a4cd3c-4c24-4d3a-87a8-67c58c8a3904" testId="c9950969-c15a-bd40-5c28-19b8f7156c09" testName="Azure.Functions.Cli.Tests.E2E.StartTests.start_host_port_in_use" computerName="NASONI-Z422" duration="00:00:00.0040000" startTime="2019-11-20T16:36:55.9858164-08:00" endTime="2019-11-20T16:36:55.9858223-08:00" testType="13cdc9d9-ddb5-4fa4-a97d-d965ccfc6d4b" outcome="Failed" testListId="8c84fa94-04c1-424b-9868-57a2d4851a1d" relativeResultsDirectory="55a4cd3c-4c24-4d3a-87a8-67c58c8a3904">
      <Output>
        <StdOut>stdout: Running: &gt;  init . --worker-runtime node</StdOut>
        <ErrorInfo>
          <Message>System.InvalidOperationException : Cannot start process because a file name has not been provided.</Message>
          <StackTrace>   at System.Diagnostics.Process.Start()&#xD;
   at Azure.Functions.Cli.Common.Executable.RunAsync(Action`1 outputCallback, Action`1 errorCallback, Nullable`1 timeout, String stdIn) in D:\azureFun\azure-functions-core-tools\src\Azure.Functions.Cli\Common\Executable.cs:line 80&#xD;
   at Azure.Functions.Cli.Tests.E2E.Helpers.CliTester.InternalRun(String workingDir, RunConfiguration[] runConfigurations, ITestOutputHelper output, Boolean startHost) in d:\azureFun\azure-functions-core-tools\test\Azure.Functions.Cli.Tests\E2E\Helpers\CliTester.cs:line 85&#xD;
   at Azure.Functions.Cli.Tests.E2E.Helpers.CliTester.Run(RunConfiguration[] runConfigurations, ITestOutputHelper output, String workingDir, Boolean startHost) in d:\azureFun\azure-functions-core-tools\test\Azure.Functions.Cli.Tests\E2E\Helpers\CliTester.cs:line 35&#xD;
   at Azure.Functions.Cli.Tests.E2E.StartTests.start_host_port_in_use() in d:\azureFun\azure-functions-core-tools\test\Azure.Functions.Cli.Tests\E2E\StartTests.cs:line 156&#xD;
--- End of stack trace from previous location where exception was thrown ---</StackTrace>
        </ErrorInfo>
      </Output>
    </UnitTestResult>
    <UnitTestResult executionId="05c65d59-dc40-4803-a586-1ff20127de59" testId="5764f792-69e7-c4fc-617c-99c8ae3d7290" testName="Azure.Functions.Cli.Tests.E2E.CreateFunctionTests.create_template_function_sanitization_dotnet" computerName="NASONI-Z422" duration="00:00:00.0030000" startTime="2019-11-20T16:36:55.8824863-08:00" endTime="2019-11-20T16:36:55.8824898-08:00" testType="13cdc9d9-ddb5-4fa4-a97d-d965ccfc6d4b" outcome="Failed" testListId="8c84fa94-04c1-424b-9868-57a2d4851a1d" relativeResultsDirectory="05c65d59-dc40-4803-a586-1ff20127de59">
      <Output>
        <StdOut>stdout: Running: &gt;  init 12n.e.0w-file$ --worker-runtime dotnet</StdOut>
        <ErrorInfo>
          <Message>System.InvalidOperationException : Cannot start process because a file name has not been provided.</Message>
          <StackTrace>   at System.Diagnostics.Process.Start()&#xD;
   at Azure.Functions.Cli.Common.Executable.RunAsync(Action`1 outputCallback, Action`1 errorCallback, Nullable`1 timeout, String stdIn) in D:\azureFun\azure-functions-core-tools\src\Azure.Functions.Cli\Common\Executable.cs:line 80&#xD;
   at Azure.Functions.Cli.Tests.E2E.Helpers.CliTester.InternalRun(String workingDir, RunConfiguration[] runConfigurations, ITestOutputHelper output, Boolean startHost) in d:\azureFun\azure-functions-core-tools\test\Azure.Functions.Cli.Tests\E2E\Helpers\CliTester.cs:line 85&#xD;
   at Azure.Functions.Cli.Tests.E2E.Helpers.CliTester.Run(RunConfiguration[] runConfigurations, ITestOutputHelper output, String workingDir, Boolean startHost) in d:\azureFun\azure-functions-core-tools\test\Azure.Functions.Cli.Tests\E2E\Helpers\CliTester.cs:line 35&#xD;
   at Azure.Functions.Cli.Tests.E2E.CreateFunctionTests.create_template_function_sanitization_dotnet() in d:\azureFun\azure-functions-core-tools\test\Azure.Functions.Cli.Tests\E2E\CreateFunctionTests.cs:line 34&#xD;
--- End of stack trace from previous location where exception was thrown ---</StackTrace>
        </ErrorInfo>
      </Output>
    </UnitTestResult>
    <UnitTestResult executionId="eca543c4-5eb3-43c8-859a-0acc66e75c2a" testId="99cb63a8-7e08-ff45-2917-537ab2cd414e" testName="Azure.Functions.Cli.Tests.GitIgnoreParserTests.AcceptShouldAcceptTheGivenFilenames" computerName="NASONI-Z422" duration="00:00:00.0010000" startTime="2019-11-20T16:36:53.2331739-08:00" endTime="2019-11-20T16:36:53.2331757-08:00" testType="13cdc9d9-ddb5-4fa4-a97d-d965ccfc6d4b" outcome="Passed" testListId="8c84fa94-04c1-424b-9868-57a2d4851a1d" relativeResultsDirectory="eca543c4-5eb3-43c8-859a-0acc66e75c2a" />
[...]
[xUnit.net 00:00:08.01]       Output:&#xD;
[xUnit.net 00:00:08.01]         stdout: Running: &gt;  init . --worker-runtime node&#xD;
[xUnit.net 00:00:08.01]       System.InvalidOperationException : Cannot start process because a file name has not been provided.&#xD;
[xUnit.net 00:00:08.01]       Stack Trace:&#xD;
[xUnit.net 00:00:08.01]            at System.Diagnostics.Process.Start()&#xD;
[xUnit.net 00:00:08.01]         D:\azureFun\azure-functions-core-tools\src\Azure.Functions.Cli\Common\Executable.cs(80,0): at Azure.Functions.Cli.Common.Executable.RunAsync(Action`1 outputCallback, Action`1 errorCallback, Nullable`1 timeout, String stdIn)&#xD;
[xUnit.net 00:00:08.01]         d:\azureFun\azure-functions-core-tools\test\Azure.Functions.Cli.Tests\E2E\Helpers\CliTester.cs(85,0): at Azure.Functions.Cli.Tests.E2E.Helpers.CliTester.InternalRun(String workingDir, RunConfiguration[] runConfigurations, ITestOutputHelper output, Boolean startHost)&#xD;
[xUnit.net 00:00:08.01]         d:\azureFun\azure-functions-core-tools\test\Azure.Functions.Cli.Tests\E2E\Helpers\CliTester.cs(35,0): at Azure.Functions.Cli.Tests.E2E.Helpers.CliTester.Run(RunConfiguration[] runConfigurations, ITestOutputHelper output, String workingDir, Boolean startHost)&#xD;
[xUnit.net 00:00:08.01]         d:\azureFun\azure-functions-core-tools\test\Azure.Functions.Cli.Tests\E2E\StartTests.cs(81,0): at Azure.Functions.Cli.Tests.E2E.StartTests.start_dotnet_csharp()&#xD;
[xUnit.net 00:00:08.01]         --- End of stack trace from previous location where exception was thrown ---&#xD;
[xUnit.net 00:00:08.01]       Output:&#xD;
[xUnit.net 00:00:08.01]         stdout: Running: &gt;  init . --worker-runtime dotnet&#xD;
[xUnit.net 00:00:08.02]       System.InvalidOperationException : Cannot start process because a file name has not been provided.&#xD;
[xUnit.net 00:00:08.02]       Stack Trace:&#xD;
[xUnit.net 00:00:08.02]            at System.Diagnostics.Process.Start()&#xD;
[xUnit.net 00:00:08.02]         D:\azureFun\azure-functions-core-tools\src\Azure.Functions.Cli\Common\Executable.cs(80,0): at Azure.Functions.Cli.Common.Executable.RunAsync(Action`1 outputCallback, Action`1 errorCallback, Nullable`1 timeout, String stdIn)&#xD;
[xUnit.net 00:00:08.02]         d:\azureFun\azure-functions-core-tools\test\Azure.Functions.Cli.Tests\E2E\Helpers\CliTester.cs(85,0): at Azure.Functions.Cli.Tests.E2E.Helpers.CliTester.InternalRun(String workingDir, RunConfiguration[] runConfigurations, ITestOutputHelper output, Boolean startHost)&#xD;
[xUnit.net 00:00:08.02]         d:\azureFun\azure-functions-core-tools\test\Azure.Functions.Cli.Tests\E2E\Helpers\CliTester.cs(35,0): at Azure.Functions.Cli.Tests.E2E.Helpers.CliTester.Run(RunConfiguration[] runConfigurations, ITestOutputHelper output, String workingDir, Boolean startHost)&#xD;
[xUnit.net 00:00:08.02]         d:\azureFun\azure-functions-core-tools\test\Azure.Functions.Cli.Tests\E2E\StartTests.cs(178,0): at Azure.Functions.Cli.Tests.E2E.StartTests.start_handles_empty_envvars_correctly()&#xD;
[xUnit.net 00:00:08.02]         --- End of stack trace from previous location where exception was thrown ---&#xD;
[xUnit.net 00:00:08.02]       Output:&#xD;
[xUnit.net 00:00:08.02]         stdout: Running: &gt;  init . --worker-runtime node&#xD;
[xUnit.net 00:00:08.02]       System.InvalidOperationException : Cannot start process because a file name has not been provided.&#xD;
[xUnit.net 00:00:08.02]       Stack Trace:&#xD;
[xUnit.net 00:00:08.02]            at System.Diagnostics.Process.Start()&#xD;
[xUnit.net 00:00:08.02]         D:\azureFun\azure-functions-core-tools\src\Azure.Functions.Cli\Common\Executable.cs(80,0): at Azure.Functions.Cli.Common.Executable.RunAsync(Action`1 outputCallback, Action`1 errorCallback, Nullable`1 timeout, String stdIn)&#xD;
[xUnit.net 00:00:08.02]         d:\azureFun\azure-functions-core-tools\test\Azure.Functions.Cli.Tests\E2E\Helpers\CliTester.cs(85,0): at Azure.Functions.Cli.Tests.E2E.Helpers.CliTester.InternalRun(String workingDir, RunConfiguration[] runConfigurations, ITestOutputHelper output, Boolean startHost)&#xD;
[xUnit.net 00:00:08.02]         d:\azureFun\azure-functions-core-tools\test\Azure.Functions.Cli.Tests\E2E\Helpers\CliTester.cs(35,0): at Azure.Functions.Cli.Tests.E2E.Helpers.CliTester.Run(RunConfiguration[] runConfigurations, ITestOutputHelper output, String workingDir, Boolean startHost)&#xD;
[xUnit.net 00:00:08.02]         d:\azureFun\azure-functions-core-tools\test\Azure.Functions.Cli.Tests\E2E\StartTests.cs(261,0): at Azure.Functions.Cli.Tests.E2E.StartTests.only_run_some_functions()&#xD;
[xUnit.net 00:00:08.02]         --- End of stack trace from previous location where exception was thrown ---&#xD;
[xUnit.net 00:00:08.02]       Output:&#xD;
[xUnit.net 00:00:08.02]         stdout: Running: &gt;  init . --worker-runtime javascript&#xD;
[xUnit.net 00:00:08.04]   Finished:    Azure.Functions.Cli.Tests&#xD;
</StdOut>
    </Output>
    <RunInfos>
      <RunInfo computerName="NASONI-Z422" outcome="Warning" timestamp="2019-11-20T16:36:52.3093731-08:00">
        <Text>[xUnit.net 00:00:04.32]     Azure.Functions.Cli.Tests.E2E.ListFunctionsTests.ListFunctionsWorks [SKIP]</Text>
      </RunInfo>
      <RunInfo computerName="NASONI-Z422" outcome="Error" timestamp="2019-11-20T16:36:53.2229598-08:00">
        <Text>[xUnit.net 00:00:05.23]     Azure.Functions.Cli.Tests.PythonHelperTests.InterpreterShouldHaveExecutablePath [FAIL]</Text>
      </RunInfo>
      <RunInfo computerName="NASONI-Z422" outcome="Error" timestamp="2019-11-20T16:36:53.2325608-08:00">
        <Text>[xUnit.net 00:00:05.24]     Azure.Functions.Cli.Tests.PythonHelperTests.InterpreterShouldHaveMajorVersion [FAIL]</Text>
      </RunInfo>
      <RunInfo computerName="NASONI-Z422" outcome="Warning" timestamp="2019-11-20T16:36:53.2436977-08:00">
        <Text>[xUnit.net 00:00:05.25]     Azure.Functions.Cli.Tests.E2E.DurableTests.DurableStartNewTest_FileInput [SKIP]</Text>
      </RunInfo>
      <RunInfo computerName="NASONI-Z422" outcome="Warning" timestamp="2019-11-20T16:36:53.2448672-08:00">
        <Text>[xUnit.net 00:00:05.25]     Azure.Functions.Cli.Tests.E2E.DurableTests.DurableRaiseEventTest_FileInput [SKIP]</Text>
      </RunInfo>
      <RunInfo computerName="NASONI-Z422" outcome="Warning" timestamp="2019-11-20T16:36:53.2460302-08:00">
        <Text>[xUnit.net 00:00:05.25]     Azure.Functions.Cli.Tests.E2E.DurableTests.DurableTerminateTest [SKIP]</Text>
      </RunInfo>
      <RunInfo computerName="NASONI-Z422" outcome="Warning" timestamp="2019-11-20T16:36:53.2471213-08:00">
        <Text>[xUnit.net 00:00:05.25]     Azure.Functions.Cli.Tests.E2E.DurableTests.DurableStartNewTest [SKIP]</Text>
      </RunInfo>
      <RunInfo computerName="NASONI-Z422" outcome="Warning" timestamp="2019-11-20T16:36:53.2483300-08:00">
        <Text>[xUnit.net 00:00:05.25]     Azure.Functions.Cli.Tests.E2E.DurableTests.DurableDeleteTaskHubTest [SKIP]</Text>
      </RunInfo>
      <RunInfo computerName="NASONI-Z422" outcome="Warning" timestamp="2019-11-20T16:36:53.2571317-08:00">
        <Text>[xUnit.net 00:00:05.25]     Azure.Functions.Cli.Tests.E2E.DurableTests.DurableRaiseEventTest [SKIP]</Text>
      </RunInfo>
      <RunInfo computerName="NASONI-Z422" outcome="Warning" timestamp="2019-11-20T16:36:53.2581182-08:00">
        <Text>[xUnit.net 00:00:05.26]     Azure.Functions.Cli.Tests.E2E.DurableTests.DurablePurgeHistoryTest [SKIP]</Text>
      </RunInfo>
      <RunInfo computerName="NASONI-Z422" outcome="Warning" timestamp="2019-11-20T16:36:53.2591138-08:00">
        <Text>[xUnit.net 00:00:05.26]     Azure.Functions.Cli.Tests.E2E.DurableTests.DurableGetInstancesTest [SKIP]</Text>
      </RunInfo>
      <RunInfo computerName="NASONI-Z422" outcome="Warning" timestamp="2019-11-20T16:36:53.2601129-08:00">
        <Text>[xUnit.net 00:00:05.26]     Azure.Functions.Cli.Tests.E2E.DurableTests.DurableRewindTest [SKIP]</Text>
      </RunInfo>
      <RunInfo computerName="NASONI-Z422" outcome="Warning" timestamp="2019-11-20T16:36:53.2610879-08:00">
        <Text>[xUnit.net 00:00:05.26]     Azure.Functions.Cli.Tests.E2E.DurableTests.DurableGetHistoryTest [SKIP]</Text>
      </RunInfo>
      <RunInfo computerName="NASONI-Z422" outcome="Warning" timestamp="2019-11-20T16:36:53.2620776-08:00">
        <Text>[xUnit.net 00:00:05.26]     Azure.Functions.Cli.Tests.E2E.DurableTests.DurableGetRuntimeStatusTest [SKIP]</Text>
      </RunInfo>
      <RunInfo computerName="NASONI-Z422" outcome="Error" timestamp="2019-11-20T16:36:55.7296559-08:00">
        <Text>[xUnit.net 00:00:07.74]     Azure.Functions.Cli.Tests.E2E.InitTests.init_dotnet_app [FAIL]</Text>
      </RunInfo>
      <RunInfo computerName="NASONI-Z422" outcome="Error" timestamp="2019-11-20T16:36:55.7333887-08:00">
        <Text>[xUnit.net 00:00:07.74]     Azure.Functions.Cli.Tests.E2E.InitTests.init_with_no_source_control [FAIL]</Text>
      </RunInfo>
      <RunInfo computerName="NASONI-Z422" outcome="Error" timestamp="2019-11-20T16:36:55.7367925-08:00">
        <Text>[xUnit.net 00:00:07.74]     Azure.Functions.Cli.Tests.E2E.InitTests.init_app_with_spaces [FAIL]</Text>
      </RunInfo>
      <RunInfo computerName="NASONI-Z422" outcome="Error" timestamp="2019-11-20T16:36:55.7407748-08:00">
        <Text>[xUnit.net 00:00:07.75]     Azure.Functions.Cli.Tests.E2E.InitTests.init_ts_app_using_runtime [FAIL]</Text>
      </RunInfo>
      <RunInfo computerName="NASONI-Z422" outcome="Error" timestamp="2019-11-20T16:36:55.7441752-08:00">
        <Text>[xUnit.net 00:00:07.75]     Azure.Functions.Cli.Tests.E2E.InitTests.init_with_Dockerfile(workerRuntime: "node") [FAIL]</Text>
      </RunInfo>
      <RunInfo computerName="NASONI-Z422" outcome="Error" timestamp="2019-11-20T16:36:55.7546619-08:00">
        <Text>[xUnit.net 00:00:07.76]     Azure.Functions.Cli.Tests.E2E.InitTests.init_with_Dockerfile(workerRuntime: "powershell") [FAIL]</Text>
      </RunInfo>
      <RunInfo computerName="NASONI-Z422" outcome="Error" timestamp="2019-11-20T16:36:55.7574846-08:00">
        <Text>[xUnit.net 00:00:07.77]     Azure.Functions.Cli.Tests.E2E.InitTests.init_with_Dockerfile(workerRuntime: "dotnet") [FAIL]</Text>
      </RunInfo>
      <RunInfo computerName="NASONI-Z422" outcome="Error" timestamp="2019-11-20T16:36:55.8152330-08:00">
        <Text>[xUnit.net 00:00:07.77]     Azure.Functions.Cli.Tests.E2E.InitTests.init_python_app_twice [FAIL]</Text>
      </RunInfo>
      <RunInfo computerName="NASONI-Z422" outcome="Error" timestamp="2019-11-20T16:36:55.8163768-08:00">
        <Text>[xUnit.net 00:00:07.77]     Azure.Functions.Cli.Tests.E2E.InitTests.init_with_unknown_worker_runtime [FAIL]</Text>
      </RunInfo>
      <RunInfo computerName="NASONI-Z422" outcome="Error" timestamp="2019-11-20T16:36:55.8174610-08:00">
        <Text>[xUnit.net 00:00:07.78]     Azure.Functions.Cli.Tests.E2E.InitTests.init_with_worker_runtime(workerRuntime: "python") [FAIL]</Text>
      </RunInfo>
      <RunInfo computerName="NASONI-Z422" outcome="Error" timestamp="2019-11-20T16:36:55.8186509-08:00">
        <Text>[xUnit.net 00:00:07.78]     Azure.Functions.Cli.Tests.E2E.InitTests.init_with_worker_runtime(workerRuntime: "java") [FAIL]</Text>
      </RunInfo>
      <RunInfo computerName="NASONI-Z422" outcome="Error" timestamp="2019-11-20T16:36:55.8198749-08:00">
        <Text>[xUnit.net 00:00:07.78]     Azure.Functions.Cli.Tests.E2E.InitTests.init_with_worker_runtime(workerRuntime: "node") [FAIL]</Text>
      </RunInfo>
      <RunInfo computerName="NASONI-Z422" outcome="Error" timestamp="2019-11-20T16:36:55.8210401-08:00">
        <Text>[xUnit.net 00:00:07.79]     Azure.Functions.Cli.Tests.E2E.InitTests.javascript_adds_packagejson [FAIL]</Text>
      </RunInfo>
      <RunInfo computerName="NASONI-Z422" outcome="Error" timestamp="2019-11-20T16:36:55.8223404-08:00">
        <Text>[xUnit.net 00:00:07.79]     Azure.Functions.Cli.Tests.E2E.InitTests.init_docker_only_for_csx_project [FAIL]</Text>
      </RunInfo>
      <RunInfo computerName="NASONI-Z422" outcome="Error" timestamp="2019-11-20T16:36:55.8248553-08:00">
        <Text>[xUnit.net 00:00:07.79]     Azure.Functions.Cli.Tests.E2E.InitTests.init_docker_only_for_existing_project(workerRuntime: "node") [FAIL]</Text>
      </RunInfo>
      <RunInfo computerName="NASONI-Z422" outcome="Error" timestamp="2019-11-20T16:36:55.8260531-08:00">
        <Text>[xUnit.net 00:00:07.80]     Azure.Functions.Cli.Tests.E2E.InitTests.init_docker_only_for_existing_project(workerRuntime: "powershell") [FAIL]</Text>
      </RunInfo>
      <RunInfo computerName="NASONI-Z422" outcome="Error" timestamp="2019-11-20T16:36:55.8830361-08:00">
        <Text>[xUnit.net 00:00:07.80]     Azure.Functions.Cli.Tests.E2E.InitTests.init_docker_only_for_existing_project(workerRuntime: "dotnet") [FAIL]</Text>
      </RunInfo>
      <RunInfo computerName="NASONI-Z422" outcome="Error" timestamp="2019-11-20T16:36:55.8841854-08:00">
        <Text>[xUnit.net 00:00:07.80]     Azure.Functions.Cli.Tests.E2E.InitTests.init_ts_app_using_lang [FAIL]</Text>
      </RunInfo>
      <RunInfo computerName="NASONI-Z422" outcome="Error" timestamp="2019-11-20T16:36:55.8853423-08:00">
        <Text>[xUnit.net 00:00:07.80]     Azure.Functions.Cli.Tests.E2E.InitTests.init_function_app_powershell_supports_managed_dependencies [FAIL]</Text>
      </RunInfo>
      <RunInfo computerName="NASONI-Z422" outcome="Error" timestamp="2019-11-20T16:36:55.8864127-08:00">
        <Text>[xUnit.net 00:00:07.81]     Azure.Functions.Cli.Tests.E2E.InitTests.init_docker_only_no_project [FAIL]</Text>
      </RunInfo>
      <RunInfo computerName="NASONI-Z422" outcome="Error" timestamp="2019-11-20T16:36:55.8875220-08:00">
        <Text>[xUnit.net 00:00:07.81]     Azure.Functions.Cli.Tests.E2E.InitTests.init_csx_app [FAIL]</Text>
      </RunInfo>
      <RunInfo computerName="NASONI-Z422" outcome="Error" timestamp="2019-11-20T16:36:55.8885351-08:00">
        <Text>[xUnit.net 00:00:07.81]     Azure.Functions.Cli.Tests.E2E.InitTests.init_with_Dockerfile_for_csx [FAIL]</Text>
      </RunInfo>
      <RunInfo computerName="NASONI-Z422" outcome="Error" timestamp="2019-11-20T16:36:55.8896599-08:00">
        <Text>[xUnit.net 00:00:07.81]     Azure.Functions.Cli.Tests.E2E.InitTests.init_managed_dependencies_is_only_supported_in_powershell [FAIL]</Text>
      </RunInfo>
      <RunInfo computerName="NASONI-Z422" outcome="Error" timestamp="2019-11-20T16:36:55.8908009-08:00">
        <Text>[xUnit.net 00:00:07.82]     Azure.Functions.Cli.Tests.E2E.InitTests.init_with_python_Dockerfile [FAIL]</Text>
      </RunInfo>
      <RunInfo computerName="NASONI-Z422" outcome="Error" timestamp="2019-11-20T16:36:55.8918538-08:00">
        <Text>[xUnit.net 00:00:07.82]     Azure.Functions.Cli.Tests.ExtensionsTests.InstallExtensionsTests.try_install_with_no_valid_trigger [FAIL]</Text>
      </RunInfo>
      <RunInfo computerName="NASONI-Z422" outcome="Error" timestamp="2019-11-20T16:36:55.9386106-08:00">
        <Text>[xUnit.net 00:00:07.83]     Azure.Functions.Cli.Tests.ExtensionsTests.InstallExtensionsTests.try_install_with_a_valid_trigger [FAIL]</Text>
      </RunInfo>
      <RunInfo computerName="NASONI-Z422" outcome="Error" timestamp="2019-11-20T16:36:55.9398408-08:00">
        <Text>[xUnit.net 00:00:07.83]     Azure.Functions.Cli.Tests.ExtensionsTests.InstallExtensionsTests.bundlesconfiguredbydefault_no_action [FAIL]</Text>
      </RunInfo>
      <RunInfo computerName="NASONI-Z422" outcome="Error" timestamp="2019-11-20T16:36:55.9509751-08:00">
        <Text>[xUnit.net 00:00:07.89]     Azure.Functions.Cli.Tests.E2E.CreateFunctionTests.create_typescript_template [FAIL]</Text>
      </RunInfo>
      <RunInfo computerName="NASONI-Z422" outcome="Error" timestamp="2019-11-20T16:36:55.9522050-08:00">
        <Text>[xUnit.net 00:00:07.89]     Azure.Functions.Cli.Tests.E2E.CreateFunctionTests.create_template_function_sanitization_dotnet [FAIL]</Text>
      </RunInfo>
      <RunInfo computerName="NASONI-Z422" outcome="Error" timestamp="2019-11-20T16:36:55.9537544-08:00">
        <Text>[xUnit.net 00:00:07.89]     Azure.Functions.Cli.Tests.E2E.CreateFunctionTests.create_typescript_template_blob [FAIL]</Text>
      </RunInfo>
      <RunInfo computerName="NASONI-Z422" outcome="Error" timestamp="2019-11-20T16:36:55.9552706-08:00">
        <Text>[xUnit.net 00:00:07.90]     Azure.Functions.Cli.Tests.E2E.CreateFunctionTests.create_template_function_dotnet_space_name [FAIL]</Text>
      </RunInfo>
      <RunInfo computerName="NASONI-Z422" outcome="Error" timestamp="2019-11-20T16:36:55.9568472-08:00">
        <Text>[xUnit.net 00:00:07.90]     Azure.Functions.Cli.Tests.E2E.CreateFunctionTests.create_template_function_success_message [FAIL]</Text>
      </RunInfo>
      <RunInfo computerName="NASONI-Z422" outcome="Error" timestamp="2019-11-20T16:36:55.9887057-08:00">
        <Text>[xUnit.net 00:00:07.91]     Azure.Functions.Cli.Tests.E2E.CreateFunctionTests.create_template_function_using_alias [FAIL]</Text>
      </RunInfo>
      <RunInfo computerName="NASONI-Z422" outcome="Error" timestamp="2019-11-20T16:36:55.9899081-08:00">
        <Text>[xUnit.net 00:00:07.91]     Azure.Functions.Cli.Tests.E2E.CreateFunctionTests.create_template_function_js_no_space_name [FAIL]</Text>
      </RunInfo>
      <RunInfo computerName="NASONI-Z422" outcome="Error" timestamp="2019-11-20T16:36:55.9910173-08:00">
        <Text>[xUnit.net 00:00:07.98]     Azure.Functions.Cli.Tests.E2E.SettingsTests.add_setting_encrypted [FAIL]</Text>
      </RunInfo>
      <RunInfo computerName="NASONI-Z422" outcome="Error" timestamp="2019-11-20T16:36:55.9920711-08:00">
        <Text>[xUnit.net 00:00:07.99]     Azure.Functions.Cli.Tests.E2E.SettingsTests.add_setting_plain_text [FAIL]</Text>
      </RunInfo>
      <RunInfo computerName="NASONI-Z422" outcome="Error" timestamp="2019-11-20T16:36:55.9932026-08:00">
        <Text>[xUnit.net 00:00:07.99]     Azure.Functions.Cli.Tests.E2E.StartTests.start_host_port_in_use [FAIL]</Text>
      </RunInfo>
      <RunInfo computerName="NASONI-Z422" outcome="Error" timestamp="2019-11-20T16:36:55.9942931-08:00">
        <Text>[xUnit.net 00:00:08.00]     Azure.Functions.Cli.Tests.E2E.StartTests.start_powershell [FAIL]</Text>
      </RunInfo>
      <RunInfo computerName="NASONI-Z422" outcome="Error" timestamp="2019-11-20T16:36:55.9954249-08:00">
        <Text>[xUnit.net 00:00:08.00]     Azure.Functions.Cli.Tests.E2E.StartTests.start_displays_error_on_invalid_function_json [FAIL]</Text>
      </RunInfo>
      <RunInfo computerName="NASONI-Z422" outcome="Error" timestamp="2019-11-20T16:36:56.0331344-08:00">
        <Text>[xUnit.net 00:00:08.01]     Azure.Functions.Cli.Tests.E2E.StartTests.start_nodejs [FAIL]</Text>
      </RunInfo>
      <RunInfo computerName="NASONI-Z422" outcome="Error" timestamp="2019-11-20T16:36:56.0341371-08:00">
        <Text>[xUnit.net 00:00:08.01]     Azure.Functions.Cli.Tests.E2E.StartTests.start_nodejs_with_inspect [FAIL]</Text>
      </RunInfo>
      <RunInfo computerName="NASONI-Z422" outcome="Error" timestamp="2019-11-20T16:36:56.0352185-08:00">
        <Text>[xUnit.net 00:00:08.01]     Azure.Functions.Cli.Tests.E2E.StartTests.start_dotnet_csharp [FAIL]</Text>
      </RunInfo>
      <RunInfo computerName="NASONI-Z422" outcome="Error" timestamp="2019-11-20T16:36:56.0362632-08:00">
        <Text>[xUnit.net 00:00:08.02]     Azure.Functions.Cli.Tests.E2E.StartTests.start_handles_empty_envvars_correctly [FAIL]</Text>
      </RunInfo>
      <RunInfo computerName="NASONI-Z422" outcome="Error" timestamp="2019-11-20T16:36:56.0373222-08:00">
        <Text>[xUnit.net 00:00:08.02]     Azure.Functions.Cli.Tests.E2E.StartTests.only_run_some_functions [FAIL]</Text>
      </RunInfo>
    </RunInfos>
  </ResultSummary>
</TestRun>