<?xml version="1.0" encoding="utf-8"?>
<TestRun id="8fb950fa-a00b-4963-a79a-e815d969cb46" name="nasoni@NASONI-Z422 2019-11-20 16:49:55" runUser="REDMOND\nasoni" xmlns="http://microsoft.com/schemas/VisualStudio/TeamTest/2010">
  <Times creation="2019-11-20T16:49:55.4077015-08:00" queuing="2019-11-20T16:49:55.4077035-08:00" start="2019-11-20T16:49:50.7722785-08:00" finish="2019-11-20T16:49:59.5073620-08:00" />
  <TestSettings name="default" id="6ee68f45-4418-45ba-ac84-91674af28b6d">
    <Deployment runDeploymentRoot="nasoni_NASONI-Z422_2019-11-20_16_49_55" />
  </TestSettings>
  <Results>
    <UnitTestResult executionId="8d925d2c-3d0e-49e8-be25-f9ef45b753f9" testId="4294c23d-5a13-c518-9e66-be8f5c903261" testName="Azure.Functions.Cli.Tests.KubernetesHelperUnitTests.ValidateKubernetesNames(name: &quot;name-with-numbers-938-234&quot;, isValid: True)" computerName="NASONI-Z422" duration="00:00:00.0010000" startTime="2019-11-20T16:49:56.1398657-08:00" endTime="2019-11-20T16:49:56.1398668-08:00" testType="13cdc9d9-ddb5-4fa4-a97d-d965ccfc6d4b" outcome="Passed" testListId="8c84fa94-04c1-424b-9868-57a2d4851a1d" relativeResultsDirectory="8d925d2c-3d0e-49e8-be25-f9ef45b753f9" />
    <UnitTestResult executionId="ddf644be-245c-4870-8184-4faf3604e07e" testId="39f587a1-adfa-40ac-1d64-2729707c10fc" testName="Azure.Functions.Cli.Tests.E2E.InitTests.init_ts_app_using_runtime" computerName="NASONI-Z422" duration="00:00:00.0030000" startTime="2019-11-20T16:49:56.0626538-08:00" endTime="2019-11-20T16:49:56.0626568-08:00" testType="13cdc9d9-ddb5-4fa4-a97d-d965ccfc6d4b" outcome="Failed" testListId="8c84fa94-04c1-424b-9868-57a2d4851a1d" relativeResultsDirectory="ddf644be-245c-4870-8184-4faf3604e07e">
      <Output>
        <StdOut>stdout: Running: &gt;  init . --worker-runtime typescript</StdOut>
        <ErrorInfo>
          <Message>System.InvalidOperationException : Cannot start process because a file name has not been provided.</Message>
          <StackTrace>   at System.Diagnostics.Process.Start()&#xD;
   at Azure.Functions.Cli.Common.Executable.RunAsync(Action`1 outputCallback, Action`1 errorCallback, Nullable`1 timeout, String stdIn) in D:\azureFun\azure-functions-core-tools\src\Azure.Functions.Cli\Common\Executable.cs:line 80&#xD;
   at Azure.Functions.Cli.Tests.E2E.Helpers.CliTester.InternalRun(String workingDir, RunConfiguration[] runConfigurations, ITestOutputHelper output, Boolean startHost) in d:\azureFun\azure-functions-core-tools\test\Azure.Functions.Cli.Tests\E2E\Helpers\CliTester.cs:line 85&#xD;
   at Azure.Functions.Cli.Tests.E2E.Helpers.CliTester.Run(RunConfiguration[] runConfigurations, ITestOutputHelper output, String workingDir, Boolean startHost) in d:\azureFun\azure-functions-core-tools\test\Azure.Functions.Cli.Tests\E2E\Helpers\CliTester.cs:line 35&#xD;
--- End of stack trace from previous location where exception was thrown ---</StackTrace>
        </ErrorInfo>
      </Output>
    </UnitTestResult>
    <UnitTestResult executionId="ab751321-715d-44bc-840c-cbbcada08497" testId="a724e0a0-4f3b-f44e-88bb-08d6494ab74a" testName="Azure.Functions.Cli.Tests.ActionsTests.ResolveActionTests.ResolveCommandLineCorrectly(args: &quot;durable get-history --id ab1b5de4c5a9450eafa5a4cf2&quot;..., returnType: typeof(Azure.Functions.Cli.Actions.DurableActions.DurableGetHistory))" computerName="NASONI-Z422" duration="00:00:00.0040000" startTime="2019-11-20T16:49:55.9148351-08:00" endTime="2019-11-20T16:49:55.9148420-08:00" testType="13cdc9d9-ddb5-4fa4-a97d-d965ccfc6d4b" outcome="Passed" testListId="8c84fa94-04c1-424b-9868-57a2d4851a1d" relativeResultsDirectory="ab751321-715d-44bc-840c-cbbcada08497" />
    <UnitTestResult executionId="39412079-f696-4361-9835-128baaf3c0e2" testId="3a25c399-9646-35b9-434d-2c4e07960aba" testName="Azure.Functions.Cli.Tests.E2E.InitTests.init_with_Dockerfile(workerRuntime: &quot;powershell&quot;)" computerName="NASONI-Z422" duration="00:00:00.0020000" startTime="2019-11-20T16:49:56.0682496-08:00" endTime="2019-11-20T16:49:56.0682542-08:00" testType="13cdc9d9-ddb5-4fa4-a97d-d965ccfc6d4b" outcome="Failed" testListId="8c84fa94-04c1-424b-9868-57a2d4851a1d" relativeResultsDirectory="39412079-f696-4361-9835-128baaf3c0e2">
      <Output>
        <StdOut>stdout: Running: &gt;  init . --worker-runtime powershell --docker</StdOut>
        <ErrorInfo>
          <Message>System.InvalidOperationException : Cannot start process because a file name has not been provided.</Message>
          <StackTrace>   at System.Diagnostics.Process.Start()&#xD;
   at Azure.Functions.Cli.Common.Executable.RunAsync(Action`1 outputCallback, Action`1 errorCallback, Nullable`1 timeout, String stdIn) in D:\azureFun\azure-functions-core-tools\src\Azure.Functions.Cli\Common\Executable.cs:line 80&#xD;
   at Azure.Functions.Cli.Tests.E2E.Helpers.CliTester.InternalRun(String workingDir, RunConfiguration[] runConfigurations, ITestOutputHelper output, Boolean startHost) in d:\azureFun\azure-functions-core-tools\test\Azure.Functions.Cli.Tests\E2E\Helpers\CliTester.cs:line 85&#xD;
   at Azure.Functions.Cli.Tests.E2E.Helpers.CliTester.Run(RunConfiguration[] runConfigurations, ITestOutputHelper output, String workingDir, Boolean startHost) in d:\azureFun\azure-functions-core-tools\test\Azure.Functions.Cli.Tests\E2E\Helpers\CliTester.cs:line 35&#xD;
--- End of stack trace from previous location where exception was thrown ---</StackTrace>
        </ErrorInfo>
      </Output>
    </UnitTestResult>
    <UnitTestResult executionId="2329dc48-d7c3-4f11-a0c9-1a6f3cb89e5a" testId="30b4d0c9-fe72-ccd3-41b4-452db0ee6a68" testName="Azure.Functions.Cli.Tests.E2E.InitTests.init_function_app_powershell_supports_managed_dependencies" computerName="NASONI-Z422" duration="00:00:00.0040000" startTime="2019-11-20T16:49:56.1135462-08:00" endTime="2019-11-20T16:49:56.1135519-08:00" testType="13cdc9d9-ddb5-4fa4-a97d-d965ccfc6d4b" outcome="Failed" testListId="8c84fa94-04c1-424b-9868-57a2d4851a1d" relativeResultsDirectory="2329dc48-d7c3-4f11-a0c9-1a6f3cb89e5a">
      <Output>
        <StdOut>stdout: Running: &gt;  init . --worker-runtime powershell --managed-dependencies</StdOut>
        <ErrorInfo>
          <Message>System.InvalidOperationException : Cannot start process because a file name has not been provided.</Message>
          <StackTrace>   at System.Diagnostics.Process.Start()&#xD;
   at Azure.Functions.Cli.Common.Executable.RunAsync(Action`1 outputCallback, Action`1 errorCallback, Nullable`1 timeout, String stdIn) in D:\azureFun\azure-functions-core-tools\src\Azure.Functions.Cli\Common\Executable.cs:line 80&#xD;
   at Azure.Functions.Cli.Tests.E2E.Helpers.CliTester.InternalRun(String workingDir, RunConfiguration[] runConfigurations, ITestOutputHelper output, Boolean startHost) in d:\azureFun\azure-functions-core-tools\test\Azure.Functions.Cli.Tests\E2E\Helpers\CliTester.cs:line 85&#xD;
   at Azure.Functions.Cli.Tests.E2E.Helpers.CliTester.Run(RunConfiguration[] runConfigurations, ITestOutputHelper output, String workingDir, Boolean startHost) in d:\azureFun\azure-functions-core-tools\test\Azure.Functions.Cli.Tests\E2E\Helpers\CliTester.cs:line 35&#xD;
--- End of stack trace from previous location where exception was thrown ---</StackTrace>
        </ErrorInfo>
      </Output>
    </UnitTestResult>
    <UnitTestResult executionId="93a156d5-0144-4259-89fd-ccfcd506c5cb" testId="54335ae6-240d-50a8-0ad6-445a6942b2d8" testName="Azure.Functions.Cli.Tests.ActionsTests.ResolveActionTests.ResolveCommandLineCorrectly(args: &quot;azure subscriptions list&quot;, returnType: typeof(Azure.Functions.Cli.Actions.AzureActions.DeprecatedAzureActions))" computerName="NASONI-Z422" duration="00:00:00.3440000" startTime="2019-11-20T16:49:55.7609039-08:00" endTime="2019-11-20T16:49:55.7609108-08:00" testType="13cdc9d9-ddb5-4fa4-a97d-d965ccfc6d4b" outcome="Passed" testListId="8c84fa94-04c1-424b-9868-57a2d4851a1d" relativeResultsDirectory="93a156d5-0144-4259-89fd-ccfcd506c5cb" />
    <UnitTestResult executionId="af8e5175-f6ef-4d45-a984-b45e0e694a47" testId="e85947ae-606d-a182-c346-4b538925928d" testName="Azure.Functions.Cli.Tests.ExtensionsTests.GenericExtensionsTests.MergeWithTest" computerName="NASONI-Z422" duration="00:00:00.0110000" startTime="2019-11-20T16:49:56.1758849-08:00" endTime="2019-11-20T16:49:56.1758916-08:00" testType="13cdc9d9-ddb5-4fa4-a97d-d965ccfc6d4b" outcome="Passed" testListId="8c84fa94-04c1-424b-9868-57a2d4851a1d" relativeResultsDirectory="af8e5175-f6ef-4d45-a984-b45e0e694a47" />
    <UnitTestResult executionId="02fafcba-63dd-4e9b-a4d7-7735587a396f" testId="559d4974-8bb6-79f3-b951-eb7c787ce1a9" testName="Azure.Functions.Cli.Tests.ActionsTests.ResolveActionTests.ResolveCommandLineCorrectly(args: &quot;durable terminate --id ab1b5de4c5a9450eafa5a4cf249&quot;..., returnType: typeof(Azure.Functions.Cli.Actions.DurableActions.DurableTerminate))" computerName="NASONI-Z422" duration="00:00:00.0020000" startTime="2019-11-20T16:49:55.9374742-08:00" endTime="2019-11-20T16:49:55.9374772-08:00" testType="13cdc9d9-ddb5-4fa4-a97d-d965ccfc6d4b" outcome="Passed" testListId="8c84fa94-04c1-424b-9868-57a2d4851a1d" relativeResultsDirectory="02fafcba-63dd-4e9b-a4d7-7735587a396f" />
    <UnitTestResult executionId="a616acf6-01a5-4689-8613-32d8d5ec0f1e" testId="a105b8a7-3d94-be93-e9c3-561cbf250f62" testName="Azure.Functions.Cli.Tests.E2E.InitTests.init_with_no_source_control" computerName="NASONI-Z422" duration="00:00:00.0030000" startTime="2019-11-20T16:49:56.0570915-08:00" endTime="2019-11-20T16:49:56.0570950-08:00" testType="13cdc9d9-ddb5-4fa4-a97d-d965ccfc6d4b" outcome="Failed" testListId="8c84fa94-04c1-424b-9868-57a2d4851a1d" relativeResultsDirectory="a616acf6-01a5-4689-8613-32d8d5ec0f1e">
      <Output>
        <StdOut>stdout: Running: &gt;  init . --worker-runtime node</StdOut>
        <ErrorInfo>
          <Message>System.InvalidOperationException : Cannot start process because a file name has not been provided.</Message>
          <StackTrace>   at System.Diagnostics.Process.Start()&#xD;
   at Azure.Functions.Cli.Common.Executable.RunAsync(Action`1 outputCallback, Action`1 errorCallback, Nullable`1 timeout, String stdIn) in D:\azureFun\azure-functions-core-tools\src\Azure.Functions.Cli\Common\Executable.cs:line 80&#xD;
   at Azure.Functions.Cli.Tests.E2E.Helpers.CliTester.InternalRun(String workingDir, RunConfiguration[] runConfigurations, ITestOutputHelper output, Boolean startHost) in d:\azureFun\azure-functions-core-tools\test\Azure.Functions.Cli.Tests\E2E\Helpers\CliTester.cs:line 85&#xD;
   at Azure.Functions.Cli.Tests.E2E.Helpers.CliTester.Run(RunConfiguration[] runConfigurations, ITestOutputHelper output, String workingDir, Boolean startHost) in d:\azureFun\azure-functions-core-tools\test\Azure.Functions.Cli.Tests\E2E\Helpers\CliTester.cs:line 35&#xD;
--- End of stack trace from previous location where exception was thrown ---</StackTrace>
        </ErrorInfo>
      </Output>
    </UnitTestResult>
    <UnitTestResult executionId="3fa8785b-bd7e-4042-a028-820f15e12c94" testId="5a0907e1-44cd-b1c2-b6e9-e611e9df4e2f" testName="Azure.Functions.Cli.Tests.ActionsTests.ResolveActionTests.ResolveCommandLineCorrectly(args: &quot;host start&quot;, returnType: typeof(Azure.Functions.Cli.Actions.HostActions.StartHostAction))" computerName="NASONI-Z422" duration="00:00:00.0070000" startTime="2019-11-20T16:49:56.0099156-08:00" endTime="2019-11-20T16:49:56.0099182-08:00" testType="13cdc9d9-ddb5-4fa4-a97d-d965ccfc6d4b" outcome="Passed" testListId="8c84fa94-04c1-424b-9868-57a2d4851a1d" relativeResultsDirectory="3fa8785b-bd7e-4042-a028-820f15e12c94" />
    <UnitTestResult executionId="9be3682b-8473-4b84-8660-dca1940b629e" testId="11005bc6-8362-3874-994e-dcc2ca997623" testName="Azure.Functions.Cli.Tests.ActionsTests.ResolveActionTests.ResolveCommandLineCorrectly(args: &quot;durable delete-task-hub --connection-string-settin&quot;..., returnType: typeof(Azure.Functions.Cli.Actions.DurableActions.DurableDeleteTaskHub))" computerName="NASONI-Z422" duration="00:00:00.0020000" startTime="2019-11-20T16:49:56.0175480-08:00" endTime="2019-11-20T16:49:56.0175506-08:00" testType="13cdc9d9-ddb5-4fa4-a97d-d965ccfc6d4b" outcome="Passed" testListId="8c84fa94-04c1-424b-9868-57a2d4851a1d" relativeResultsDirectory="9be3682b-8473-4b84-8660-dca1940b629e" />
    <UnitTestResult executionId="5652d518-2218-467d-b833-39e6ee2ea7c3" testId="e542b29f-26d5-de41-c655-0b8a6a89cc04" testName="Azure.Functions.Cli.Tests.ExtensionsTests.StringExtensionsTests.TestSanitizeImageNameWithBadInputValueThrowArgumentException(input: &quot;&quot;)" computerName="NASONI-Z422" duration="00:00:00.0100000" startTime="2019-11-20T16:49:55.0154162-08:00" endTime="2019-11-20T16:49:55.0154272-08:00" testType="13cdc9d9-ddb5-4fa4-a97d-d965ccfc6d4b" outcome="Passed" testListId="8c84fa94-04c1-424b-9868-57a2d4851a1d" relativeResultsDirectory="5652d518-2218-467d-b833-39e6ee2ea7c3" />
    <UnitTestResult executionId="96bb524c-56ea-464e-acb2-43ee32e2dda2" testId="960dacc8-28ff-c3ef-de0d-8f335862fba1" testName="Azure.Functions.Cli.Tests.E2E.CreateFunctionTests.create_template_function_js_no_space_name" computerName="NASONI-Z422" duration="00:00:00.0030000" startTime="2019-11-20T16:49:58.7801633-08:00" endTime="2019-11-20T16:49:58.7801691-08:00" testType="13cdc9d9-ddb5-4fa4-a97d-d965ccfc6d4b" outcome="Failed" testListId="8c84fa94-04c1-424b-9868-57a2d4851a1d" relativeResultsDirectory="96bb524c-56ea-464e-acb2-43ee32e2dda2">
      <Output>
        <StdOut>stdout: Running: &gt;  init . --worker-runtime node</StdOut>
        <ErrorInfo>
          <Message>System.InvalidOperationException : Cannot start process because a file name has not been provided.</Message>
          <StackTrace>   at System.Diagnostics.Process.Start()&#xD;
   at Azure.Functions.Cli.Common.Executable.RunAsync(Action`1 outputCallback, Action`1 errorCallback, Nullable`1 timeout, String stdIn) in D:\azureFun\azure-functions-core-tools\src\Azure.Functions.Cli\Common\Executable.cs:line 80&#xD;
   at Azure.Functions.Cli.Tests.E2E.Helpers.CliTester.InternalRun(String workingDir, RunConfiguration[] runConfigurations, ITestOutputHelper output, Boolean startHost) in d:\azureFun\azure-functions-core-tools\test\Azure.Functions.Cli.Tests\E2E\Helpers\CliTester.cs:line 85&#xD;
   at Azure.Functions.Cli.Tests.E2E.Helpers.CliTester.Run(RunConfiguration[] runConfigurations, ITestOutputHelper output, String workingDir, Boolean startHost) in d:\azureFun\azure-functions-core-tools\test\Azure.Functions.Cli.Tests\E2E\Helpers\CliTester.cs:line 35&#xD;
   at Azure.Functions.Cli.Tests.E2E.CreateFunctionTests.create_template_function_js_no_space_name() in d:\azureFun\azure-functions-core-tools\test\Azure.Functions.Cli.Tests\E2E\CreateFunctionTests.cs:line 77&#xD;
--- End of stack trace from previous location where exception was thrown ---</StackTrace>
        </ErrorInfo>
      </Output>
    </UnitTestResult>
    <UnitTestResult executionId="d35df821-7c23-430d-b561-9564303aa52b" testId="ce1bf570-d638-65cf-e454-24922ad5d615" testName="Azure.Functions.Cli.Tests.ActionsTests.ResolveActionTests.ResolveCommandLineCorrectly(args: &quot;azure functionapp enable-git-repo appName&quot;, returnType: typeof(Azure.Functions.Cli.Actions.AzureActions.DeprecatedAzureActions))" computerName="NASONI-Z422" duration="00:00:00.0010000" startTime="2019-11-20T16:49:55.9352415-08:00" endTime="2019-11-20T16:49:55.9352452-08:00" testType="13cdc9d9-ddb5-4fa4-a97d-d965ccfc6d4b" outcome="Passed" testListId="8c84fa94-04c1-424b-9868-57a2d4851a1d" relativeResultsDirectory="d35df821-7c23-430d-b561-9564303aa52b" />
    <UnitTestResult executionId="e8e375f7-cef1-49eb-8834-639c99f84316" testId="b35b8e5a-1843-c42b-1874-f4424f2bb10b" testName="Azure.Functions.Cli.Tests.ActionsTests.ResolveActionTests.ResolveCommandLineCorrectly(args: &quot;function new&quot;, returnType: typeof(Azure.Functions.Cli.Actions.LocalActions.CreateFunctionAction))" computerName="NASONI-Z422" duration="00:00:00.0010000" startTime="2019-11-20T16:49:56.0137863-08:00" endTime="2019-11-20T16:49:56.0137888-08:00" testType="13cdc9d9-ddb5-4fa4-a97d-d965ccfc6d4b" outcome="Passed" testListId="8c84fa94-04c1-424b-9868-57a2d4851a1d" relativeResultsDirectory="e8e375f7-cef1-49eb-8834-639c99f84316" />
    <UnitTestResult executionId="e68bb220-028a-4ad4-a519-3ad185c53d0c" testId="9bbeac1c-700a-59f3-e77e-496e9e6ff3c1" testName="Azure.Functions.Cli.Tests.E2E.SettingsTests.add_setting_encrypted" computerName="NASONI-Z422" duration="00:00:00.0040000" startTime="2019-11-20T16:49:56.1610360-08:00" endTime="2019-11-20T16:49:56.1610422-08:00" testType="13cdc9d9-ddb5-4fa4-a97d-d965ccfc6d4b" outcome="Failed" testListId="8c84fa94-04c1-424b-9868-57a2d4851a1d" relativeResultsDirectory="e68bb220-028a-4ad4-a519-3ad185c53d0c">
      <Output>
        <StdOut>stdout: Running: &gt;  init . --worker-runtime node</StdOut>
        <ErrorInfo>
          <Message>System.InvalidOperationException : Cannot start process because a file name has not been provided.</Message>
          <StackTrace>   at System.Diagnostics.Process.Start()&#xD;
   at Azure.Functions.Cli.Common.Executable.RunAsync(Action`1 outputCallback, Action`1 errorCallback, Nullable`1 timeout, String stdIn) in D:\azureFun\azure-functions-core-tools\src\Azure.Functions.Cli\Common\Executable.cs:line 80&#xD;
   at Azure.Functions.Cli.Tests.E2E.Helpers.CliTester.InternalRun(String workingDir, RunConfiguration[] runConfigurations, ITestOutputHelper output, Boolean startHost) in d:\azureFun\azure-functions-core-tools\test\Azure.Functions.Cli.Tests\E2E\Helpers\CliTester.cs:line 85&#xD;
   at Azure.Functions.Cli.Tests.E2E.Helpers.CliTester.Run(RunConfiguration[] runConfigurations, ITestOutputHelper output, String workingDir, Boolean startHost) in d:\azureFun\azure-functions-core-tools\test\Azure.Functions.Cli.Tests\E2E\Helpers\CliTester.cs:line 35&#xD;
   at Azure.Functions.Cli.Tests.E2E.SettingsTests.add_setting_encrypted() in d:\azureFun\azure-functions-core-tools\test\Azure.Functions.Cli.Tests\E2E\SettingsTests.cs:line 42&#xD;
--- End of stack trace from previous location where exception was thrown ---</StackTrace>
        </ErrorInfo>
      </Output>
    </UnitTestResult>
    <UnitTestResult executionId="a9cea5f2-dd50-4568-a81c-d135edd2bb88" testId="c226dbe1-d186-ab67-74ad-e414345f8981" testName="Azure.Functions.Cli.Tests.ExtensionsTests.StringExtensionsTests.TestSanitizeImageNameWithBadInputValueThrowArgumentException(input: null)" computerName="NASONI-Z422" duration="00:00:00.0010000" startTime="2019-11-20T16:49:55.0246508-08:00" endTime="2019-11-20T16:49:55.0246518-08:00" testType="13cdc9d9-ddb5-4fa4-a97d-d965ccfc6d4b" outcome="Passed" testListId="8c84fa94-04c1-424b-9868-57a2d4851a1d" relativeResultsDirectory="a9cea5f2-dd50-4568-a81c-d135edd2bb88" />
    <UnitTestResult executionId="5dfcfe08-00d6-4811-be86-fcffbb74954b" testId="6a345911-baa6-bb56-bc12-24864aefd6f7" testName="Azure.Functions.Cli.Tests.KubernetesHelperUnitTests.PopulateMetadataDictionary_CorrectlyPopulatesRabbitMQMetadata" computerName="NASONI-Z422" duration="00:00:00.0160000" startTime="2019-11-20T16:49:56.1557520-08:00" endTime="2019-11-20T16:49:56.1557591-08:00" testType="13cdc9d9-ddb5-4fa4-a97d-d965ccfc6d4b" outcome="Passed" testListId="8c84fa94-04c1-424b-9868-57a2d4851a1d" relativeResultsDirectory="5dfcfe08-00d6-4811-be86-fcffbb74954b" />
    <UnitTestResult executionId="a6e2f78e-b501-4ac5-8286-4fb85d4011a2" testId="09a24798-7d10-8250-f686-8d60e9ff7701" testName="Azure.Functions.Cli.Tests.ActionsTests.ResolveActionTests.ResolveCommandLineCorrectly(args: &quot;function create&quot;, returnType: typeof(Azure.Functions.Cli.Actions.LocalActions.CreateFunctionAction))" computerName="NASONI-Z422" duration="00:00:00.0020000" startTime="2019-11-20T16:49:55.8528082-08:00" endTime="2019-11-20T16:49:55.8528107-08:00" testType="13cdc9d9-ddb5-4fa4-a97d-d965ccfc6d4b" outcome="Passed" testListId="8c84fa94-04c1-424b-9868-57a2d4851a1d" relativeResultsDirectory="a6e2f78e-b501-4ac5-8286-4fb85d4011a2" />
    <UnitTestResult executionId="023cba1f-6a12-44a7-9168-a81f188bd98b" testId="d29c38c5-cda9-71df-9512-4f03f668c2b1" testName="Azure.Functions.Cli.Tests.E2E.SettingsTests.add_setting_plain_text" computerName="NASONI-Z422" duration="00:00:00.0030000" startTime="2019-11-20T16:49:56.1649279-08:00" endTime="2019-11-20T16:49:56.1649339-08:00" testType="13cdc9d9-ddb5-4fa4-a97d-d965ccfc6d4b" outcome="Failed" testListId="8c84fa94-04c1-424b-9868-57a2d4851a1d" relativeResultsDirectory="023cba1f-6a12-44a7-9168-a81f188bd98b">
      <Output>
        <StdOut>stdout: Running: &gt;  init . --worker-runtime node</StdOut>
        <ErrorInfo>
          <Message>System.InvalidOperationException : Cannot start process because a file name has not been provided.</Message>
          <StackTrace>   at System.Diagnostics.Process.Start()&#xD;
   at Azure.Functions.Cli.Common.Executable.RunAsync(Action`1 outputCallback, Action`1 errorCallback, Nullable`1 timeout, String stdIn) in D:\azureFun\azure-functions-core-tools\src\Azure.Functions.Cli\Common\Executable.cs:line 80&#xD;
   at Azure.Functions.Cli.Tests.E2E.Helpers.CliTester.InternalRun(String workingDir, RunConfiguration[] runConfigurations, ITestOutputHelper output, Boolean startHost) in d:\azureFun\azure-functions-core-tools\test\Azure.Functions.Cli.Tests\E2E\Helpers\CliTester.cs:line 85&#xD;
   at Azure.Functions.Cli.Tests.E2E.Helpers.CliTester.Run(RunConfiguration[] runConfigurations, ITestOutputHelper output, String workingDir, Boolean startHost) in d:\azureFun\azure-functions-core-tools\test\Azure.Functions.Cli.Tests\E2E\Helpers\CliTester.cs:line 35&#xD;
   at Azure.Functions.Cli.Tests.E2E.SettingsTests.add_setting_plain_text() in d:\azureFun\azure-functions-core-tools\test\Azure.Functions.Cli.Tests\E2E\SettingsTests.cs:line 17&#xD;
--- End of stack trace from previous location where exception was thrown ---</StackTrace>
        </ErrorInfo>
      </Output>
    </UnitTestResult>
    <UnitTestResult executionId="2bcefdc9-80bb-499a-bc5d-4a96e3b7487d" testId="e38355ca-51da-6c05-323b-fb02d0d6ded6" testName="Azure.Functions.Cli.Tests.E2E.InitTests.init_app_with_spaces" computerName="NASONI-Z422" duration="00:00:00.0020000" startTime="2019-11-20T16:49:56.0597016-08:00" endTime="2019-11-20T16:49:56.0597049-08:00" testType="13cdc9d9-ddb5-4fa4-a97d-d965ccfc6d4b" outcome="Failed" testListId="8c84fa94-04c1-424b-9868-57a2d4851a1d" relativeResultsDirectory="2bcefdc9-80bb-499a-bc5d-4a96e3b7487d">
      <Output>
        <ErrorInfo>
          <Message>System.InvalidOperationException : Cannot start process because a file name has not been provided.</Message>
          <StackTrace>   at System.Diagnostics.Process.Start()&#xD;
   at Azure.Functions.Cli.Common.Executable.RunAsync(Action`1 outputCallback, Action`1 errorCallback, Nullable`1 timeout, String stdIn) in D:\azureFun\azure-functions-core-tools\src\Azure.Functions.Cli\Common\Executable.cs:line 80&#xD;
   at Azure.Functions.Cli.Tests.E2E.Helpers.CliTester.InternalRun(String workingDir, RunConfiguration[] runConfigurations, ITestOutputHelper output, Boolean startHost) in d:\azureFun\azure-functions-core-tools\test\Azure.Functions.Cli.Tests\E2E\Helpers\CliTester.cs:line 85&#xD;
   at Azure.Functions.Cli.Tests.E2E.Helpers.CliTester.Run(RunConfiguration[] runConfigurations, ITestOutputHelper output, String workingDir, Boolean startHost) in d:\azureFun\azure-functions-core-tools\test\Azure.Functions.Cli.Tests\E2E\Helpers\CliTester.cs:line 35&#xD;
--- End of stack trace from previous location where exception was thrown ---</StackTrace>
        </ErrorInfo>
      </Output>
    </UnitTestResult>
    <UnitTestResult executionId="c689b197-63fb-4a13-a532-e7ee0b641ae0" testId="c1732864-2ff6-7242-778b-b3833fe8c752" testName="Azure.Functions.Cli.Tests.UriExtensionsTests.IsJsonTest(value: null, expected: False)" computerName="NASONI-Z422" duration="00:00:00.0010000" startTime="2019-11-20T16:49:56.2253474-08:00" endTime="2019-11-20T16:49:56.2253489-08:00" testType="13cdc9d9-ddb5-4fa4-a97d-d965ccfc6d4b" outcome="Passed" testListId="8c84fa94-04c1-424b-9868-57a2d4851a1d" relativeResultsDirectory="c689b197-63fb-4a13-a532-e7ee0b641ae0" />
    <UnitTestResult executionId="08cf79d2-96ec-4650-bef5-22ed34a11006" testId="6c3067fd-9bb8-1e0f-ecd6-371134f53472" testName="Azure.Functions.Cli.Tests.PythonHelperTests.WorkerInfoRuntimeShouldBePython" computerName="NASONI-Z422" duration="00:00:00.3250000" startTime="2019-11-20T16:49:55.3546217-08:00" endTime="2019-11-20T16:49:55.3546284-08:00" testType="13cdc9d9-ddb5-4fa4-a97d-d965ccfc6d4b" outcome="Passed" testListId="8c84fa94-04c1-424b-9868-57a2d4851a1d" relativeResultsDirectory="08cf79d2-96ec-4650-bef5-22ed34a11006" />
    <UnitTestResult executionId="87f07a0a-aac2-4af5-9e4e-37b4498dc029" testId="0b3dd3f8-b7f5-9046-8c8b-7e8ae6185a15" testName="Azure.Functions.Cli.Tests.GitIgnoreParserTests.DeniesShouldNotDenyTheGivenFilenames" computerName="NASONI-Z422" duration="00:00:00.0010000" startTime="2019-11-20T16:49:58.7246173-08:00" endTime="2019-11-20T16:49:58.7246198-08:00" testType="13cdc9d9-ddb5-4fa4-a97d-d965ccfc6d4b" outcome="Passed" testListId="8c84fa94-04c1-424b-9868-57a2d4851a1d" relativeResultsDirectory="87f07a0a-aac2-4af5-9e4e-37b4498dc029" />
    <UnitTestResult executionId="c7b85ed3-ce51-4273-adf6-ec66779ae63f" testId="0a5938eb-862d-0722-e438-585ebbece6a0" testName="Azure.Functions.Cli.Tests.E2E.StartTests.start_nodejs_with_inspect" computerName="NASONI-Z422" duration="00:00:00.0080000" startTime="2019-11-20T16:49:56.2046252-08:00" endTime="2019-11-20T16:49:56.2046349-08:00" testType="13cdc9d9-ddb5-4fa4-a97d-d965ccfc6d4b" outcome="Failed" testListId="8c84fa94-04c1-424b-9868-57a2d4851a1d" relativeResultsDirectory="c7b85ed3-ce51-4273-adf6-ec66779ae63f">
      <Output>
        <StdOut>stdout: Running: &gt;  init . --worker-runtime node</StdOut>
        <ErrorInfo>
          <Message>System.InvalidOperationException : Cannot start process because a file name has not been provided.</Message>
          <StackTrace>   at System.Diagnostics.Process.Start()&#xD;
   at Azure.Functions.Cli.Common.Executable.RunAsync(Action`1 outputCallback, Action`1 errorCallback, Nullable`1 timeout, String stdIn) in D:\azureFun\azure-functions-core-tools\src\Azure.Functions.Cli\Common\Executable.cs:line 80&#xD;
   at Azure.Functions.Cli.Tests.E2E.Helpers.CliTester.InternalRun(String workingDir, RunConfiguration[] runConfigurations, ITestOutputHelper output, Boolean startHost) in d:\azureFun\azure-functions-core-tools\test\Azure.Functions.Cli.Tests\E2E\Helpers\CliTester.cs:line 85&#xD;
   at Azure.Functions.Cli.Tests.E2E.Helpers.CliTester.Run(RunConfiguration[] runConfigurations, ITestOutputHelper output, String workingDir, Boolean startHost) in d:\azureFun\azure-functions-core-tools\test\Azure.Functions.Cli.Tests\E2E\Helpers\CliTester.cs:line 35&#xD;
   at Azure.Functions.Cli.Tests.E2E.StartTests.start_nodejs_with_inspect() in d:\azureFun\azure-functions-core-tools\test\Azure.Functions.Cli.Tests\E2E\StartTests.cs:line 56&#xD;
--- End of stack trace from previous location where exception was thrown ---</StackTrace>
        </ErrorInfo>
      </Output>
    </UnitTestResult>
    <UnitTestResult executionId="6378b066-e8ff-478c-b2fd-25e376505bdd" testId="1f139edb-3deb-53fc-282b-42dee878aa2d" testName="Azure.Functions.Cli.Tests.ActionsTests.ResolveActionTests.ResolveCommandLineCorrectly(args: &quot;azure login&quot;, returnType: typeof(Azure.Functions.Cli.Actions.AzureActions.DeprecatedAzureActions))" computerName="NASONI-Z422" duration="00:00:00.0010000" startTime="2019-11-20T16:49:55.8559090-08:00" endTime="2019-11-20T16:49:55.8559103-08:00" testType="13cdc9d9-ddb5-4fa4-a97d-d965ccfc6d4b" outcome="Passed" testListId="8c84fa94-04c1-424b-9868-57a2d4851a1d" relativeResultsDirectory="6378b066-e8ff-478c-b2fd-25e376505bdd" />
    <UnitTestResult executionId="2673fe03-8ac9-4350-9006-a2842701cf3c" testId="edbad474-5a85-0780-7ef4-8ccfb334ea3c" testName="Azure.Functions.Cli.Tests.E2E.InitTests.init_with_Dockerfile_for_csx" computerName="NASONI-Z422" duration="00:00:00.0030000" startTime="2019-11-20T16:49:56.1234011-08:00" endTime="2019-11-20T16:49:56.1234075-08:00" testType="13cdc9d9-ddb5-4fa4-a97d-d965ccfc6d4b" outcome="Failed" testListId="8c84fa94-04c1-424b-9868-57a2d4851a1d" relativeResultsDirectory="2673fe03-8ac9-4350-9006-a2842701cf3c">
      <Output>
        <StdOut>stdout: Running: &gt;  init . --worker-runtime dotnet --docker --csx</StdOut>
        <ErrorInfo>
          <Message>System.InvalidOperationException : Cannot start process because a file name has not been provided.</Message>
          <StackTrace>   at System.Diagnostics.Process.Start()&#xD;
   at Azure.Functions.Cli.Common.Executable.RunAsync(Action`1 outputCallback, Action`1 errorCallback, Nullable`1 timeout, String stdIn) in D:\azureFun\azure-functions-core-tools\src\Azure.Functions.Cli\Common\Executable.cs:line 80&#xD;
   at Azure.Functions.Cli.Tests.E2E.Helpers.CliTester.InternalRun(String workingDir, RunConfiguration[] runConfigurations, ITestOutputHelper output, Boolean startHost) in d:\azureFun\azure-functions-core-tools\test\Azure.Functions.Cli.Tests\E2E\Helpers\CliTester.cs:line 85&#xD;
   at Azure.Functions.Cli.Tests.E2E.Helpers.CliTester.Run(RunConfiguration[] runConfigurations, ITestOutputHelper output, String workingDir, Boolean startHost) in d:\azureFun\azure-functions-core-tools\test\Azure.Functions.Cli.Tests\E2E\Helpers\CliTester.cs:line 35&#xD;
--- End of stack trace from previous location where exception was thrown ---</StackTrace>
        </ErrorInfo>
      </Output>
    </UnitTestResult>
    <UnitTestResult executionId="3cfab1c9-90f2-4a18-92d4-9217dbcc856a" testId="4439d28f-70dc-fe99-d774-89dccfddc844" testName="Azure.Functions.Cli.Tests.ActionsTests.ResolveActionTests.ResolveCommandLineCorrectly(args: &quot;durable raise-event --id ab1b5de4c5a9450eafa5a4cf2&quot;..., returnType: typeof(Azure.Functions.Cli.Actions.DurableActions.DurableRaiseEvent))" computerName="NASONI-Z422" duration="00:00:00.0040000" startTime="2019-11-20T16:49:55.9101823-08:00" endTime="2019-11-20T16:49:55.9101861-08:00" testType="13cdc9d9-ddb5-4fa4-a97d-d965ccfc6d4b" outcome="Passed" testListId="8c84fa94-04c1-424b-9868-57a2d4851a1d" relativeResultsDirectory="3cfab1c9-90f2-4a18-92d4-9217dbcc856a" />
    <UnitTestResult executionId="95087821-32b6-4705-9713-b89a88025eb2" testId="cf282906-9063-86ff-c930-5ea8afcf5d9b" testName="Azure.Functions.Cli.Tests.E2E.CreateFunctionTests.create_template_function_using_alias" computerName="NASONI-Z422" duration="00:00:00.0030000" startTime="2019-11-20T16:49:58.7762533-08:00" endTime="2019-11-20T16:49:58.7762595-08:00" testType="13cdc9d9-ddb5-4fa4-a97d-d965ccfc6d4b" outcome="Failed" testListId="8c84fa94-04c1-424b-9868-57a2d4851a1d" relativeResultsDirectory="95087821-32b6-4705-9713-b89a88025eb2">
      <Output>
        <StdOut>stdout: Running: &gt;  init . --worker-runtime node</StdOut>
        <ErrorInfo>
          <Message>System.InvalidOperationException : Cannot start process because a file name has not been provided.</Message>
          <StackTrace>   at System.Diagnostics.Process.Start()&#xD;
   at Azure.Functions.Cli.Common.Executable.RunAsync(Action`1 outputCallback, Action`1 errorCallback, Nullable`1 timeout, String stdIn) in D:\azureFun\azure-functions-core-tools\src\Azure.Functions.Cli\Common\Executable.cs:line 80&#xD;
   at Azure.Functions.Cli.Tests.E2E.Helpers.CliTester.InternalRun(String workingDir, RunConfiguration[] runConfigurations, ITestOutputHelper output, Boolean startHost) in d:\azureFun\azure-functions-core-tools\test\Azure.Functions.Cli.Tests\E2E\Helpers\CliTester.cs:line 85&#xD;
   at Azure.Functions.Cli.Tests.E2E.Helpers.CliTester.Run(RunConfiguration[] runConfigurations, ITestOutputHelper output, String workingDir, Boolean startHost) in d:\azureFun\azure-functions-core-tools\test\Azure.Functions.Cli.Tests\E2E\Helpers\CliTester.cs:line 35&#xD;
   at Azure.Functions.Cli.Tests.E2E.CreateFunctionTests.create_template_function_using_alias() in d:\azureFun\azure-functions-core-tools\test\Azure.Functions.Cli.Tests\E2E\CreateFunctionTests.cs:line 60&#xD;
--- End of stack trace from previous location where exception was thrown ---</StackTrace>
        </ErrorInfo>
      </Output>
    </UnitTestResult>
    <UnitTestResult executionId="8f00e6cc-4016-4501-a671-43593c8c31f9" testId="f4da3906-151c-06c4-2cac-a0c074c038b4" testName="Azure.Functions.Cli.Tests.ActionsTests.ResolveActionTests.ResolveCommandLineCorrectly(args: &quot;azure logout&quot;, returnType: typeof(Azure.Functions.Cli.Actions.AzureActions.DeprecatedAzureActions))" computerName="NASONI-Z422" duration="00:00:00.0010000" startTime="2019-11-20T16:49:56.0147637-08:00" endTime="2019-11-20T16:49:56.0147662-08:00" testType="13cdc9d9-ddb5-4fa4-a97d-d965ccfc6d4b" outcome="Passed" testListId="8c84fa94-04c1-424b-9868-57a2d4851a1d" relativeResultsDirectory="8f00e6cc-4016-4501-a671-43593c8c31f9" />
    <UnitTestResult executionId="c950b289-6f41-41bb-a25b-976e1e007023" testId="9d8b1930-fa6e-f013-0673-eadb1590517a" testName="Azure.Functions.Cli.Tests.E2E.DurableTests.DurableStartNewTest_FileInput" computerName="NASONI-Z422" duration="00:00:00.0010000" startTime="2019-11-20T16:49:58.6277973-08:00" endTime="2019-11-20T16:49:58.6278005-08:00" testType="13cdc9d9-ddb5-4fa4-a97d-d965ccfc6d4b" outcome="NotExecuted" testListId="8c84fa94-04c1-424b-9868-57a2d4851a1d" relativeResultsDirectory="c950b289-6f41-41bb-a25b-976e1e007023">
      <Output>
        <StdOut>Durable E2E tests need a storage account connection</StdOut>
      </Output>
    </UnitTestResult>
    <UnitTestResult executionId="79055a87-4323-4420-aac1-b2cc395e7ac7" testId="58dd0057-84d2-2bc0-2c61-ba1b40563254" testName="Azure.Functions.Cli.Tests.ActionsTests.ResolveActionTests.ResolveCommandLineCorrectly(args: &quot;azure storage fetch-connection-string storageName&quot;, returnType: typeof(Azure.Functions.Cli.Actions.AzureActions.AddStorageAccountSettingAction))" computerName="NASONI-Z422" duration="00:00:00.0520000" startTime="2019-11-20T16:49:56.0011995-08:00" endTime="2019-11-20T16:49:56.0012064-08:00" testType="13cdc9d9-ddb5-4fa4-a97d-d965ccfc6d4b" outcome="Passed" testListId="8c84fa94-04c1-424b-9868-57a2d4851a1d" relativeResultsDirectory="79055a87-4323-4420-aac1-b2cc395e7ac7" />
    <UnitTestResult executionId="2613a534-aee7-471b-b74d-a8f0ebfd2c87" testId="fbcb31e4-45ed-0d03-0559-73dcb287008b" testName="Azure.Functions.Cli.Tests.GitIgnoreParserTests.DeniesShouldNotDenyNestedUnignoredFilesInIgnoredDirectories" computerName="NASONI-Z422" duration="00:00:00.0030000" startTime="2019-11-20T16:49:58.7283533-08:00" endTime="2019-11-20T16:49:58.7283563-08:00" testType="13cdc9d9-ddb5-4fa4-a97d-d965ccfc6d4b" outcome="Passed" testListId="8c84fa94-04c1-424b-9868-57a2d4851a1d" relativeResultsDirectory="2613a534-aee7-471b-b74d-a8f0ebfd2c87" />
    <UnitTestResult executionId="4faf4ae0-a65d-4788-a781-6be4a14c9788" testId="99cb63a8-7e08-ff45-2917-537ab2cd414e" testName="Azure.Functions.Cli.Tests.GitIgnoreParserTests.AcceptShouldAcceptTheGivenFilenames" computerName="NASONI-Z422" duration="00:00:00.0010000" startTime="2019-11-20T16:49:58.7240777-08:00" endTime="2019-11-20T16:49:58.7240802-08:00" testType="13cdc9d9-ddb5-4fa4-a97d-d965ccfc6d4b" outcome="Passed" testListId="8c84fa94-04c1-424b-9868-57a2d4851a1d" relativeResultsDirectory="4faf4ae0-a65d-4788-a781-6be4a14c9788" />
    <UnitTestResult executionId="b792afe9-7318-40e1-81b9-8ac20a73618e" testId="574b6f6d-989c-3073-4252-0f2938f02b70" testName="Azure.Functions.Cli.Tests.ActionsTests.ResolveActionTests.ResolveCommandLineCorrectly(args: &quot;azure set-publish-password userName&quot;, returnType: typeof(Azure.Functions.Cli.Actions.AzureActions.DeprecatedAzureActions))" computerName="NASONI-Z422" duration="00:00:00.0010000" startTime="2019-11-20T16:49:55.9066149-08:00" endTime="2019-11-20T16:49:55.9066179-08:00" testType="13cdc9d9-ddb5-4fa4-a97d-d965ccfc6d4b" outcome="Passed" testListId="8c84fa94-04c1-424b-9868-57a2d4851a1d" relativeResultsDirectory="b792afe9-7318-40e1-81b9-8ac20a73618e" />
    <UnitTestResult executionId="140e200b-598d-486c-b393-1076f613ef23" testId="f45bfa4a-0d9f-47fe-e10c-d3e4e94868ea" testName="Azure.Functions.Cli.Tests.E2E.DurableTests.DurableRewindTest" computerName="NASONI-Z422" duration="00:00:00.0010000" startTime="2019-11-20T16:49:58.6380960-08:00" endTime="2019-11-20T16:49:58.6380999-08:00" testType="13cdc9d9-ddb5-4fa4-a97d-d965ccfc6d4b" outcome="NotExecuted" testListId="8c84fa94-04c1-424b-9868-57a2d4851a1d" relativeResultsDirectory="140e200b-598d-486c-b393-1076f613ef23">
      <Output>
        <StdOut>Durable E2E tests need a storage account connection</StdOut>
      </Output>
    </UnitTestResult>
    <UnitTestResult executionId="4a6eab9f-607a-4e4f-96ce-3c7dd8f721e7" testId="93cf339f-1563-8cec-19f1-a415a1ca088a" testName="Azure.Functions.Cli.Tests.E2E.InitTests.init_ts_app_using_lang" computerName="NASONI-Z422" duration="00:00:00.0030000" startTime="2019-11-20T16:49:56.1093756-08:00" endTime="2019-11-20T16:49:56.1093815-08:00" testType="13cdc9d9-ddb5-4fa4-a97d-d965ccfc6d4b" outcome="Failed" testListId="8c84fa94-04c1-424b-9868-57a2d4851a1d" relativeResultsDirectory="4a6eab9f-607a-4e4f-96ce-3c7dd8f721e7">
      <Output>
        <StdOut>stdout: Running: &gt;  init . --worker-runtime node --language typescript</StdOut>
        <ErrorInfo>
          <Message>System.InvalidOperationException : Cannot start process because a file name has not been provided.</Message>
          <StackTrace>   at System.Diagnostics.Process.Start()&#xD;
   at Azure.Functions.Cli.Common.Executable.RunAsync(Action`1 outputCallback, Action`1 errorCallback, Nullable`1 timeout, String stdIn) in D:\azureFun\azure-functions-core-tools\src\Azure.Functions.Cli\Common\Executable.cs:line 80&#xD;
   at Azure.Functions.Cli.Tests.E2E.Helpers.CliTester.InternalRun(String workingDir, RunConfiguration[] runConfigurations, ITestOutputHelper output, Boolean startHost) in d:\azureFun\azure-functions-core-tools\test\Azure.Functions.Cli.Tests\E2E\Helpers\CliTester.cs:line 85&#xD;
   at Azure.Functions.Cli.Tests.E2E.Helpers.CliTester.Run(RunConfiguration[] runConfigurations, ITestOutputHelper output, String workingDir, Boolean startHost) in d:\azureFun\azure-functions-core-tools\test\Azure.Functions.Cli.Tests\E2E\Helpers\CliTester.cs:line 35&#xD;
--- End of stack trace from previous location where exception was thrown ---</StackTrace>
        </ErrorInfo>
      </Output>
    </UnitTestResult>
    <UnitTestResult executionId="4ca1ebb8-48e6-46aa-8295-2fe6115c857e" testId="64decc6b-b7fe-160f-2c00-b9a1ba342d5c" testName="Azure.Functions.Cli.Tests.ActionsTests.ResolveActionTests.ResolveCommandLineCorrectly(args: &quot;azure functionapp --help&quot;, returnType: typeof(Azure.Functions.Cli.Actions.HelpAction))" computerName="NASONI-Z422" duration="00:00:00.0010000" startTime="2019-11-20T16:49:55.9488306-08:00" endTime="2019-11-20T16:49:55.9488335-08:00" testType="13cdc9d9-ddb5-4fa4-a97d-d965ccfc6d4b" outcome="Passed" testListId="8c84fa94-04c1-424b-9868-57a2d4851a1d" relativeResultsDirectory="4ca1ebb8-48e6-46aa-8295-2fe6115c857e" />
    <UnitTestResult executionId="db6a31c0-f35e-4a1c-8da7-85de14607ac5" testId="cb297182-8b61-50c8-d2e2-3cfe085c978e" testName="Azure.Functions.Cli.Tests.GitIgnoreParserTests.DeniesShouldDenyTheGivenFilenames" computerName="NASONI-Z422" duration="00:00:00.0010000" startTime="2019-11-20T16:49:58.7289301-08:00" endTime="2019-11-20T16:49:58.7289323-08:00" testType="13cdc9d9-ddb5-4fa4-a97d-d965ccfc6d4b" outcome="Passed" testListId="8c84fa94-04c1-424b-9868-57a2d4851a1d" relativeResultsDirectory="db6a31c0-f35e-4a1c-8da7-85de14607ac5" />
    <UnitTestResult executionId="c54dea50-6ff3-4b4a-9f2d-0f024d198802" testId="251a8b14-d748-20b6-c258-9f54a47d59dd" testName="Azure.Functions.Cli.Tests.ExtensionsTests.StringExtensionsTests.TestSanitizeImageNameWithBadFormatSanitizeOutput(input: &quot;GetMessages&quot;, expected: &quot;getmessages&quot;)" computerName="NASONI-Z422" duration="00:00:00.0010000" startTime="2019-11-20T16:49:55.0249397-08:00" endTime="2019-11-20T16:49:55.0249403-08:00" testType="13cdc9d9-ddb5-4fa4-a97d-d965ccfc6d4b" outcome="Passed" testListId="8c84fa94-04c1-424b-9868-57a2d4851a1d" relativeResultsDirectory="c54dea50-6ff3-4b4a-9f2d-0f024d198802" />
    <UnitTestResult executionId="78f405cd-c638-448e-9016-698bfba3de85" testId="32fd11f1-90f8-e21b-1f8a-ed7125fc0efb" testName="Azure.Functions.Cli.Tests.E2E.InitTests.init_docker_only_for_existing_project(workerRuntime: &quot;node&quot;)" computerName="NASONI-Z422" duration="00:00:00.0030000" startTime="2019-11-20T16:49:56.0988645-08:00" endTime="2019-11-20T16:49:56.0988737-08:00" testType="13cdc9d9-ddb5-4fa4-a97d-d965ccfc6d4b" outcome="Failed" testListId="8c84fa94-04c1-424b-9868-57a2d4851a1d" relativeResultsDirectory="78f405cd-c638-448e-9016-698bfba3de85">
      <Output>
        <StdOut>stdout: Running: &gt;  init . --worker-runtime node</StdOut>
        <ErrorInfo>
          <Message>System.InvalidOperationException : Cannot start process because a file name has not been provided.</Message>
          <StackTrace>   at System.Diagnostics.Process.Start()&#xD;
   at Azure.Functions.Cli.Common.Executable.RunAsync(Action`1 outputCallback, Action`1 errorCallback, Nullable`1 timeout, String stdIn) in D:\azureFun\azure-functions-core-tools\src\Azure.Functions.Cli\Common\Executable.cs:line 80&#xD;
   at Azure.Functions.Cli.Tests.E2E.Helpers.CliTester.InternalRun(String workingDir, RunConfiguration[] runConfigurations, ITestOutputHelper output, Boolean startHost) in d:\azureFun\azure-functions-core-tools\test\Azure.Functions.Cli.Tests\E2E\Helpers\CliTester.cs:line 85&#xD;
   at Azure.Functions.Cli.Tests.E2E.Helpers.CliTester.Run(RunConfiguration[] runConfigurations, ITestOutputHelper output, String workingDir, Boolean startHost) in d:\azureFun\azure-functions-core-tools\test\Azure.Functions.Cli.Tests\E2E\Helpers\CliTester.cs:line 35&#xD;
--- End of stack trace from previous location where exception was thrown ---</StackTrace>
        </ErrorInfo>
      </Output>
    </UnitTestResult>
    <UnitTestResult executionId="bcc3f616-7d88-48c7-b621-2d1a62cd5ae2" testId="64553088-4447-d029-5ddd-71bd5cd0aa46" testName="Azure.Functions.Cli.Helpers.Tests.AzureHelperTests.GetFunctionKeyTest(key: &quot;default&quot;, value: &quot;default-value&quot;)" computerName="NASONI-Z422" duration="00:00:00.0730000" startTime="2019-11-20T16:49:58.7139310-08:00" endTime="2019-11-20T16:49:58.7139378-08:00" testType="13cdc9d9-ddb5-4fa4-a97d-d965ccfc6d4b" outcome="Passed" testListId="8c84fa94-04c1-424b-9868-57a2d4851a1d" relativeResultsDirectory="bcc3f616-7d88-48c7-b621-2d1a62cd5ae2" />
    <UnitTestResult executionId="5d41866f-2e34-4a5e-be11-c4c6ecf7895f" testId="0f458aa1-b2a7-ec6b-ca73-2245e2295c8d" testName="Azure.Functions.Cli.Tests.ActionsTests.ResolveActionTests.ResolveCommandLineCorrectly(args: &quot;-v&quot;, returnType: null)" computerName="NASONI-Z422" duration="00:00:00.0010000" startTime="2019-11-20T16:49:55.9394104-08:00" endTime="2019-11-20T16:49:55.9394133-08:00" testType="13cdc9d9-ddb5-4fa4-a97d-d965ccfc6d4b" outcome="Passed" testListId="8c84fa94-04c1-424b-9868-57a2d4851a1d" relativeResultsDirectory="5d41866f-2e34-4a5e-be11-c4c6ecf7895f" />
    <UnitTestResult executionId="338948ce-789f-419c-bd70-4ebb45695ba1" testId="a2d484e5-4918-7da9-1f89-adae87529a89" testName="Azure.Functions.Cli.Tests.ExtensionsTests.InstallExtensionsTests.try_install_with_a_valid_trigger" computerName="NASONI-Z422" duration="00:00:00.0050000" startTime="2019-11-20T16:49:59.3004557-08:00" endTime="2019-11-20T16:49:59.3004619-08:00" testType="13cdc9d9-ddb5-4fa4-a97d-d965ccfc6d4b" outcome="Failed" testListId="8c84fa94-04c1-424b-9868-57a2d4851a1d" relativeResultsDirectory="338948ce-789f-419c-bd70-4ebb45695ba1">
      <Output>
        <StdOut>Creating host json without bundles C:\Users\nasoni\AppData\Local\Temp\y122ofdv.kub\host.json&#xD;
stdout: Running: &gt;  init . --worker-runtime node</StdOut>
        <ErrorInfo>
          <Message>System.InvalidOperationException : Cannot start process because a file name has not been provided.</Message>
          <StackTrace>   at System.Diagnostics.Process.Start()&#xD;
   at Azure.Functions.Cli.Common.Executable.RunAsync(Action`1 outputCallback, Action`1 errorCallback, Nullable`1 timeout, String stdIn) in D:\azureFun\azure-functions-core-tools\src\Azure.Functions.Cli\Common\Executable.cs:line 80&#xD;
   at Azure.Functions.Cli.Tests.E2E.Helpers.CliTester.InternalRun(String workingDir, RunConfiguration[] runConfigurations, ITestOutputHelper output, Boolean startHost) in d:\azureFun\azure-functions-core-tools\test\Azure.Functions.Cli.Tests\E2E\Helpers\CliTester.cs:line 85&#xD;
   at Azure.Functions.Cli.Tests.E2E.Helpers.CliTester.Run(RunConfiguration[] runConfigurations, ITestOutputHelper output, String workingDir, Boolean startHost) in d:\azureFun\azure-functions-core-tools\test\Azure.Functions.Cli.Tests\E2E\Helpers\CliTester.cs:line 35&#xD;
--- End of stack trace from previous location where exception was thrown ---</StackTrace>
        </ErrorInfo>
      </Output>
    </UnitTestResult>
    <UnitTestResult executionId="78a96aeb-bf85-4a15-9fdc-b4a6550fec1d" testId="466aaf20-b831-75c4-9896-16bee603351c" testName="Azure.Functions.Cli.Tests.E2E.CreateFunctionTests.create_template_function_dotnet_space_name" computerName="NASONI-Z422" duration="00:00:00.0030000" startTime="2019-11-20T16:49:58.7682285-08:00" endTime="2019-11-20T16:49:58.7682335-08:00" testType="13cdc9d9-ddb5-4fa4-a97d-d965ccfc6d4b" outcome="Failed" testListId="8c84fa94-04c1-424b-9868-57a2d4851a1d" relativeResultsDirectory="78a96aeb-bf85-4a15-9fdc-b4a6550fec1d">
      <Output>
        <StdOut>stdout: Running: &gt;  init . --worker-runtime dotnet</StdOut>
        <ErrorInfo>
          <Message>System.InvalidOperationException : Cannot start process because a file name has not been provided.</Message>
          <StackTrace>   at System.Diagnostics.Process.Start()&#xD;
   at Azure.Functions.Cli.Common.Executable.RunAsync(Action`1 outputCallback, Action`1 errorCallback, Nullable`1 timeout, String stdIn) in D:\azureFun\azure-functions-core-tools\src\Azure.Functions.Cli\Common\Executable.cs:line 80&#xD;
   at Azure.Functions.Cli.Tests.E2E.Helpers.CliTester.InternalRun(String workingDir, RunConfiguration[] runConfigurations, ITestOutputHelper output, Boolean startHost) in d:\azureFun\azure-functions-core-tools\test\Azure.Functions.Cli.Tests\E2E\Helpers\CliTester.cs:line 85&#xD;
   at Azure.Functions.Cli.Tests.E2E.Helpers.CliTester.Run(RunConfiguration[] runConfigurations, ITestOutputHelper output, String workingDir, Boolean startHost) in d:\azureFun\azure-functions-core-tools\test\Azure.Functions.Cli.Tests\E2E\Helpers\CliTester.cs:line 35&#xD;
   at Azure.Functions.Cli.Tests.E2E.CreateFunctionTests.create_template_function_dotnet_space_name() in d:\azureFun\azure-functions-core-tools\test\Azure.Functions.Cli.Tests\E2E\CreateFunctionTests.cs:line 94&#xD;
--- End of stack trace from previous location where exception was thrown ---</StackTrace>
        </ErrorInfo>
      </Output>
    </UnitTestResult>
    <UnitTestResult executionId="52242dbc-f000-43f1-9029-3fcee28c3e65" testId="b19ee685-964c-10d4-832c-25b1de9041e5" testName="Azure.Functions.Cli.Tests.E2E.InitTests.init_managed_dependencies_is_only_supported_in_powershell" computerName="NASONI-Z422" duration="00:00:00.0030000" startTime="2019-11-20T16:49:56.1267129-08:00" endTime="2019-11-20T16:49:56.1267193-08:00" testType="13cdc9d9-ddb5-4fa4-a97d-d965ccfc6d4b" outcome="Failed" testListId="8c84fa94-04c1-424b-9868-57a2d4851a1d" relativeResultsDirectory="52242dbc-f000-43f1-9029-3fcee28c3e65">
      <Output>
        <StdOut>stdout: Running: &gt;  init . --worker-runtime python --managed-dependencies</StdOut>
        <ErrorInfo>
          <Message>System.InvalidOperationException : Cannot start process because a file name has not been provided.</Message>
          <StackTrace>   at System.Diagnostics.Process.Start()&#xD;
   at Azure.Functions.Cli.Common.Executable.RunAsync(Action`1 outputCallback, Action`1 errorCallback, Nullable`1 timeout, String stdIn) in D:\azureFun\azure-functions-core-tools\src\Azure.Functions.Cli\Common\Executable.cs:line 80&#xD;
   at Azure.Functions.Cli.Tests.E2E.Helpers.CliTester.InternalRun(String workingDir, RunConfiguration[] runConfigurations, ITestOutputHelper output, Boolean startHost) in d:\azureFun\azure-functions-core-tools\test\Azure.Functions.Cli.Tests\E2E\Helpers\CliTester.cs:line 85&#xD;
   at Azure.Functions.Cli.Tests.E2E.Helpers.CliTester.Run(RunConfiguration[] runConfigurations, ITestOutputHelper output, String workingDir, Boolean startHost) in d:\azureFun\azure-functions-core-tools\test\Azure.Functions.Cli.Tests\E2E\Helpers\CliTester.cs:line 35&#xD;
--- End of stack trace from previous location where exception was thrown ---</StackTrace>
        </ErrorInfo>
      </Output>
    </UnitTestResult>
    <UnitTestResult executionId="2bf9adc5-9bf3-46c6-bc03-f77ee9004c05" testId="9f3a2bf4-d34a-7d0f-b6e4-9ff26c380ab7" testName="Azure.Functions.Cli.Tests.UriExtensionsTests.IsServerRunningPositiveTest" computerName="NASONI-Z422" duration="00:00:02.3890000" startTime="2019-11-20T16:49:58.6193145-08:00" endTime="2019-11-20T16:49:58.6193208-08:00" testType="13cdc9d9-ddb5-4fa4-a97d-d965ccfc6d4b" outcome="Passed" testListId="8c84fa94-04c1-424b-9868-57a2d4851a1d" relativeResultsDirectory="2bf9adc5-9bf3-46c6-bc03-f77ee9004c05" />
    <UnitTestResult executionId="a28a9b64-078d-47a8-92a4-ccb299e4a564" testId="8ec96d3e-65eb-c14e-7b76-f3ef6618f355" testName="Azure.Functions.Cli.Tests.E2E.StartTests.start_displays_error_on_invalid_function_json" computerName="NASONI-Z422" duration="00:00:00.0040000" startTime="2019-11-20T16:49:56.1918595-08:00" endTime="2019-11-20T16:49:56.1918660-08:00" testType="13cdc9d9-ddb5-4fa4-a97d-d965ccfc6d4b" outcome="Failed" testListId="8c84fa94-04c1-424b-9868-57a2d4851a1d" relativeResultsDirectory="a28a9b64-078d-47a8-92a4-ccb299e4a564">
      <Output>
        <StdOut>stdout: Running: &gt;  init . --worker-runtime node</StdOut>
        <ErrorInfo>
          <Message>System.InvalidOperationException : Cannot start process because a file name has not been provided.</Message>
          <StackTrace>   at System.Diagnostics.Process.Start()&#xD;
   at Azure.Functions.Cli.Common.Executable.RunAsync(Action`1 outputCallback, Action`1 errorCallback, Nullable`1 timeout, String stdIn) in D:\azureFun\azure-functions-core-tools\src\Azure.Functions.Cli\Common\Executable.cs:line 80&#xD;
   at Azure.Functions.Cli.Tests.E2E.Helpers.CliTester.InternalRun(String workingDir, RunConfiguration[] runConfigurations, ITestOutputHelper output, Boolean startHost) in d:\azureFun\azure-functions-core-tools\test\Azure.Functions.Cli.Tests\E2E\Helpers\CliTester.cs:line 85&#xD;
   at Azure.Functions.Cli.Tests.E2E.Helpers.CliTester.Run(RunConfiguration[] runConfigurations, ITestOutputHelper output, String workingDir, Boolean startHost) in d:\azureFun\azure-functions-core-tools\test\Azure.Functions.Cli.Tests\E2E\Helpers\CliTester.cs:line 35&#xD;
   at Azure.Functions.Cli.Tests.E2E.StartTests.start_displays_error_on_invalid_function_json() in d:\azureFun\azure-functions-core-tools\test\Azure.Functions.Cli.Tests\E2E\StartTests.cs:line 110&#xD;
--- End of stack trace from previous location where exception was thrown ---</StackTrace>
        </ErrorInfo>
      </Output>
    </UnitTestResult>
    <UnitTestResult executionId="9b44054a-890c-49ca-9d51-4b08174a4fa3" testId="b1a2a948-2250-d694-4142-c54c04de5db6" testName="Azure.Functions.Cli.Tests.ActionsTests.ResolveActionTests.ResolveCommandLineCorrectly(args: &quot;settings encrypt&quot;, returnType: typeof(Azure.Functions.Cli.Actions.LocalActions.EncryptSettingsAction))" computerName="NASONI-Z422" duration="00:00:00.0020000" startTime="2019-11-20T16:49:55.9194003-08:00" endTime="2019-11-20T16:49:55.9194031-08:00" testType="13cdc9d9-ddb5-4fa4-a97d-d965ccfc6d4b" outcome="Passed" testListId="8c84fa94-04c1-424b-9868-57a2d4851a1d" relativeResultsDirectory="9b44054a-890c-49ca-9d51-4b08174a4fa3" />
    <UnitTestResult executionId="f74b0add-3caa-457b-a416-b6c1479f0aaa" testId="c387f225-0790-f7e1-1cd0-6c7ac67b2543" testName="Azure.Functions.Cli.Tests.E2E.InitTests.init_python_app_twice" computerName="NASONI-Z422" duration="00:00:00.0020000" startTime="2019-11-20T16:49:56.0735117-08:00" endTime="2019-11-20T16:49:56.0735148-08:00" testType="13cdc9d9-ddb5-4fa4-a97d-d965ccfc6d4b" outcome="Failed" testListId="8c84fa94-04c1-424b-9868-57a2d4851a1d" relativeResultsDirectory="f74b0add-3caa-457b-a416-b6c1479f0aaa">
      <Output>
        <StdOut>stdout: Running: &gt;  init "anapp" --worker-runtime python</StdOut>
        <ErrorInfo>
          <Message>System.InvalidOperationException : Cannot start process because a file name has not been provided.</Message>
          <StackTrace>   at System.Diagnostics.Process.Start()&#xD;
   at Azure.Functions.Cli.Common.Executable.RunAsync(Action`1 outputCallback, Action`1 errorCallback, Nullable`1 timeout, String stdIn) in D:\azureFun\azure-functions-core-tools\src\Azure.Functions.Cli\Common\Executable.cs:line 80&#xD;
   at Azure.Functions.Cli.Tests.E2E.Helpers.CliTester.InternalRun(String workingDir, RunConfiguration[] runConfigurations, ITestOutputHelper output, Boolean startHost) in d:\azureFun\azure-functions-core-tools\test\Azure.Functions.Cli.Tests\E2E\Helpers\CliTester.cs:line 85&#xD;
   at Azure.Functions.Cli.Tests.E2E.Helpers.CliTester.Run(RunConfiguration[] runConfigurations, ITestOutputHelper output, String workingDir, Boolean startHost) in d:\azureFun\azure-functions-core-tools\test\Azure.Functions.Cli.Tests\E2E\Helpers\CliTester.cs:line 35&#xD;
--- End of stack trace from previous location where exception was thrown ---</StackTrace>
        </ErrorInfo>
      </Output>
    </UnitTestResult>
    <UnitTestResult executionId="d7ea3f1f-4c7d-4190-8f86-3f354e7abe06" testId="fdc61361-aca6-49a9-194e-62ff1feb1a48" testName="Azure.Functions.Cli.Tests.ActionsTests.ResolveActionTests.ResolveCommandLineCorrectly(args: &quot;azure set-publish-username userName&quot;, returnType: typeof(Azure.Functions.Cli.Actions.AzureActions.DeprecatedAzureActions))" computerName="NASONI-Z422" duration="00:00:00.0010000" startTime="2019-11-20T16:49:56.0196310-08:00" endTime="2019-11-20T16:49:56.0196335-08:00" testType="13cdc9d9-ddb5-4fa4-a97d-d965ccfc6d4b" outcome="Passed" testListId="8c84fa94-04c1-424b-9868-57a2d4851a1d" relativeResultsDirectory="d7ea3f1f-4c7d-4190-8f86-3f354e7abe06" />
    <UnitTestResult executionId="8c061caf-e0fd-4535-8c18-acaa0f959287" testId="a2fc6bf4-45cb-b71d-9969-54743329e6ec" testName="Azure.Functions.Cli.Tests.E2E.CreateFunctionTests.create_typescript_template" computerName="NASONI-Z422" duration="00:00:00.0040000" startTime="2019-11-20T16:49:58.7552589-08:00" endTime="2019-11-20T16:49:58.7552646-08:00" testType="13cdc9d9-ddb5-4fa4-a97d-d965ccfc6d4b" outcome="Failed" testListId="8c84fa94-04c1-424b-9868-57a2d4851a1d" relativeResultsDirectory="8c061caf-e0fd-4535-8c18-acaa0f959287">
      <Output>
        <StdOut>stdout: Running: &gt;  init . --worker-runtime node --language typescript</StdOut>
        <ErrorInfo>
          <Message>System.InvalidOperationException : Cannot start process because a file name has not been provided.</Message>
          <StackTrace>   at System.Diagnostics.Process.Start()&#xD;
   at Azure.Functions.Cli.Common.Executable.RunAsync(Action`1 outputCallback, Action`1 errorCallback, Nullable`1 timeout, String stdIn) in D:\azureFun\azure-functions-core-tools\src\Azure.Functions.Cli\Common\Executable.cs:line 80&#xD;
   at Azure.Functions.Cli.Tests.E2E.Helpers.CliTester.InternalRun(String workingDir, RunConfiguration[] runConfigurations, ITestOutputHelper output, Boolean startHost) in d:\azureFun\azure-functions-core-tools\test\Azure.Functions.Cli.Tests\E2E\Helpers\CliTester.cs:line 85&#xD;
   at Azure.Functions.Cli.Tests.E2E.Helpers.CliTester.Run(RunConfiguration[] runConfigurations, ITestOutputHelper output, String workingDir, Boolean startHost) in d:\azureFun\azure-functions-core-tools\test\Azure.Functions.Cli.Tests\E2E\Helpers\CliTester.cs:line 35&#xD;
   at Azure.Functions.Cli.Tests.E2E.CreateFunctionTests.create_typescript_template() in d:\azureFun\azure-functions-core-tools\test\Azure.Functions.Cli.Tests\E2E\CreateFunctionTests.cs:line 111&#xD;
--- End of stack trace from previous location where exception was thrown ---</StackTrace>
        </ErrorInfo>
      </Output>
    </UnitTestResult>
    <UnitTestResult executionId="25be52dc-1806-4b78-9f09-4fef3ae23c9d" testId="1933ec56-27e4-c95b-c87a-ed7e486a9d13" testName="Azure.Functions.Cli.Tests.GitIgnoreParserTests.DeniesShouldNotDenyUnignoredFilesInIgnoredDirectories" computerName="NASONI-Z422" duration="00:00:00.0070000" startTime="2019-11-20T16:49:58.7219488-08:00" endTime="2019-11-20T16:49:58.7219525-08:00" testType="13cdc9d9-ddb5-4fa4-a97d-d965ccfc6d4b" outcome="Passed" testListId="8c84fa94-04c1-424b-9868-57a2d4851a1d" relativeResultsDirectory="25be52dc-1806-4b78-9f09-4fef3ae23c9d" />
    <UnitTestResult executionId="c3bf9a45-b4bd-409f-a68b-b2835923e555" testId="f226e1a5-9790-1605-0a15-a7d728800caf" testName="Azure.Functions.Cli.Tests.ExtensionsTests.StringExtensionsTests.TestSanitizeImageNameWithBadFormatThrowImageNameFormatException" computerName="NASONI-Z422" duration="00:00:00.0010000" startTime="2019-11-20T16:49:55.0247461-08:00" endTime="2019-11-20T16:49:55.0247470-08:00" testType="13cdc9d9-ddb5-4fa4-a97d-d965ccfc6d4b" outcome="Passed" testListId="8c84fa94-04c1-424b-9868-57a2d4851a1d" relativeResultsDirectory="c3bf9a45-b4bd-409f-a68b-b2835923e555" />
    <UnitTestResult executionId="1a4d4644-cbf5-4588-b01a-f68f41077118" testId="8384cb22-dc4e-52e8-ba1b-1a3a991e8794" testName="Azure.Functions.Cli.Tests.E2E.InitTests.init_with_unknown_worker_runtime" computerName="NASONI-Z422" duration="00:00:00.0030000" startTime="2019-11-20T16:49:56.0767334-08:00" endTime="2019-11-20T16:49:56.0767385-08:00" testType="13cdc9d9-ddb5-4fa4-a97d-d965ccfc6d4b" outcome="Failed" testListId="8c84fa94-04c1-424b-9868-57a2d4851a1d" relativeResultsDirectory="1a4d4644-cbf5-4588-b01a-f68f41077118">
      <Output>
        <StdOut>stdout: Running: &gt;  init . --worker-runtime foo</StdOut>
        <ErrorInfo>
          <Message>System.InvalidOperationException : Cannot start process because a file name has not been provided.</Message>
          <StackTrace>   at System.Diagnostics.Process.Start()&#xD;
   at Azure.Functions.Cli.Common.Executable.RunAsync(Action`1 outputCallback, Action`1 errorCallback, Nullable`1 timeout, String stdIn) in D:\azureFun\azure-functions-core-tools\src\Azure.Functions.Cli\Common\Executable.cs:line 80&#xD;
   at Azure.Functions.Cli.Tests.E2E.Helpers.CliTester.InternalRun(String workingDir, RunConfiguration[] runConfigurations, ITestOutputHelper output, Boolean startHost) in d:\azureFun\azure-functions-core-tools\test\Azure.Functions.Cli.Tests\E2E\Helpers\CliTester.cs:line 85&#xD;
   at Azure.Functions.Cli.Tests.E2E.Helpers.CliTester.Run(RunConfiguration[] runConfigurations, ITestOutputHelper output, String workingDir, Boolean startHost) in d:\azureFun\azure-functions-core-tools\test\Azure.Functions.Cli.Tests\E2E\Helpers\CliTester.cs:line 35&#xD;
--- End of stack trace from previous location where exception was thrown ---</StackTrace>
        </ErrorInfo>
      </Output>
    </UnitTestResult>
    <UnitTestResult executionId="b9c749ad-1ebc-4e4e-8c6b-d10fb31594d6" testId="7a3da497-d5de-74f0-bc82-bc37d352976f" testName="Azure.Functions.Cli.Tests.ActionsTests.ResolveActionTests.ResolveCommandLineCorrectly(args: &quot;init&quot;, returnType: typeof(Azure.Functions.Cli.Actions.LocalActions.InitAction))" computerName="NASONI-Z422" duration="00:00:00.0500000" startTime="2019-11-20T16:49:55.9052598-08:00" endTime="2019-11-20T16:49:55.9052676-08:00" testType="13cdc9d9-ddb5-4fa4-a97d-d965ccfc6d4b" outcome="Passed" testListId="8c84fa94-04c1-424b-9868-57a2d4851a1d" relativeResultsDirectory="b9c749ad-1ebc-4e4e-8c6b-d10fb31594d6" />
    <UnitTestResult executionId="2bf6a50e-57ed-4752-841e-0671a45c5cfd" testId="9e1afe7a-5aee-2dfc-e827-ba25e10b653f" testName="Azure.Functions.Cli.Tests.ActionsTests.ResolveActionTests.ResolveCommandLineCorrectly(args: &quot;azure functionapp fetch appName&quot;, returnType: typeof(Azure.Functions.Cli.Actions.AzureActions.FetchAppSettingsAction))" computerName="NASONI-Z422" duration="00:00:00.0010000" startTime="2019-11-20T16:49:56.0185998-08:00" endTime="2019-11-20T16:49:56.0186022-08:00" testType="13cdc9d9-ddb5-4fa4-a97d-d965ccfc6d4b" outcome="Passed" testListId="8c84fa94-04c1-424b-9868-57a2d4851a1d" relativeResultsDirectory="2bf6a50e-57ed-4752-841e-0671a45c5cfd" />
    <UnitTestResult executionId="abe6f270-d9cd-4b70-abed-d99ff42869ba" testId="aa1df594-40d4-e137-cd98-d22b8508a548" testName="Azure.Functions.Cli.Tests.E2E.StartTests.start_nodejs" computerName="NASONI-Z422" duration="00:00:00.0040000" startTime="2019-11-20T16:49:56.1961682-08:00" endTime="2019-11-20T16:49:56.1961742-08:00" testType="13cdc9d9-ddb5-4fa4-a97d-d965ccfc6d4b" outcome="Failed" testListId="8c84fa94-04c1-424b-9868-57a2d4851a1d" relativeResultsDirectory="abe6f270-d9cd-4b70-abed-d99ff42869ba">
      <Output>
        <StdOut>stdout: Running: &gt;  init . --worker-runtime node</StdOut>
        <ErrorInfo>
          <Message>System.InvalidOperationException : Cannot start process because a file name has not been provided.</Message>
          <StackTrace>   at System.Diagnostics.Process.Start()&#xD;
   at Azure.Functions.Cli.Common.Executable.RunAsync(Action`1 outputCallback, Action`1 errorCallback, Nullable`1 timeout, String stdIn) in D:\azureFun\azure-functions-core-tools\src\Azure.Functions.Cli\Common\Executable.cs:line 80&#xD;
   at Azure.Functions.Cli.Tests.E2E.Helpers.CliTester.InternalRun(String workingDir, RunConfiguration[] runConfigurations, ITestOutputHelper output, Boolean startHost) in d:\azureFun\azure-functions-core-tools\test\Azure.Functions.Cli.Tests\E2E\Helpers\CliTester.cs:line 85&#xD;
   at Azure.Functions.Cli.Tests.E2E.Helpers.CliTester.Run(RunConfiguration[] runConfigurations, ITestOutputHelper output, String workingDir, Boolean startHost) in d:\azureFun\azure-functions-core-tools\test\Azure.Functions.Cli.Tests\E2E\Helpers\CliTester.cs:line 35&#xD;
   at Azure.Functions.Cli.Tests.E2E.StartTests.start_nodejs() in d:\azureFun\azure-functions-core-tools\test\Azure.Functions.Cli.Tests\E2E\StartTests.cs:line 25&#xD;
--- End of stack trace from previous location where exception was thrown ---</StackTrace>
        </ErrorInfo>
      </Output>
    </UnitTestResult>
    <UnitTestResult executionId="f6a6d501-82f9-4bdf-992a-0c39691961ea" testId="b18fbdec-013f-79ea-88e2-b50f8c06118d" testName="Azure.Functions.Cli.Tests.ExtensionsTests.StringExtensionsTests.TestSanitizeImageNameWithBadFormatSanitizeOutput(input: &quot;#So-Pretty !/^Good|'Name{}&quot;, expected: &quot;soprettygoodname&quot;)" computerName="NASONI-Z422" duration="00:00:00.0010000" startTime="2019-11-20T16:49:55.0248654-08:00" endTime="2019-11-20T16:49:55.0248663-08:00" testType="13cdc9d9-ddb5-4fa4-a97d-d965ccfc6d4b" outcome="Passed" testListId="8c84fa94-04c1-424b-9868-57a2d4851a1d" relativeResultsDirectory="f6a6d501-82f9-4bdf-992a-0c39691961ea" />
    <UnitTestResult executionId="e4da987a-c0d4-48b5-a0be-d2afa15bf6b8" testId="5764f792-69e7-c4fc-617c-99c8ae3d7290" testName="Azure.Functions.Cli.Tests.E2E.CreateFunctionTests.create_template_function_sanitization_dotnet" computerName="NASONI-Z422" duration="00:00:00.0050000" startTime="2019-11-20T16:49:58.7599541-08:00" endTime="2019-11-20T16:49:58.7599582-08:00" testType="13cdc9d9-ddb5-4fa4-a97d-d965ccfc6d4b" outcome="Failed" testListId="8c84fa94-04c1-424b-9868-57a2d4851a1d" relativeResultsDirectory="e4da987a-c0d4-48b5-a0be-d2afa15bf6b8">
      <Output>
        <StdOut>stdout: Running: &gt;  init 12n.e.0w-file$ --worker-runtime dotnet</StdOut>
        <ErrorInfo>
          <Message>System.InvalidOperationException : Cannot start process because a file name has not been provided.</Message>
          <StackTrace>   at System.Diagnostics.Process.Start()&#xD;
   at Azure.Functions.Cli.Common.Executable.RunAsync(Action`1 outputCallback, Action`1 errorCallback, Nullable`1 timeout, String stdIn) in D:\azureFun\azure-functions-core-tools\src\Azure.Functions.Cli\Common\Executable.cs:line 80&#xD;
   at Azure.Functions.Cli.Tests.E2E.Helpers.CliTester.InternalRun(String workingDir, RunConfiguration[] runConfigurations, ITestOutputHelper output, Boolean startHost) in d:\azureFun\azure-functions-core-tools\test\Azure.Functions.Cli.Tests\E2E\Helpers\CliTester.cs:line 85&#xD;
   at Azure.Functions.Cli.Tests.E2E.Helpers.CliTester.Run(RunConfiguration[] runConfigurations, ITestOutputHelper output, String workingDir, Boolean startHost) in d:\azureFun\azure-functions-core-tools\test\Azure.Functions.Cli.Tests\E2E\Helpers\CliTester.cs:line 35&#xD;
   at Azure.Functions.Cli.Tests.E2E.CreateFunctionTests.create_template_function_sanitization_dotnet() in d:\azureFun\azure-functions-core-tools\test\Azure.Functions.Cli.Tests\E2E\CreateFunctionTests.cs:line 34&#xD;
--- End of stack trace from previous location where exception was thrown ---</StackTrace>
        </ErrorInfo>
      </Output>
    </UnitTestResult>
    <UnitTestResult executionId="a8c0d3e6-2872-4577-8438-087e637369b4" testId="7b9a8ca7-25e9-5b23-182e-50be49b6bb85" testName="Azure.Functions.Cli.Tests.ExtensionsTests.InstallExtensionsTests.try_install_with_no_valid_trigger" computerName="NASONI-Z422" duration="00:00:00.0030000" startTime="2019-11-20T16:49:59.2948860-08:00" endTime="2019-11-20T16:49:59.2948895-08:00" testType="13cdc9d9-ddb5-4fa4-a97d-d965ccfc6d4b" outcome="Failed" testListId="8c84fa94-04c1-424b-9868-57a2d4851a1d" relativeResultsDirectory="a8c0d3e6-2872-4577-8438-087e637369b4">
      <Output>
        <StdOut>stdout: Running: &gt;  init . --worker-runtime node</StdOut>
        <ErrorInfo>
          <Message>System.InvalidOperationException : Cannot start process because a file name has not been provided.</Message>
          <StackTrace>   at System.Diagnostics.Process.Start()&#xD;
   at Azure.Functions.Cli.Common.Executable.RunAsync(Action`1 outputCallback, Action`1 errorCallback, Nullable`1 timeout, String stdIn) in D:\azureFun\azure-functions-core-tools\src\Azure.Functions.Cli\Common\Executable.cs:line 80&#xD;
   at Azure.Functions.Cli.Tests.E2E.Helpers.CliTester.InternalRun(String workingDir, RunConfiguration[] runConfigurations, ITestOutputHelper output, Boolean startHost) in d:\azureFun\azure-functions-core-tools\test\Azure.Functions.Cli.Tests\E2E\Helpers\CliTester.cs:line 85&#xD;
   at Azure.Functions.Cli.Tests.E2E.Helpers.CliTester.Run(RunConfiguration[] runConfigurations, ITestOutputHelper output, String workingDir, Boolean startHost) in d:\azureFun\azure-functions-core-tools\test\Azure.Functions.Cli.Tests\E2E\Helpers\CliTester.cs:line 35&#xD;
--- End of stack trace from previous location where exception was thrown ---</StackTrace>
        </ErrorInfo>
      </Output>
    </UnitTestResult>
    <UnitTestResult executionId="be57b860-7a4c-498f-8e62-268e63447d34" testId="d3e2b2b4-a0da-2c83-b0d5-a550b30023fe" testName="Azure.Functions.Cli.Tests.E2E.InitTests.init_csx_app" computerName="NASONI-Z422" duration="00:00:00.0030000" startTime="2019-11-20T16:49:56.1202019-08:00" endTime="2019-11-20T16:49:56.1202075-08:00" testType="13cdc9d9-ddb5-4fa4-a97d-d965ccfc6d4b" outcome="Failed" testListId="8c84fa94-04c1-424b-9868-57a2d4851a1d" relativeResultsDirectory="be57b860-7a4c-498f-8e62-268e63447d34">
      <Output>
        <StdOut>stdout: Running: &gt;  init . --worker-runtime dotnet --csx</StdOut>
        <ErrorInfo>
          <Message>System.InvalidOperationException : Cannot start process because a file name has not been provided.</Message>
          <StackTrace>   at System.Diagnostics.Process.Start()&#xD;
   at Azure.Functions.Cli.Common.Executable.RunAsync(Action`1 outputCallback, Action`1 errorCallback, Nullable`1 timeout, String stdIn) in D:\azureFun\azure-functions-core-tools\src\Azure.Functions.Cli\Common\Executable.cs:line 80&#xD;
   at Azure.Functions.Cli.Tests.E2E.Helpers.CliTester.InternalRun(String workingDir, RunConfiguration[] runConfigurations, ITestOutputHelper output, Boolean startHost) in d:\azureFun\azure-functions-core-tools\test\Azure.Functions.Cli.Tests\E2E\Helpers\CliTester.cs:line 85&#xD;
   at Azure.Functions.Cli.Tests.E2E.Helpers.CliTester.Run(RunConfiguration[] runConfigurations, ITestOutputHelper output, String workingDir, Boolean startHost) in d:\azureFun\azure-functions-core-tools\test\Azure.Functions.Cli.Tests\E2E\Helpers\CliTester.cs:line 35&#xD;
--- End of stack trace from previous location where exception was thrown ---</StackTrace>
        </ErrorInfo>
      </Output>
    </UnitTestResult>
    <UnitTestResult executionId="bd74e98d-2e96-41df-8f2c-731855dd61c9" testId="d18982bf-a76e-798d-ff69-36bc2428297a" testName="Azure.Functions.Cli.Tests.ActionsTests.ResolveActionTests.ResolveCommandLineCorrectly(args: &quot;azure get-publish-username&quot;, returnType: typeof(Azure.Functions.Cli.Actions.AzureActions.DeprecatedAzureActions))" computerName="NASONI-Z422" duration="00:00:00.0010000" startTime="2019-11-20T16:49:55.9385533-08:00" endTime="2019-11-20T16:49:55.9385564-08:00" testType="13cdc9d9-ddb5-4fa4-a97d-d965ccfc6d4b" outcome="Passed" testListId="8c84fa94-04c1-424b-9868-57a2d4851a1d" relativeResultsDirectory="bd74e98d-2e96-41df-8f2c-731855dd61c9" />
    <UnitTestResult executionId="d28b15b5-0530-4312-8e33-8103775d913c" testId="c9950969-c15a-bd40-5c28-19b8f7156c09" testName="Azure.Functions.Cli.Tests.E2E.StartTests.start_host_port_in_use" computerName="NASONI-Z422" duration="00:00:00.0050000" startTime="2019-11-20T16:49:56.1826286-08:00" endTime="2019-11-20T16:49:56.1826365-08:00" testType="13cdc9d9-ddb5-4fa4-a97d-d965ccfc6d4b" outcome="Failed" testListId="8c84fa94-04c1-424b-9868-57a2d4851a1d" relativeResultsDirectory="d28b15b5-0530-4312-8e33-8103775d913c">
      <Output>
        <StdOut>stdout: Running: &gt;  init . --worker-runtime node</StdOut>
        <ErrorInfo>
          <Message>System.InvalidOperationException : Cannot start process because a file name has not been provided.</Message>
          <StackTrace>   at System.Diagnostics.Process.Start()&#xD;
   at Azure.Functions.Cli.Common.Executable.RunAsync(Action`1 outputCallback, Action`1 errorCallback, Nullable`1 timeout, String stdIn) in D:\azureFun\azure-functions-core-tools\src\Azure.Functions.Cli\Common\Executable.cs:line 80&#xD;
   at Azure.Functions.Cli.Tests.E2E.Helpers.CliTester.InternalRun(String workingDir, RunConfiguration[] runConfigurations, ITestOutputHelper output, Boolean startHost) in d:\azureFun\azure-functions-core-tools\test\Azure.Functions.Cli.Tests\E2E\Helpers\CliTester.cs:line 85&#xD;
   at Azure.Functions.Cli.Tests.E2E.Helpers.CliTester.Run(RunConfiguration[] runConfigurations, ITestOutputHelper output, String workingDir, Boolean startHost) in d:\azureFun\azure-functions-core-tools\test\Azure.Functions.Cli.Tests\E2E\Helpers\CliTester.cs:line 35&#xD;
   at Azure.Functions.Cli.Tests.E2E.StartTests.start_host_port_in_use() in d:\azureFun\azure-functions-core-tools\test\Azure.Functions.Cli.Tests\E2E\StartTests.cs:line 156&#xD;
--- End of stack trace from previous location where exception was thrown ---</StackTrace>
        </ErrorInfo>
      </Output>
    </UnitTestResult>
    <UnitTestResult executionId="7250c782-38f4-4cfe-b021-94181c3640a0" testId="6d362e3e-2836-8a52-d263-224ae45ba8c7" testName="Azure.Functions.Cli.Tests.PythonHelperTests.InterpreterShouldHaveExecutablePath" computerName="NASONI-Z422" duration="00:00:00.0010000" startTime="2019-11-20T16:49:55.4208763-08:00" endTime="2019-11-20T16:49:55.4208828-08:00" testType="13cdc9d9-ddb5-4fa4-a97d-d965ccfc6d4b" outcome="Failed" testListId="8c84fa94-04c1-424b-9868-57a2d4851a1d" relativeResultsDirectory="7250c782-38f4-4cfe-b021-94181c3640a0">
      <Output>
        <ErrorInfo>
          <Message>System.Exception : Python executable path should not be empty</Message>
          <StackTrace>   at Azure.Functions.Cli.Tests.PythonHelperTests.InterpreterShouldHaveExecutablePath() in d:\azureFun\azure-functions-core-tools\test\Azure.Functions.Cli.Tests\PythonHelperTests.cs:line 24</StackTrace>
        </ErrorInfo>
      </Output>
    </UnitTestResult>
    <UnitTestResult executionId="9616af15-f38f-4199-9603-555030189ac5" testId="84c13452-e24f-8ed6-016d-e7bf1d702b2a" testName="Azure.Functions.Cli.Tests.ActionsTests.ResolveActionTests.ResolveCommandLineCorrectly(args: &quot;&quot;, returnType: typeof(Azure.Functions.Cli.Actions.HelpAction))" computerName="NASONI-Z422" duration="00:00:00.0050000" startTime="2019-11-20T16:49:55.7659677-08:00" endTime="2019-11-20T16:49:55.7659705-08:00" testType="13cdc9d9-ddb5-4fa4-a97d-d965ccfc6d4b" outcome="Passed" testListId="8c84fa94-04c1-424b-9868-57a2d4851a1d" relativeResultsDirectory="9616af15-f38f-4199-9603-555030189ac5" />
    <UnitTestResult executionId="10209305-d887-47b6-a306-05002fff7961" testId="56f9fc01-6787-8410-f691-28be07190400" testName="Azure.Functions.Cli.Tests.E2E.InitTests.init_docker_only_for_csx_project" computerName="NASONI-Z422" duration="00:00:00.0030000" startTime="2019-11-20T16:49:56.0950464-08:00" endTime="2019-11-20T16:49:56.0950523-08:00" testType="13cdc9d9-ddb5-4fa4-a97d-d965ccfc6d4b" outcome="Failed" testListId="8c84fa94-04c1-424b-9868-57a2d4851a1d" relativeResultsDirectory="10209305-d887-47b6-a306-05002fff7961">
      <Output>
        <StdOut>stdout: Running: &gt;  init . --worker-runtime dotnet --csx</StdOut>
        <ErrorInfo>
          <Message>System.InvalidOperationException : Cannot start process because a file name has not been provided.</Message>
          <StackTrace>   at System.Diagnostics.Process.Start()&#xD;
   at Azure.Functions.Cli.Common.Executable.RunAsync(Action`1 outputCallback, Action`1 errorCallback, Nullable`1 timeout, String stdIn) in D:\azureFun\azure-functions-core-tools\src\Azure.Functions.Cli\Common\Executable.cs:line 80&#xD;
   at Azure.Functions.Cli.Tests.E2E.Helpers.CliTester.InternalRun(String workingDir, RunConfiguration[] runConfigurations, ITestOutputHelper output, Boolean startHost) in d:\azureFun\azure-functions-core-tools\test\Azure.Functions.Cli.Tests\E2E\Helpers\CliTester.cs:line 85&#xD;
   at Azure.Functions.Cli.Tests.E2E.Helpers.CliTester.Run(RunConfiguration[] runConfigurations, ITestOutputHelper output, String workingDir, Boolean startHost) in d:\azureFun\azure-functions-core-tools\test\Azure.Functions.Cli.Tests\E2E\Helpers\CliTester.cs:line 35&#xD;
--- End of stack trace from previous location where exception was thrown ---</StackTrace>
        </ErrorInfo>
      </Output>
    </UnitTestResult>
    <UnitTestResult executionId="daa65972-400b-4563-9c0b-a5f83aac0aa3" testId="1bd52704-add6-aba2-e711-716128e7b10b" testName="Azure.Functions.Cli.Tests.KubernetesHelperUnitTests.ValidateKubernetesNames(name: &quot;normalname&quot;, isValid: True)" computerName="NASONI-Z422" duration="00:00:00.0010000" startTime="2019-11-20T16:49:56.1399075-08:00" endTime="2019-11-20T16:49:56.1399083-08:00" testType="13cdc9d9-ddb5-4fa4-a97d-d965ccfc6d4b" outcome="Passed" testListId="8c84fa94-04c1-424b-9868-57a2d4851a1d" relativeResultsDirectory="daa65972-400b-4563-9c0b-a5f83aac0aa3" />
    <UnitTestResult executionId="00163dfa-bfe8-491f-985f-3492b709ac03" testId="c330df6a-d603-100e-6d71-845ec75bd671" testName="Azure.Functions.Cli.Tests.GitIgnoreParserTests.DeniesShouldDenyTheGivenDirectory" computerName="NASONI-Z422" duration="00:00:00.0010000" startTime="2019-11-20T16:49:58.7251523-08:00" endTime="2019-11-20T16:49:58.7251548-08:00" testType="13cdc9d9-ddb5-4fa4-a97d-d965ccfc6d4b" outcome="Passed" testListId="8c84fa94-04c1-424b-9868-57a2d4851a1d" relativeResultsDirectory="00163dfa-bfe8-491f-985f-3492b709ac03" />
    <UnitTestResult executionId="c9cb049a-f6ea-48e5-b602-da2eab3b1170" testId="66f6f242-74b3-6a0b-fa81-2412711abe67" testName="Azure.Functions.Cli.Tests.UriExtensionsTests.IsJsonTest(value: &quot;test&quot;, expected: False)" computerName="NASONI-Z422" duration="00:00:00.0040000" startTime="2019-11-20T16:49:56.2290396-08:00" endTime="2019-11-20T16:49:56.2290443-08:00" testType="13cdc9d9-ddb5-4fa4-a97d-d965ccfc6d4b" outcome="Passed" testListId="8c84fa94-04c1-424b-9868-57a2d4851a1d" relativeResultsDirectory="c9cb049a-f6ea-48e5-b602-da2eab3b1170" />
    <UnitTestResult executionId="5a08d32d-bc5b-4554-bd4f-d79c7d343bf8" testId="e8c5388d-21e7-6efa-364d-9dd6641627ac" testName="Azure.Functions.Cli.Tests.ActionsTests.ResolveActionTests.ResolveCommandLineCorrectly(args: &quot;azure account list&quot;, returnType: typeof(Azure.Functions.Cli.Actions.AzureActions.DeprecatedAzureActions))" computerName="NASONI-Z422" duration="00:00:00.0010000" startTime="2019-11-20T16:49:55.9407078-08:00" endTime="2019-11-20T16:49:55.9407094-08:00" testType="13cdc9d9-ddb5-4fa4-a97d-d965ccfc6d4b" outcome="Passed" testListId="8c84fa94-04c1-424b-9868-57a2d4851a1d" relativeResultsDirectory="5a08d32d-bc5b-4554-bd4f-d79c7d343bf8" />
    <UnitTestResult executionId="2c5baca0-6b5b-4ee5-be92-a5554463296d" testId="ebf99807-6835-8622-f4cc-14a2fe7f032c" testName="Azure.Functions.Cli.Tests.ActionsTests.ResolveActionTests.ResolveCommandLineCorrectly(args: &quot;azure functionapp logstream appName&quot;, returnType: typeof(Azure.Functions.Cli.Actions.AzureActions.LogStreamAction))" computerName="NASONI-Z422" duration="00:00:00.0060000" startTime="2019-11-20T16:49:55.8504104-08:00" endTime="2019-11-20T16:49:55.8504131-08:00" testType="13cdc9d9-ddb5-4fa4-a97d-d965ccfc6d4b" outcome="Passed" testListId="8c84fa94-04c1-424b-9868-57a2d4851a1d" relativeResultsDirectory="2c5baca0-6b5b-4ee5-be92-a5554463296d" />
    <UnitTestResult executionId="08e65bd9-cbf5-4ee3-9544-55dc4c448b3a" testId="b5584b1a-6471-bddd-51b8-b47f4a6ecf7b" testName="Azure.Functions.Cli.Tests.E2E.DurableTests.DurableRaiseEventTest" computerName="NASONI-Z422" duration="00:00:00.0010000" startTime="2019-11-20T16:49:58.6334099-08:00" endTime="2019-11-20T16:49:58.6334124-08:00" testType="13cdc9d9-ddb5-4fa4-a97d-d965ccfc6d4b" outcome="NotExecuted" testListId="8c84fa94-04c1-424b-9868-57a2d4851a1d" relativeResultsDirectory="08e65bd9-cbf5-4ee3-9544-55dc4c448b3a">
      <Output>
        <StdOut>Durable E2E tests need a storage account connection</StdOut>
      </Output>
    </UnitTestResult>
    <UnitTestResult executionId="37b39546-fbbe-4ff6-a508-bef351da5b8a" testId="6dae2e53-06b5-d87a-bd2f-628c0e1a23e8" testName="Azure.Functions.Cli.Tests.ActionsTests.ResolveActionTests.ResolveCommandLineCorrectly(args: &quot;azure storage list&quot;, returnType: typeof(Azure.Functions.Cli.Actions.AzureActions.DeprecatedAzureActions))" computerName="NASONI-Z422" duration="00:00:00.0010000" startTime="2019-11-20T16:49:55.9481487-08:00" endTime="2019-11-20T16:49:55.9481515-08:00" testType="13cdc9d9-ddb5-4fa4-a97d-d965ccfc6d4b" outcome="Passed" testListId="8c84fa94-04c1-424b-9868-57a2d4851a1d" relativeResultsDirectory="37b39546-fbbe-4ff6-a508-bef351da5b8a" />
[...]
[xUnit.net 00:00:07.09]         d:\azureFun\azure-functions-core-tools\test\Azure.Functions.Cli.Tests\E2E\CreateFunctionTests.cs(77,0): at Azure.Functions.Cli.Tests.E2E.CreateFunctionTests.create_template_function_js_no_space_name()&#xD;
[xUnit.net 00:00:07.09]         --- End of stack trace from previous location where exception was thrown ---&#xD;
[xUnit.net 00:00:07.09]       Output:&#xD;
[xUnit.net 00:00:07.09]         stdout: Running: &gt;  init . --worker-runtime node&#xD;
Test 'Azure.Functions.Cli.Tests.E2E.ListFunctionsTests.ListFunctionsWorks' was skipped in the test run.&#xD;
[xUnit.net 00:00:07.60]       System.InvalidOperationException : Cannot start process because a file name has not been provided.&#xD;
[xUnit.net 00:00:07.60]       Stack Trace:&#xD;
[xUnit.net 00:00:07.60]            at System.Diagnostics.Process.Start()&#xD;
[xUnit.net 00:00:07.60]         D:\azureFun\azure-functions-core-tools\src\Azure.Functions.Cli\Common\Executable.cs(80,0): at Azure.Functions.Cli.Common.Executable.RunAsync(Action`1 outputCallback, Action`1 errorCallback, Nullable`1 timeout, String stdIn)&#xD;
[xUnit.net 00:00:07.60]         d:\azureFun\azure-functions-core-tools\test\Azure.Functions.Cli.Tests\E2E\Helpers\CliTester.cs(85,0): at Azure.Functions.Cli.Tests.E2E.Helpers.CliTester.InternalRun(String workingDir, RunConfiguration[] runConfigurations, ITestOutputHelper output, Boolean startHost)&#xD;
[xUnit.net 00:00:07.60]         d:\azureFun\azure-functions-core-tools\test\Azure.Functions.Cli.Tests\E2E\Helpers\CliTester.cs(35,0): at Azure.Functions.Cli.Tests.E2E.Helpers.CliTester.Run(RunConfiguration[] runConfigurations, ITestOutputHelper output, String workingDir, Boolean startHost)&#xD;
[xUnit.net 00:00:07.60]         --- End of stack trace from previous location where exception was thrown ---&#xD;
[xUnit.net 00:00:07.60]       Output:&#xD;
[xUnit.net 00:00:07.60]         stdout: Running: &gt;  init . --worker-runtime node&#xD;
[xUnit.net 00:00:07.61]       System.InvalidOperationException : Cannot start process because a file name has not been provided.&#xD;
[xUnit.net 00:00:07.61]       Stack Trace:&#xD;
[xUnit.net 00:00:07.61]            at System.Diagnostics.Process.Start()&#xD;
[xUnit.net 00:00:07.61]         D:\azureFun\azure-functions-core-tools\src\Azure.Functions.Cli\Common\Executable.cs(80,0): at Azure.Functions.Cli.Common.Executable.RunAsync(Action`1 outputCallback, Action`1 errorCallback, Nullable`1 timeout, String stdIn)&#xD;
[xUnit.net 00:00:07.61]         d:\azureFun\azure-functions-core-tools\test\Azure.Functions.Cli.Tests\E2E\Helpers\CliTester.cs(85,0): at Azure.Functions.Cli.Tests.E2E.Helpers.CliTester.InternalRun(String workingDir, RunConfiguration[] runConfigurations, ITestOutputHelper output, Boolean startHost)&#xD;
[xUnit.net 00:00:07.61]         d:\azureFun\azure-functions-core-tools\test\Azure.Functions.Cli.Tests\E2E\Helpers\CliTester.cs(35,0): at Azure.Functions.Cli.Tests.E2E.Helpers.CliTester.Run(RunConfiguration[] runConfigurations, ITestOutputHelper output, String workingDir, Boolean startHost)&#xD;
[xUnit.net 00:00:07.61]         --- End of stack trace from previous location where exception was thrown ---&#xD;
[xUnit.net 00:00:07.61]       Output:&#xD;
[xUnit.net 00:00:07.61]         Creating host json without bundles C:\Users\nasoni\AppData\Local\Temp\y122ofdv.kub\host.json&#xD;
[xUnit.net 00:00:07.61]         stdout: Running: &gt;  init . --worker-runtime node&#xD;
[xUnit.net 00:00:07.61]       System.InvalidOperationException : Cannot start process because a file name has not been provided.&#xD;
[xUnit.net 00:00:07.61]       Stack Trace:&#xD;
[xUnit.net 00:00:07.61]            at System.Diagnostics.Process.Start()&#xD;
[xUnit.net 00:00:07.61]         D:\azureFun\azure-functions-core-tools\src\Azure.Functions.Cli\Common\Executable.cs(80,0): at Azure.Functions.Cli.Common.Executable.RunAsync(Action`1 outputCallback, Action`1 errorCallback, Nullable`1 timeout, String stdIn)&#xD;
[xUnit.net 00:00:07.61]         d:\azureFun\azure-functions-core-tools\test\Azure.Functions.Cli.Tests\E2E\Helpers\CliTester.cs(85,0): at Azure.Functions.Cli.Tests.E2E.Helpers.CliTester.InternalRun(String workingDir, RunConfiguration[] runConfigurations, ITestOutputHelper output, Boolean startHost)&#xD;
[xUnit.net 00:00:07.61]         d:\azureFun\azure-functions-core-tools\test\Azure.Functions.Cli.Tests\E2E\Helpers\CliTester.cs(35,0): at Azure.Functions.Cli.Tests.E2E.Helpers.CliTester.Run(RunConfiguration[] runConfigurations, ITestOutputHelper output, String workingDir, Boolean startHost)&#xD;
[xUnit.net 00:00:07.61]         --- End of stack trace from previous location where exception was thrown ---&#xD;
[xUnit.net 00:00:07.61]       Output:&#xD;
[xUnit.net 00:00:07.61]         stdout: Running: &gt;  init . --worker-runtime node&#xD;
[xUnit.net 00:00:07.66]   Finished:    Azure.Functions.Cli.Tests&#xD;
</StdOut>
    </Output>
    <RunInfos>
      <RunInfo computerName="NASONI-Z422" outcome="Error" timestamp="2019-11-20T16:49:55.4233980-08:00">
        <Text>[xUnit.net 00:00:03.72]     Azure.Functions.Cli.Tests.PythonHelperTests.InterpreterShouldHaveExecutablePath [FAIL]</Text>
      </RunInfo>
      <RunInfo computerName="NASONI-Z422" outcome="Error" timestamp="2019-11-20T16:49:55.4263506-08:00">
        <Text>[xUnit.net 00:00:03.73]     Azure.Functions.Cli.Tests.PythonHelperTests.InterpreterShouldHaveMajorVersion [FAIL]</Text>
      </RunInfo>
      <RunInfo computerName="NASONI-Z422" outcome="Error" timestamp="2019-11-20T16:49:56.0537011-08:00">
        <Text>[xUnit.net 00:00:04.36]     Azure.Functions.Cli.Tests.E2E.InitTests.init_dotnet_app [FAIL]</Text>
      </RunInfo>
      <RunInfo computerName="NASONI-Z422" outcome="Error" timestamp="2019-11-20T16:49:56.0567882-08:00">
        <Text>[xUnit.net 00:00:04.36]     Azure.Functions.Cli.Tests.E2E.InitTests.init_with_no_source_control [FAIL]</Text>
      </RunInfo>
      <RunInfo computerName="NASONI-Z422" outcome="Error" timestamp="2019-11-20T16:49:56.0594443-08:00">
        <Text>[xUnit.net 00:00:04.36]     Azure.Functions.Cli.Tests.E2E.InitTests.init_app_with_spaces [FAIL]</Text>
      </RunInfo>
      <RunInfo computerName="NASONI-Z422" outcome="Error" timestamp="2019-11-20T16:49:56.0623238-08:00">
        <Text>[xUnit.net 00:00:04.37]     Azure.Functions.Cli.Tests.E2E.InitTests.init_ts_app_using_runtime [FAIL]</Text>
      </RunInfo>
      <RunInfo computerName="NASONI-Z422" outcome="Error" timestamp="2019-11-20T16:49:56.0651908-08:00">
        <Text>[xUnit.net 00:00:04.37]     Azure.Functions.Cli.Tests.E2E.InitTests.init_with_Dockerfile(workerRuntime: "node") [FAIL]</Text>
      </RunInfo>
      <RunInfo computerName="NASONI-Z422" outcome="Error" timestamp="2019-11-20T16:49:56.0679025-08:00">
        <Text>[xUnit.net 00:00:04.37]     Azure.Functions.Cli.Tests.E2E.InitTests.init_with_Dockerfile(workerRuntime: "powershell") [FAIL]</Text>
      </RunInfo>
      <RunInfo computerName="NASONI-Z422" outcome="Error" timestamp="2019-11-20T16:49:56.0704096-08:00">
        <Text>[xUnit.net 00:00:04.38]     Azure.Functions.Cli.Tests.E2E.InitTests.init_with_Dockerfile(workerRuntime: "dotnet") [FAIL]</Text>
      </RunInfo>
      <RunInfo computerName="NASONI-Z422" outcome="Error" timestamp="2019-11-20T16:49:56.0731941-08:00">
        <Text>[xUnit.net 00:00:04.38]     Azure.Functions.Cli.Tests.E2E.InitTests.init_python_app_twice [FAIL]</Text>
      </RunInfo>
      <RunInfo computerName="NASONI-Z422" outcome="Error" timestamp="2019-11-20T16:49:56.0764168-08:00">
        <Text>[xUnit.net 00:00:04.38]     Azure.Functions.Cli.Tests.E2E.InitTests.init_with_unknown_worker_runtime [FAIL]</Text>
      </RunInfo>
      <RunInfo computerName="NASONI-Z422" outcome="Error" timestamp="2019-11-20T16:49:56.1531300-08:00">
        <Text>[xUnit.net 00:00:04.39]     Azure.Functions.Cli.Tests.E2E.InitTests.init_with_worker_runtime(workerRuntime: "python") [FAIL]</Text>
      </RunInfo>
      <RunInfo computerName="NASONI-Z422" outcome="Error" timestamp="2019-11-20T16:49:56.1542031-08:00">
        <Text>[xUnit.net 00:00:04.39]     Azure.Functions.Cli.Tests.E2E.InitTests.init_with_worker_runtime(workerRuntime: "java") [FAIL]</Text>
      </RunInfo>
      <RunInfo computerName="NASONI-Z422" outcome="Error" timestamp="2019-11-20T16:49:56.1553715-08:00">
        <Text>[xUnit.net 00:00:04.39]     Azure.Functions.Cli.Tests.E2E.InitTests.init_with_worker_runtime(workerRuntime: "node") [FAIL]</Text>
      </RunInfo>
      <RunInfo computerName="NASONI-Z422" outcome="Error" timestamp="2019-11-20T16:49:56.1565447-08:00">
        <Text>[xUnit.net 00:00:04.40]     Azure.Functions.Cli.Tests.E2E.InitTests.javascript_adds_packagejson [FAIL]</Text>
      </RunInfo>
      <RunInfo computerName="NASONI-Z422" outcome="Error" timestamp="2019-11-20T16:49:56.1585391-08:00">
        <Text>[xUnit.net 00:00:04.40]     Azure.Functions.Cli.Tests.E2E.InitTests.init_docker_only_for_csx_project [FAIL]</Text>
      </RunInfo>
      <RunInfo computerName="NASONI-Z422" outcome="Error" timestamp="2019-11-20T16:49:56.1603505-08:00">
        <Text>[xUnit.net 00:00:04.40]     Azure.Functions.Cli.Tests.E2E.InitTests.init_docker_only_for_existing_project(workerRuntime: "node") [FAIL]</Text>
      </RunInfo>
      <RunInfo computerName="NASONI-Z422" outcome="Error" timestamp="2019-11-20T16:49:56.1621642-08:00">
        <Text>[xUnit.net 00:00:04.41]     Azure.Functions.Cli.Tests.E2E.InitTests.init_docker_only_for_existing_project(workerRuntime: "powershell") [FAIL]</Text>
      </RunInfo>
      <RunInfo computerName="NASONI-Z422" outcome="Error" timestamp="2019-11-20T16:49:56.1634906-08:00">
        <Text>[xUnit.net 00:00:04.41]     Azure.Functions.Cli.Tests.E2E.InitTests.init_docker_only_for_existing_project(workerRuntime: "dotnet") [FAIL]</Text>
      </RunInfo>
      <RunInfo computerName="NASONI-Z422" outcome="Error" timestamp="2019-11-20T16:49:56.1646617-08:00">
        <Text>[xUnit.net 00:00:04.41]     Azure.Functions.Cli.Tests.E2E.InitTests.init_ts_app_using_lang [FAIL]</Text>
      </RunInfo>
      <RunInfo computerName="NASONI-Z422" outcome="Error" timestamp="2019-11-20T16:49:56.2395076-08:00">
        <Text>[xUnit.net 00:00:04.42]     Azure.Functions.Cli.Tests.E2E.InitTests.init_function_app_powershell_supports_managed_dependencies [FAIL]</Text>
      </RunInfo>
      <RunInfo computerName="NASONI-Z422" outcome="Error" timestamp="2019-11-20T16:49:56.2410997-08:00">
        <Text>[xUnit.net 00:00:04.42]     Azure.Functions.Cli.Tests.E2E.InitTests.init_docker_only_no_project [FAIL]</Text>
      </RunInfo>
      <RunInfo computerName="NASONI-Z422" outcome="Error" timestamp="2019-11-20T16:49:56.2424179-08:00">
        <Text>[xUnit.net 00:00:04.43]     Azure.Functions.Cli.Tests.E2E.InitTests.init_csx_app [FAIL]</Text>
      </RunInfo>
      <RunInfo computerName="NASONI-Z422" outcome="Error" timestamp="2019-11-20T16:49:56.2439490-08:00">
        <Text>[xUnit.net 00:00:04.43]     Azure.Functions.Cli.Tests.E2E.InitTests.init_with_Dockerfile_for_csx [FAIL]</Text>
      </RunInfo>
      <RunInfo computerName="NASONI-Z422" outcome="Error" timestamp="2019-11-20T16:49:56.2456009-08:00">
        <Text>[xUnit.net 00:00:04.43]     Azure.Functions.Cli.Tests.E2E.InitTests.init_managed_dependencies_is_only_supported_in_powershell [FAIL]</Text>
      </RunInfo>
      <RunInfo computerName="NASONI-Z422" outcome="Error" timestamp="2019-11-20T16:49:56.2469364-08:00">
        <Text>[xUnit.net 00:00:04.44]     Azure.Functions.Cli.Tests.E2E.InitTests.init_with_python_Dockerfile [FAIL]</Text>
      </RunInfo>
      <RunInfo computerName="NASONI-Z422" outcome="Error" timestamp="2019-11-20T16:49:56.2943838-08:00">
        <Text>[xUnit.net 00:00:04.47]     Azure.Functions.Cli.Tests.E2E.SettingsTests.add_setting_encrypted [FAIL]</Text>
      </RunInfo>
      <RunInfo computerName="NASONI-Z422" outcome="Error" timestamp="2019-11-20T16:49:56.2960930-08:00">
        <Text>[xUnit.net 00:00:04.47]     Azure.Functions.Cli.Tests.E2E.SettingsTests.add_setting_plain_text [FAIL]</Text>
      </RunInfo>
      <RunInfo computerName="NASONI-Z422" outcome="Error" timestamp="2019-11-20T16:49:56.2975051-08:00">
        <Text>[xUnit.net 00:00:04.49]     Azure.Functions.Cli.Tests.E2E.StartTests.start_host_port_in_use [FAIL]</Text>
      </RunInfo>
      <RunInfo computerName="NASONI-Z422" outcome="Error" timestamp="2019-11-20T16:49:56.2988069-08:00">
        <Text>[xUnit.net 00:00:04.49]     Azure.Functions.Cli.Tests.E2E.StartTests.start_powershell [FAIL]</Text>
      </RunInfo>
      <RunInfo computerName="NASONI-Z422" outcome="Error" timestamp="2019-11-20T16:49:56.3333892-08:00">
        <Text>[xUnit.net 00:00:04.50]     Azure.Functions.Cli.Tests.E2E.StartTests.start_displays_error_on_invalid_function_json [FAIL]</Text>
      </RunInfo>
      <RunInfo computerName="NASONI-Z422" outcome="Error" timestamp="2019-11-20T16:49:56.3347413-08:00">
        <Text>[xUnit.net 00:00:04.50]     Azure.Functions.Cli.Tests.E2E.StartTests.start_nodejs [FAIL]</Text>
      </RunInfo>
      <RunInfo computerName="NASONI-Z422" outcome="Error" timestamp="2019-11-20T16:49:56.3358688-08:00">
        <Text>[xUnit.net 00:00:04.51]     Azure.Functions.Cli.Tests.E2E.StartTests.start_nodejs_with_inspect [FAIL]</Text>
      </RunInfo>
      <RunInfo computerName="NASONI-Z422" outcome="Error" timestamp="2019-11-20T16:49:56.3369876-08:00">
        <Text>[xUnit.net 00:00:04.51]     Azure.Functions.Cli.Tests.E2E.StartTests.start_dotnet_csharp [FAIL]</Text>
      </RunInfo>
      <RunInfo computerName="NASONI-Z422" outcome="Error" timestamp="2019-11-20T16:49:56.3388073-08:00">
        <Text>[xUnit.net 00:00:04.52]     Azure.Functions.Cli.Tests.E2E.StartTests.start_handles_empty_envvars_correctly [FAIL]</Text>
      </RunInfo>
      <RunInfo computerName="NASONI-Z422" outcome="Error" timestamp="2019-11-20T16:49:56.3406973-08:00">
        <Text>[xUnit.net 00:00:04.53]     Azure.Functions.Cli.Tests.E2E.StartTests.only_run_some_functions [FAIL]</Text>
      </RunInfo>
      <RunInfo computerName="NASONI-Z422" outcome="Warning" timestamp="2019-11-20T16:49:58.6271761-08:00">
        <Text>[xUnit.net 00:00:06.93]     Azure.Functions.Cli.Tests.E2E.DurableTests.DurableStartNewTest_FileInput [SKIP]</Text>
      </RunInfo>
      <RunInfo computerName="NASONI-Z422" outcome="Warning" timestamp="2019-11-20T16:49:58.6282841-08:00">
        <Text>[xUnit.net 00:00:06.93]     Azure.Functions.Cli.Tests.E2E.DurableTests.DurableRaiseEventTest_FileInput [SKIP]</Text>
      </RunInfo>
      <RunInfo computerName="NASONI-Z422" outcome="Warning" timestamp="2019-11-20T16:49:58.6295008-08:00">
        <Text>[xUnit.net 00:00:06.93]     Azure.Functions.Cli.Tests.E2E.DurableTests.DurableTerminateTest [SKIP]</Text>
      </RunInfo>
      <RunInfo computerName="NASONI-Z422" outcome="Warning" timestamp="2019-11-20T16:49:58.6305645-08:00">
        <Text>[xUnit.net 00:00:06.94]     Azure.Functions.Cli.Tests.E2E.DurableTests.DurableStartNewTest [SKIP]</Text>
      </RunInfo>
      <RunInfo computerName="NASONI-Z422" outcome="Warning" timestamp="2019-11-20T16:49:58.6318809-08:00">
        <Text>[xUnit.net 00:00:06.94]     Azure.Functions.Cli.Tests.E2E.DurableTests.DurableDeleteTaskHubTest [SKIP]</Text>
      </RunInfo>
      <RunInfo computerName="NASONI-Z422" outcome="Warning" timestamp="2019-11-20T16:49:58.6336099-08:00">
        <Text>[xUnit.net 00:00:06.94]     Azure.Functions.Cli.Tests.E2E.DurableTests.DurableRaiseEventTest [SKIP]</Text>
      </RunInfo>
      <RunInfo computerName="NASONI-Z422" outcome="Warning" timestamp="2019-11-20T16:49:58.6351847-08:00">
        <Text>[xUnit.net 00:00:06.94]     Azure.Functions.Cli.Tests.E2E.DurableTests.DurablePurgeHistoryTest [SKIP]</Text>
      </RunInfo>
      <RunInfo computerName="NASONI-Z422" outcome="Warning" timestamp="2019-11-20T16:49:58.6461011-08:00">
        <Text>[xUnit.net 00:00:06.94]     Azure.Functions.Cli.Tests.E2E.DurableTests.DurableGetInstancesTest [SKIP]</Text>
      </RunInfo>
      <RunInfo computerName="NASONI-Z422" outcome="Warning" timestamp="2019-11-20T16:49:58.6478619-08:00">
        <Text>[xUnit.net 00:00:06.94]     Azure.Functions.Cli.Tests.E2E.DurableTests.DurableRewindTest [SKIP]</Text>
      </RunInfo>
      <RunInfo computerName="NASONI-Z422" outcome="Warning" timestamp="2019-11-20T16:49:58.6496303-08:00">
        <Text>[xUnit.net 00:00:06.95]     Azure.Functions.Cli.Tests.E2E.DurableTests.DurableGetHistoryTest [SKIP]</Text>
      </RunInfo>
      <RunInfo computerName="NASONI-Z422" outcome="Warning" timestamp="2019-11-20T16:49:58.6510272-08:00">
        <Text>[xUnit.net 00:00:06.95]     Azure.Functions.Cli.Tests.E2E.DurableTests.DurableGetRuntimeStatusTest [SKIP]</Text>
      </RunInfo>
      <RunInfo computerName="NASONI-Z422" outcome="Warning" timestamp="2019-11-20T16:49:58.7494687-08:00">
        <Text>[xUnit.net 00:00:07.05]     Azure.Functions.Cli.Tests.E2E.ListFunctionsTests.ListFunctionsWorks [SKIP]</Text>
      </RunInfo>
      <RunInfo computerName="NASONI-Z422" outcome="Error" timestamp="2019-11-20T16:49:58.7547740-08:00">
        <Text>[xUnit.net 00:00:07.06]     Azure.Functions.Cli.Tests.E2E.CreateFunctionTests.create_typescript_template [FAIL]</Text>
      </RunInfo>
      <RunInfo computerName="NASONI-Z422" outcome="Error" timestamp="2019-11-20T16:49:58.7595105-08:00">
        <Text>[xUnit.net 00:00:07.06]     Azure.Functions.Cli.Tests.E2E.CreateFunctionTests.create_template_function_sanitization_dotnet [FAIL]</Text>
      </RunInfo>
      <RunInfo computerName="NASONI-Z422" outcome="Error" timestamp="2019-11-20T16:49:58.7639742-08:00">
        <Text>[xUnit.net 00:00:07.07]     Azure.Functions.Cli.Tests.E2E.CreateFunctionTests.create_typescript_template_blob [FAIL]</Text>
      </RunInfo>
      <RunInfo computerName="NASONI-Z422" outcome="Error" timestamp="2019-11-20T16:49:58.7677893-08:00">
        <Text>[xUnit.net 00:00:07.07]     Azure.Functions.Cli.Tests.E2E.CreateFunctionTests.create_template_function_dotnet_space_name [FAIL]</Text>
      </RunInfo>
      <RunInfo computerName="NASONI-Z422" outcome="Error" timestamp="2019-11-20T16:49:58.7720550-08:00">
        <Text>[xUnit.net 00:00:07.08]     Azure.Functions.Cli.Tests.E2E.CreateFunctionTests.create_template_function_success_message [FAIL]</Text>
      </RunInfo>
      <RunInfo computerName="NASONI-Z422" outcome="Error" timestamp="2019-11-20T16:49:58.7758289-08:00">
        <Text>[xUnit.net 00:00:07.08]     Azure.Functions.Cli.Tests.E2E.CreateFunctionTests.create_template_function_using_alias [FAIL]</Text>
      </RunInfo>
      <RunInfo computerName="NASONI-Z422" outcome="Error" timestamp="2019-11-20T16:49:58.7798248-08:00">
        <Text>[xUnit.net 00:00:07.09]     Azure.Functions.Cli.Tests.E2E.CreateFunctionTests.create_template_function_js_no_space_name [FAIL]</Text>
      </RunInfo>
      <RunInfo computerName="NASONI-Z422" outcome="Error" timestamp="2019-11-20T16:49:59.2948115-08:00">
        <Text>[xUnit.net 00:00:07.60]     Azure.Functions.Cli.Tests.ExtensionsTests.InstallExtensionsTests.try_install_with_no_valid_trigger [FAIL]</Text>
      </RunInfo>
      <RunInfo computerName="NASONI-Z422" outcome="Error" timestamp="2019-11-20T16:49:59.3000067-08:00">
        <Text>[xUnit.net 00:00:07.61]     Azure.Functions.Cli.Tests.ExtensionsTests.InstallExtensionsTests.try_install_with_a_valid_trigger [FAIL]</Text>
      </RunInfo>
      <RunInfo computerName="NASONI-Z422" outcome="Error" timestamp="2019-11-20T16:49:59.3031500-08:00">
        <Text>[xUnit.net 00:00:07.61]     Azure.Functions.Cli.Tests.ExtensionsTests.InstallExtensionsTests.bundlesconfiguredbydefault_no_action [FAIL]</Text>
      </RunInfo>
    </RunInfos>
  </ResultSummary>
</TestRun>